Determining if the function fseeko exists failed with the following output:
Change Dir: C:/whitecat_crossplateform/lib/libsource/allegro4.4.2_sources_dep/allegro4.4.2_sources_dep/zlib/build/CMakeFiles/CMakeTmp

Run Build Command:C:/MinGW/bin/mingw32-make.exe "cmTryCompileExec1416687321/fast"
C:/MinGW/bin/mingw32-make.exe -f CMakeFiles\cmTryCompileExec1416687321.dir\build.make CMakeFiles/cmTryCompileExec1416687321.dir/build
mingw32-make.exe[1]: Entering directory 'C:/whitecat_crossplateform/lib/libsource/allegro4.4.2_sources_dep/allegro4.4.2_sources_dep/zlib/build/CMakeFiles/CMakeTmp'
"C:\Program Files (x86)\CMake 2.8\bin\cmake.exe" -E cmake_progress_report C:\whitecat_crossplateform\lib\libsource\allegro4.4.2_sources_dep\allegro4.4.2_sources_dep\zlib\build\CMakeFiles\CMakeTmp\CMakeFiles 1
Building C object CMakeFiles/cmTryCompileExec1416687321.dir/CheckFunctionExists.c.obj
C:\MinGW\bin\gcc.exe   -DCHECK_FUNCTION_EXISTS=fseeko   -o CMakeFiles\cmTryCompileExec1416687321.dir\CheckFunctionExists.c.obj   -c "C:\Program Files (x86)\CMake 2.8\share\cmake-2.8\Modules\CheckFunctionExists.c"
Linking C executable cmTryCompileExec1416687321.exe
"C:\Program Files (x86)\CMake 2.8\bin\cmake.exe" -E cmake_link_script CMakeFiles\cmTryCompileExec1416687321.dir\link.txt --verbose=1
"C:\Program Files (x86)\CMake 2.8\bin\cmake.exe" -E remove -f CMakeFiles\cmTryCompileExec1416687321.dir/objects.a
C:\MinGW\bin\ar.exe cr CMakeFiles\cmTryCompileExec1416687321.dir/objects.a @CMakeFiles\cmTryCompileExec1416687321.dir\objects1.rsp
C:\MinGW\bin\gcc.exe   -DCHECK_FUNCTION_EXISTS=fseeko    -Wl,--whole-archive CMakeFiles\cmTryCompileExec1416687321.dir/objects.a -Wl,--no-whole-archive  -o cmTryCompileExec1416687321.exe -Wl,--out-implib,libcmTryCompileExec1416687321.dll.a -Wl,--major-image-version,0,--minor-image-version,0  -lkernel32 -luser32 -lgdi32 -lwinspool -lshell32 -lole32 -loleaut32 -luuid -lcomdlg32 -ladvapi32 
CMakeFiles\cmTryCompileExec1416687321.dir/objects.a(CheckFunctionExists.c.obj):CheckFunctionExists.c:(.text+0xc): undefined reference to `fseeko'
collect2.exe: error: ld returned 1 exit status
CMakeFiles\cmTryCompileExec1416687321.dir\build.make:91: recipe for target 'cmTryCompileExec1416687321.exe' failed
mingw32-make.exe[1]: *** [cmTryCompileExec1416687321.exe] Error 1
mingw32-make.exe[1]: Leaving directory 'C:/whitecat_crossplateform/lib/libsource/allegro4.4.2_sources_dep/allegro4.4.2_sources_dep/zlib/build/CMakeFiles/CMakeTmp'
Makefile:116: recipe for target 'cmTryCompileExec1416687321/fast' failed
mingw32-make.exe: *** [cmTryCompileExec1416687321/fast] Error 2


