This file contains any messages produced by compilers while
running configure, to aid debugging if configure makes a mistake.

It was created by libpng configure 1.6.2, which was
generated by GNU Autoconf 2.69.  Invocation command line was

  $ ./configure --prefix=/c/mingw/bin/libpng

## --------- ##
## Platform. ##
## --------- ##

hostname = Utilisateur-PC
uname -m = i686
uname -r = 1.0.18(0.48/3/2)
uname -s = MINGW32_NT-6.1
uname -v = 2012-11-21 22:34

/usr/bin/uname -p = unknown
/bin/uname -X     = unknown

/bin/arch              = unknown
/usr/bin/arch -k       = unknown
/usr/convex/getsysinfo = unknown
/usr/bin/hostinfo      = unknown
/bin/machine           = unknown
/usr/bin/oslevel       = unknown
/bin/universe          = unknown

PATH: .
PATH: /usr/local/bin
PATH: /mingw/bin
PATH: /bin
PATH: /c/MinGW/bin
PATH: /c/Windows/system32
PATH: /c/Program Files (x86)/CMake 2.8/bin
PATH: /c/Program Files/TortoiseGit/bin


## ----------- ##
## Core tests. ##
## ----------- ##

configure:2283: checking for a BSD-compatible install
configure:2351: result: /bin/install -c
configure:2362: checking whether build environment is sane
configure:2417: result: yes
configure:2568: checking for a thread-safe mkdir -p
configure:2607: result: /bin/mkdir -p
configure:2614: checking for gawk
configure:2630: found /bin/gawk
configure:2641: result: gawk
configure:2652: checking whether make sets $(MAKE)
configure:2674: result: yes
configure:2703: checking whether make supports nested variables
configure:2720: result: yes
configure:2803: checking whether to enable maintainer-specific portions of Makefiles
configure:2812: result: no
configure:2892: checking for gcc
configure:2908: found /bin/gcc
configure:2919: result: gcc
configure:3148: checking for C compiler version
configure:3157: gcc --version >&5
gcc (GCC) 3.4.4 (msys special)
Copyright (C) 2004 Free Software Foundation, Inc.
This is free software; see the source for copying conditions.  There is NO
warranty; not even for MERCHANTABILITY or FITNESS FOR A PARTICULAR PURPOSE.

configure:3168: $? = 0
configure:3157: gcc -v >&5
Reading specs from /usr/lib/gcc/i686-pc-msys/3.4.4/specs
Configured with: /home/cstrauss/build/gcc3/gcc-3.4.4/configure --prefix=/usr --sysconfdir=/etc --localstatedir=/var --infodir=/share/info --mandir=/share/man --libexecdir=/lib --enable-languages=c,c++ --disable-nls --enable-threads=posix --enable-sjlj-exceptions --enable-hash-synchronization --enable-libstdcxx-debug --with-newlib
Thread model: posix
gcc version 3.4.4 (msys special)
configure:3168: $? = 0
configure:3157: gcc -V >&5
gcc: `-V' option must have argument
configure:3168: $? = 1
configure:3157: gcc -qversion >&5
gcc: unrecognized option `-qversion'
gcc: no input files
configure:3168: $? = 1
configure:3188: checking whether the C compiler works
configure:3210: gcc    conftest.c  >&5
configure:3214: $? = 0
configure:3262: result: yes
configure:3265: checking for C compiler default output file name
configure:3267: result: a.exe
configure:3273: checking for suffix of executables
configure:3280: gcc -o conftest.exe    conftest.c  >&5
configure:3284: $? = 0
configure:3306: result: .exe
configure:3328: checking whether we are cross compiling
configure:3336: gcc -o conftest.exe    conftest.c  >&5
configure:3340: $? = 0
configure:3347: ./conftest.exe
configure:3351: $? = 0
configure:3366: result: no
configure:3371: checking for suffix of object files
configure:3393: gcc -c   conftest.c >&5
configure:3397: $? = 0
configure:3418: result: o
configure:3422: checking whether we are using the GNU C compiler
configure:3441: gcc -c   conftest.c >&5
configure:3441: $? = 0
configure:3450: result: yes
configure:3459: checking whether gcc accepts -g
configure:3479: gcc -c -g  conftest.c >&5
configure:3479: $? = 0
configure:3520: result: yes
configure:3537: checking for gcc option to accept ISO C89
configure:3600: gcc  -c -g -O2  conftest.c >&5
configure:3600: $? = 0
configure:3613: result: none needed
configure:3644: checking for style of include used by make
configure:3672: result: GNU
configure:3698: checking dependency style of gcc
configure:3809: result: gcc3
configure:3833: checking dependency style of gcc
configure:3942: result: gcc3
configure:3961: checking build system type
configure:3975: result: i686-pc-mingw32
configure:3995: checking host system type
configure:4008: result: i686-pc-mingw32
configure:4028: checking for a sed that does not truncate output
configure:4092: result: /bin/sed
configure:4110: checking for grep that handles long lines and -e
configure:4168: result: /bin/grep
configure:4173: checking for egrep
configure:4235: result: /bin/grep -E
configure:4240: checking for fgrep
configure:4302: result: /bin/grep -F
configure:4329: checking how to print strings
configure:4356: result: printf
configure:4389: checking for ld used by gcc
configure:4456: result: /bin/ld
configure:4463: checking if the linker (/bin/ld) is GNU ld
configure:4478: result: yes
configure:4495: checking how to run the C preprocessor
configure:4526: gcc -E  conftest.c
configure:4526: $? = 0
configure:4540: gcc -E  conftest.c
conftest.c:11:28: ac_nonexistent.h: No such file or directory
configure:4540: $? = 1
configure: failed program was:
| /* confdefs.h */
| #define PACKAGE_NAME "libpng"
| #define PACKAGE_TARNAME "libpng"
| #define PACKAGE_VERSION "1.6.2"
| #define PACKAGE_STRING "libpng 1.6.2"
| #define PACKAGE_BUGREPORT "png-mng-implement@lists.sourceforge.net"
| #define PACKAGE_URL ""
| #define PACKAGE "libpng"
| #define VERSION "1.6.2"
| /* end confdefs.h.  */
| #include <ac_nonexistent.h>
configure:4565: result: gcc -E
configure:4585: gcc -E  conftest.c
configure:4585: $? = 0
configure:4599: gcc -E  conftest.c
conftest.c:11:28: ac_nonexistent.h: No such file or directory
configure:4599: $? = 1
configure: failed program was:
| /* confdefs.h */
| #define PACKAGE_NAME "libpng"
| #define PACKAGE_TARNAME "libpng"
| #define PACKAGE_VERSION "1.6.2"
| #define PACKAGE_STRING "libpng 1.6.2"
| #define PACKAGE_BUGREPORT "png-mng-implement@lists.sourceforge.net"
| #define PACKAGE_URL ""
| #define PACKAGE "libpng"
| #define VERSION "1.6.2"
| /* end confdefs.h.  */
| #include <ac_nonexistent.h>
configure:4631: checking for gawk
configure:4658: result: gawk
configure:4670: checking whether ln -s works
configure:4677: result: no, using cp -pR
configure:4681: checking whether make sets $(MAKE)
configure:4703: result: yes
configure:4755: checking for BSD- or MS-compatible name lister (nm)
configure:4804: result: /bin/nm -B
configure:4934: checking the name lister (/bin/nm -B) interface
configure:4941: gcc -c -g -O2  conftest.c >&5
configure:4944: /bin/nm -B "conftest.o"
configure:4947: output
00000000 b .bss
00000000 d .data
00000000 N .stab
00000000 N .stabstr
00000000 t .text
00000000 B _some_variable
configure:4954: result: BSD nm
configure:4958: checking the maximum length of command line arguments
configure:5088: result: 8192
configure:5105: checking whether the shell understands some XSI constructs
configure:5115: result: yes
configure:5119: checking whether the shell understands "+="
configure:5125: result: yes
configure:5160: checking how to convert i686-pc-mingw32 file names to i686-pc-mingw32 format
configure:5200: result: func_convert_file_msys_to_w32
configure:5207: checking how to convert i686-pc-mingw32 file names to toolchain format
configure:5227: result: func_convert_file_msys_to_w32
configure:5234: checking for /bin/ld option to reload object files
configure:5241: result: -r
configure:5315: checking for objdump
configure:5331: found /bin/objdump
configure:5342: result: objdump
configure:5371: checking how to recognize dependent libraries
configure:5573: result: file_magic ^x86 archive import|^x86 DLL
configure:5658: checking for dlltool
configure:5674: found /bin/dlltool
configure:5685: result: dlltool
configure:5715: checking how to associate runtime and link libraries
configure:5742: result: func_cygming_dll_for_implib
configure:5803: checking for ar
configure:5819: found /bin/ar
configure:5830: result: ar
configure:5867: checking for archiver @FILE support
configure:5884: gcc -c -g -O2  conftest.c >&5
configure:5884: $? = 0
configure:5887: ar cru libconftest.a @conftest.lst >&5
configure:5890: $? = 0
configure:5895: ar cru libconftest.a @conftest.lst >&5
ar: conftest.o: No such file or directory
configure:5898: $? = 1
configure:5910: result: @
configure:5968: checking for strip
configure:5984: found /bin/strip
configure:5995: result: strip
configure:6067: checking for ranlib
configure:6083: found /bin/ranlib
configure:6094: result: ranlib
configure:6196: checking command to parse /bin/nm -B output from gcc object
configure:6316: gcc -c -g -O2  conftest.c >&5
configure:6319: $? = 0
configure:6323: /bin/nm -B conftest.o \| sed -n -e 's/^.*[ ]\([ABCDGIRSTW][ABCDGIRSTW]*\)[ ][ ]*\([_A-Za-z][_A-Za-z0-9]*\)\{0,1\}$/\1 \2 \2/p' | sed '/ __gnu_lto/d' \> conftest.nm
configure:6326: $? = 0
cannot find nm_test_var in conftest.nm
configure:6316: gcc -c -g -O2  conftest.c >&5
configure:6319: $? = 0
configure:6323: /bin/nm -B conftest.o \| sed -n -e 's/^.*[ ]\([ABCDGIRSTW][ABCDGIRSTW]*\)[ ][ ]*_\([_A-Za-z][_A-Za-z0-9]*\)\{0,1\}$/\1 _\2 \2/p' | sed '/ __gnu_lto/d' \> conftest.nm
configure:6326: $? = 0
configure:6392: gcc -o conftest.exe -g -O2   conftest.c conftstm.o >&5
configure:6395: $? = 0
configure:6433: result: ok
configure:6470: checking for sysroot
configure:6500: result: no
configure:6756: checking for mt
configure:6786: result: no
configure:6806: checking if : is a manifest tool
configure:6812: : '-?'
configure:6820: result: no
configure:7458: checking for ANSI C header files
configure:7478: gcc -c -g -O2  conftest.c >&5
configure:7478: $? = 0
configure:7551: gcc -o conftest.exe -g -O2   conftest.c  >&5
configure:7551: $? = 0
configure:7551: ./conftest.exe
configure:7551: $? = 0
configure:7562: result: yes
configure:7575: checking for sys/types.h
configure:7575: gcc -c -g -O2  conftest.c >&5
configure:7575: $? = 0
configure:7575: result: yes
configure:7575: checking for sys/stat.h
configure:7575: gcc -c -g -O2  conftest.c >&5
configure:7575: $? = 0
configure:7575: result: yes
configure:7575: checking for stdlib.h
configure:7575: gcc -c -g -O2  conftest.c >&5
configure:7575: $? = 0
configure:7575: result: yes
configure:7575: checking for string.h
configure:7575: gcc -c -g -O2  conftest.c >&5
configure:7575: $? = 0
configure:7575: result: yes
configure:7575: checking for memory.h
configure:7575: gcc -c -g -O2  conftest.c >&5
configure:7575: $? = 0
configure:7575: result: yes
configure:7575: checking for strings.h
configure:7575: gcc -c -g -O2  conftest.c >&5
configure:7575: $? = 0
configure:7575: result: yes
configure:7575: checking for inttypes.h
configure:7575: gcc -c -g -O2  conftest.c >&5
conftest.c:52:22: inttypes.h: No such file or directory
configure:7575: $? = 1
configure: failed program was:
| /* confdefs.h */
| #define PACKAGE_NAME "libpng"
| #define PACKAGE_TARNAME "libpng"
| #define PACKAGE_VERSION "1.6.2"
| #define PACKAGE_STRING "libpng 1.6.2"
| #define PACKAGE_BUGREPORT "png-mng-implement@lists.sourceforge.net"
| #define PACKAGE_URL ""
| #define PACKAGE "libpng"
| #define VERSION "1.6.2"
| #define STDC_HEADERS 1
| #define HAVE_SYS_TYPES_H 1
| #define HAVE_SYS_STAT_H 1
| #define HAVE_STDLIB_H 1
| #define HAVE_STRING_H 1
| #define HAVE_MEMORY_H 1
| #define HAVE_STRINGS_H 1
| /* end confdefs.h.  */
| #include <stdio.h>
| #ifdef HAVE_SYS_TYPES_H
| # include <sys/types.h>
| #endif
| #ifdef HAVE_SYS_STAT_H
| # include <sys/stat.h>
| #endif
| #ifdef STDC_HEADERS
| # include <stdlib.h>
| # include <stddef.h>
| #else
| # ifdef HAVE_STDLIB_H
| #  include <stdlib.h>
| # endif
| #endif
| #ifdef HAVE_STRING_H
| # if !defined STDC_HEADERS && defined HAVE_MEMORY_H
| #  include <memory.h>
| # endif
| # include <string.h>
| #endif
| #ifdef HAVE_STRINGS_H
| # include <strings.h>
| #endif
| #ifdef HAVE_INTTYPES_H
| # include <inttypes.h>
| #endif
| #ifdef HAVE_STDINT_H
| # include <stdint.h>
| #endif
| #ifdef HAVE_UNISTD_H
| # include <unistd.h>
| #endif
| 
| #include <inttypes.h>
configure:7575: result: no
configure:7575: checking for stdint.h
configure:7575: gcc -c -g -O2  conftest.c >&5
conftest.c:52:20: stdint.h: No such file or directory
configure:7575: $? = 1
configure: failed program was:
| /* confdefs.h */
| #define PACKAGE_NAME "libpng"
| #define PACKAGE_TARNAME "libpng"
| #define PACKAGE_VERSION "1.6.2"
| #define PACKAGE_STRING "libpng 1.6.2"
| #define PACKAGE_BUGREPORT "png-mng-implement@lists.sourceforge.net"
| #define PACKAGE_URL ""
| #define PACKAGE "libpng"
| #define VERSION "1.6.2"
| #define STDC_HEADERS 1
| #define HAVE_SYS_TYPES_H 1
| #define HAVE_SYS_STAT_H 1
| #define HAVE_STDLIB_H 1
| #define HAVE_STRING_H 1
| #define HAVE_MEMORY_H 1
| #define HAVE_STRINGS_H 1
| /* end confdefs.h.  */
| #include <stdio.h>
| #ifdef HAVE_SYS_TYPES_H
| # include <sys/types.h>
| #endif
| #ifdef HAVE_SYS_STAT_H
| # include <sys/stat.h>
| #endif
| #ifdef STDC_HEADERS
| # include <stdlib.h>
| # include <stddef.h>
| #else
| # ifdef HAVE_STDLIB_H
| #  include <stdlib.h>
| # endif
| #endif
| #ifdef HAVE_STRING_H
| # if !defined STDC_HEADERS && defined HAVE_MEMORY_H
| #  include <memory.h>
| # endif
| # include <string.h>
| #endif
| #ifdef HAVE_STRINGS_H
| # include <strings.h>
| #endif
| #ifdef HAVE_INTTYPES_H
| # include <inttypes.h>
| #endif
| #ifdef HAVE_STDINT_H
| # include <stdint.h>
| #endif
| #ifdef HAVE_UNISTD_H
| # include <unistd.h>
| #endif
| 
| #include <stdint.h>
configure:7575: result: no
configure:7575: checking for unistd.h
configure:7575: gcc -c -g -O2  conftest.c >&5
configure:7575: $? = 0
configure:7575: result: yes
configure:7589: checking for dlfcn.h
configure:7589: gcc -c -g -O2  conftest.c >&5
configure:7589: $? = 0
configure:7589: result: yes
configure:7652: checking for as
configure:7668: found /bin/as
configure:7679: result: as
configure:7744: checking for dlltool
configure:7771: result: dlltool
configure:7836: checking for objdump
configure:7863: result: objdump
configure:8093: checking for objdir
configure:8108: result: .libs
configure:8379: checking if gcc supports -fno-rtti -fno-exceptions
configure:8397: gcc -c -g -O2  -fno-rtti -fno-exceptions conftest.c >&5
cc1.exe: warning: command line option "-fno-rtti" is valid for C++/ObjC++ but not for C
configure:8401: $? = 0
configure:8414: result: no
configure:8741: checking for gcc option to produce PIC
configure:8748: result: -DDLL_EXPORT -DPIC
configure:8756: checking if gcc PIC flag -DDLL_EXPORT -DPIC works
configure:8774: gcc -c -g -O2  -DDLL_EXPORT -DPIC -DPIC conftest.c >&5
configure:8778: $? = 0
configure:8791: result: yes
configure:8820: checking if gcc static flag -static works
configure:8848: result: no
configure:8863: checking if gcc supports -c -o file.o
configure:8884: gcc -c -g -O2  -o out/conftest2.o conftest.c >&5
configure:8888: $? = 0
configure:8910: result: yes
configure:8918: checking if gcc supports -c -o file.o
configure:8965: result: yes
configure:8998: checking whether the gcc linker (/bin/ld) supports shared libraries
configure:10151: result: yes
configure:10188: checking whether -lc should be explicitly linked in
configure:10196: gcc -c -g -O2  conftest.c >&5
configure:10199: $? = 0
configure:10214: gcc -shared conftest.o  -v -o ./conftest -Wl,--enable-auto-image-base -Xlinker --out-implib -Xlinker conftest 2\>\&1 \| /bin/grep  -lc  \>/dev/null 2\>\&1
configure:10217: $? = 1
configure:10231: result: yes
configure:10391: checking dynamic linker characteristics
configure:11124: result: Win32 ld.exe
configure:11231: checking how to hardcode library paths into programs
configure:11256: result: immediate
configure:11796: checking whether stripping libraries is possible
configure:11801: result: yes
configure:11836: checking if libtool supports shared libraries
configure:11838: result: yes
configure:11841: checking whether to build shared libraries
configure:11862: result: yes
configure:11865: checking whether to build static libraries
configure:11869: result: yes
configure:11910: checking that AWK works
configure:11916: result: ok
configure:11964: checking for ANSI C header files
configure:12068: result: yes
configure:12078: checking for an ANSI C-conforming const
configure:12144: gcc -c -g -O2  conftest.c >&5
configure:12144: $? = 0
configure:12151: result: yes
configure:12159: checking for size_t
configure:12159: gcc -c -g -O2  conftest.c >&5
configure:12159: $? = 0
configure:12159: gcc -c -g -O2  conftest.c >&5
conftest.c: In function `main':
conftest.c:58: error: parse error before ')' token
configure:12159: $? = 1
configure: failed program was:
| /* confdefs.h */
| #define PACKAGE_NAME "libpng"
| #define PACKAGE_TARNAME "libpng"
| #define PACKAGE_VERSION "1.6.2"
| #define PACKAGE_STRING "libpng 1.6.2"
| #define PACKAGE_BUGREPORT "png-mng-implement@lists.sourceforge.net"
| #define PACKAGE_URL ""
| #define PACKAGE "libpng"
| #define VERSION "1.6.2"
| #define STDC_HEADERS 1
| #define HAVE_SYS_TYPES_H 1
| #define HAVE_SYS_STAT_H 1
| #define HAVE_STDLIB_H 1
| #define HAVE_STRING_H 1
| #define HAVE_MEMORY_H 1
| #define HAVE_STRINGS_H 1
| #define HAVE_UNISTD_H 1
| #define HAVE_DLFCN_H 1
| #define LT_OBJDIR ".libs/"
| #define STDC_HEADERS 1
| /* end confdefs.h.  */
| #include <stdio.h>
| #ifdef HAVE_SYS_TYPES_H
| # include <sys/types.h>
| #endif
| #ifdef HAVE_SYS_STAT_H
| # include <sys/stat.h>
| #endif
| #ifdef STDC_HEADERS
| # include <stdlib.h>
| # include <stddef.h>
| #else
| # ifdef HAVE_STDLIB_H
| #  include <stdlib.h>
| # endif
| #endif
| #ifdef HAVE_STRING_H
| # if !defined STDC_HEADERS && defined HAVE_MEMORY_H
| #  include <memory.h>
| # endif
| # include <string.h>
| #endif
| #ifdef HAVE_STRINGS_H
| # include <strings.h>
| #endif
| #ifdef HAVE_INTTYPES_H
| # include <inttypes.h>
| #endif
| #ifdef HAVE_STDINT_H
| # include <stdint.h>
| #endif
| #ifdef HAVE_UNISTD_H
| # include <unistd.h>
| #endif
| int
| main ()
| {
| if (sizeof ((size_t)))
| 	    return 0;
|   ;
|   return 0;
| }
configure:12159: result: yes
configure:12170: checking whether struct tm is in sys/time.h or time.h
configure:12190: gcc -c -g -O2  conftest.c >&5
configure:12190: $? = 0
configure:12197: result: time.h
configure:12205: checking for C/C++ restrict keyword
configure:12230: gcc -c -g -O2  conftest.c >&5
configure:12230: $? = 0
configure:12238: result: __restrict
configure:12253: checking for working strtod
configure:12294: gcc -o conftest.exe -g -O2   conftest.c  >&5
configure:12294: $? = 0
configure:12294: ./conftest.exe
configure:12294: $? = 0
configure:12304: result: yes
configure:12368: checking for memset
configure:12368: gcc -o conftest.exe -g -O2   conftest.c  >&5
conftest.c:46: warning: conflicting types for built-in function 'memset'
configure:12368: $? = 0
configure:12368: result: yes
configure:12381: checking for pow
configure:12381: gcc -o conftest.exe -g -O2   conftest.c  >&5
conftest.c:47: warning: conflicting types for built-in function 'pow'
configure:12381: $? = 0
configure:12381: result: yes
configure:12446: checking for zlibVersion in -lz
configure:12471: gcc -o conftest.exe -g -O2   conftest.c -lz   >&5
configure:12471: $? = 0
configure:12480: result: yes
configure:12545: checking for feenableexcept in -lm
configure:12570: gcc -o conftest.exe -g -O2   conftest.c -lm  -lz  >&5
/tmp/cceqZDti.o: In function `main':
/c/whitecat_crossplateform/lib/libsource/allegro4.4.2_sources_dep/allegro4.4.2_sources_dep/libpng/conftest.c:37: undefined reference to `_feenableexcept'
collect2: ld returned 1 exit status
configure:12570: $? = 1
configure: failed program was:
| /* confdefs.h */
| #define PACKAGE_NAME "libpng"
| #define PACKAGE_TARNAME "libpng"
| #define PACKAGE_VERSION "1.6.2"
| #define PACKAGE_STRING "libpng 1.6.2"
| #define PACKAGE_BUGREPORT "png-mng-implement@lists.sourceforge.net"
| #define PACKAGE_URL ""
| #define PACKAGE "libpng"
| #define VERSION "1.6.2"
| #define STDC_HEADERS 1
| #define HAVE_SYS_TYPES_H 1
| #define HAVE_SYS_STAT_H 1
| #define HAVE_STDLIB_H 1
| #define HAVE_STRING_H 1
| #define HAVE_MEMORY_H 1
| #define HAVE_STRINGS_H 1
| #define HAVE_UNISTD_H 1
| #define HAVE_DLFCN_H 1
| #define LT_OBJDIR ".libs/"
| #define STDC_HEADERS 1
| #define restrict __restrict
| #define HAVE_MEMSET 1
| #define HAVE_POW 1
| #define HAVE_LIBZ 1
| /* end confdefs.h.  */
| 
| /* Override any GCC internal prototype to avoid an error.
|    Use char because int might match the return type of a GCC
|    builtin and then its argument prototype would still apply.  */
| #ifdef __cplusplus
| extern "C"
| #endif
| char feenableexcept ();
| int
| main ()
| {
| return feenableexcept ();
|   ;
|   return 0;
| }
configure:12579: result: no
configure:12592: checking for feenableexcept
configure:12592: gcc -o conftest.exe -g -O2   conftest.c -lz  >&5
/tmp/ccslfpGe.o: In function `main':
/c/whitecat_crossplateform/lib/libsource/allegro4.4.2_sources_dep/allegro4.4.2_sources_dep/libpng/conftest.c:60: undefined reference to `_feenableexcept'
collect2: ld returned 1 exit status
configure:12592: $? = 1
configure: failed program was:
| /* confdefs.h */
| #define PACKAGE_NAME "libpng"
| #define PACKAGE_TARNAME "libpng"
| #define PACKAGE_VERSION "1.6.2"
| #define PACKAGE_STRING "libpng 1.6.2"
| #define PACKAGE_BUGREPORT "png-mng-implement@lists.sourceforge.net"
| #define PACKAGE_URL ""
| #define PACKAGE "libpng"
| #define VERSION "1.6.2"
| #define STDC_HEADERS 1
| #define HAVE_SYS_TYPES_H 1
| #define HAVE_SYS_STAT_H 1
| #define HAVE_STDLIB_H 1
| #define HAVE_STRING_H 1
| #define HAVE_MEMORY_H 1
| #define HAVE_STRINGS_H 1
| #define HAVE_UNISTD_H 1
| #define HAVE_DLFCN_H 1
| #define LT_OBJDIR ".libs/"
| #define STDC_HEADERS 1
| #define restrict __restrict
| #define HAVE_MEMSET 1
| #define HAVE_POW 1
| #define HAVE_LIBZ 1
| /* end confdefs.h.  */
| /* Define feenableexcept to an innocuous variant, in case <limits.h> declares feenableexcept.
|    For example, HP-UX 11i <limits.h> declares gettimeofday.  */
| #define feenableexcept innocuous_feenableexcept
| 
| /* System header to define __stub macros and hopefully few prototypes,
|     which can conflict with char feenableexcept (); below.
|     Prefer <limits.h> to <assert.h> if __STDC__ is defined, since
|     <limits.h> exists even on freestanding compilers.  */
| 
| #ifdef __STDC__
| # include <limits.h>
| #else
| # include <assert.h>
| #endif
| 
| #undef feenableexcept
| 
| /* Override any GCC internal prototype to avoid an error.
|    Use char because int might match the return type of a GCC
|    builtin and then its argument prototype would still apply.  */
| #ifdef __cplusplus
| extern "C"
| #endif
| char feenableexcept ();
| /* The GNU C library defines this for functions which it implements
|     to always fail with ENOSYS.  Some functions are actually named
|     something starting with __ and the normal name is an alias.  */
| #if defined __stub_feenableexcept || defined __stub___feenableexcept
| choke me
| #endif
| 
| int
| main ()
| {
| return feenableexcept ();
|   ;
|   return 0;
| }
configure:12592: result: no
configure:12602: checking if using Solaris linker
configure:12611: result: no
configure:12623: checking if libraries can be versioned
configure:12631: result: no
configure:12695: pkgconfig directory is ${libdir}/pkgconfig
configure:12774: Extra options for compiler: 
configure:12892: checking that generated files are newer than configure
configure:12898: result: done
configure:12945: creating ./config.status

## ---------------------- ##
## Running config.status. ##
## ---------------------- ##

This file was extended by libpng config.status 1.6.2, which was
generated by GNU Autoconf 2.69.  Invocation command line was

  CONFIG_FILES    = 
  CONFIG_HEADERS  = 
  CONFIG_LINKS    = 
  CONFIG_COMMANDS = 
  $ ./config.status 

on Utilisateur-PC

config.status:1128: creating Makefile
config.status:1128: creating libpng.pc
config.status:1128: creating libpng-config
config.status:1128: creating config.h
config.status:1309: config.h is unchanged
config.status:1357: executing depfiles commands
config.status:1357: executing libtool commands

## ---------------- ##
## Cache variables. ##
## ---------------- ##

ac_cv_build=i686-pc-mingw32
ac_cv_c_compiler_gnu=yes
ac_cv_c_const=yes
ac_cv_c_restrict=__restrict
ac_cv_env_CCASFLAGS_set=
ac_cv_env_CCASFLAGS_value=
ac_cv_env_CCAS_set=
ac_cv_env_CCAS_value=
ac_cv_env_CC_set=
ac_cv_env_CC_value=
ac_cv_env_CFLAGS_set=
ac_cv_env_CFLAGS_value=
ac_cv_env_CPPFLAGS_set=
ac_cv_env_CPPFLAGS_value=
ac_cv_env_CPP_set=
ac_cv_env_CPP_value=
ac_cv_env_LDFLAGS_set=
ac_cv_env_LDFLAGS_value=
ac_cv_env_LIBS_set=
ac_cv_env_LIBS_value=
ac_cv_env_PNG_COPTS_set=
ac_cv_env_PNG_COPTS_value=
ac_cv_env_build_alias_set=
ac_cv_env_build_alias_value=
ac_cv_env_host_alias_set=
ac_cv_env_host_alias_value=
ac_cv_env_target_alias_set=
ac_cv_env_target_alias_value=
ac_cv_exeext=.exe
ac_cv_func_feenableexcept=no
ac_cv_func_memset=yes
ac_cv_func_pow=yes
ac_cv_func_strtod=yes
ac_cv_header_dlfcn_h=yes
ac_cv_header_inttypes_h=no
ac_cv_header_memory_h=yes
ac_cv_header_stdc=yes
ac_cv_header_stdint_h=no
ac_cv_header_stdlib_h=yes
ac_cv_header_string_h=yes
ac_cv_header_strings_h=yes
ac_cv_header_sys_stat_h=yes
ac_cv_header_sys_types_h=yes
ac_cv_header_unistd_h=yes
ac_cv_host=i686-pc-mingw32
ac_cv_lib_m_feenableexcept=no
ac_cv_lib_z_zlibVersion=yes
ac_cv_objext=o
ac_cv_path_EGREP='/bin/grep -E'
ac_cv_path_FGREP='/bin/grep -F'
ac_cv_path_GREP=/bin/grep
ac_cv_path_SED=/bin/sed
ac_cv_path_install='/bin/install -c'
ac_cv_path_mkdir=/bin/mkdir
ac_cv_prog_AWK=gawk
ac_cv_prog_CPP='gcc -E'
ac_cv_prog_ac_ct_AR=ar
ac_cv_prog_ac_ct_AS=as
ac_cv_prog_ac_ct_CC=gcc
ac_cv_prog_ac_ct_DLLTOOL=dlltool
ac_cv_prog_ac_ct_OBJDUMP=objdump
ac_cv_prog_ac_ct_RANLIB=ranlib
ac_cv_prog_ac_ct_STRIP=strip
ac_cv_prog_cc_c89=
ac_cv_prog_cc_g=yes
ac_cv_prog_make_make_set=yes
ac_cv_struct_tm=time.h
ac_cv_type_size_t=yes
am_cv_CCAS_dependencies_compiler_type=gcc3
am_cv_CC_dependencies_compiler_type=gcc3
am_cv_make_support_nested_variables=yes
lt_cv_ar_at_file=@
lt_cv_archive_cmds_need_lc=yes
lt_cv_deplibs_check_method='file_magic ^x86 archive import|^x86 DLL'
lt_cv_file_magic_cmd=func_win32_libid
lt_cv_file_magic_test_file=
lt_cv_ld_reload_flag=-r
lt_cv_nm_interface='BSD nm'
lt_cv_objdir=.libs
lt_cv_path_LD=/bin/ld
lt_cv_path_NM='/bin/nm -B'
lt_cv_path_mainfest_tool=no
lt_cv_prog_compiler_c_o=yes
lt_cv_prog_compiler_pic='-DDLL_EXPORT -DPIC'
lt_cv_prog_compiler_pic_works=yes
lt_cv_prog_compiler_rtti_exceptions=no
lt_cv_prog_compiler_static_works=no
lt_cv_prog_gnu_ld=yes
lt_cv_sharedlib_from_linklib_cmd=func_cygming_dll_for_implib
lt_cv_sys_global_symbol_pipe='sed -n -e '\''s/^.*[	 ]\([ABCDGIRSTW][ABCDGIRSTW]*\)[	 ][	 ]*_\([_A-Za-z][_A-Za-z0-9]*\)\{0,1\}$/\1 _\2 \2/p'\'' | sed '\''/ __gnu_lto/d'\'''
lt_cv_sys_global_symbol_to_c_name_address='sed -n -e '\''s/^: \([^ ]*\)[ ]*$/  {\"\1\", (void *) 0},/p'\'' -e '\''s/^[ABCDGIRSTW]* \([^ ]*\) \([^ ]*\)$/  {"\2", (void *) \&\2},/p'\'''
lt_cv_sys_global_symbol_to_c_name_address_lib_prefix='sed -n -e '\''s/^: \([^ ]*\)[ ]*$/  {\"\1\", (void *) 0},/p'\'' -e '\''s/^[ABCDGIRSTW]* \([^ ]*\) \(lib[^ ]*\)$/  {"\2", (void *) \&\2},/p'\'' -e '\''s/^[ABCDGIRSTW]* \([^ ]*\) \([^ ]*\)$/  {"lib\2", (void *) \&\2},/p'\'''
lt_cv_sys_global_symbol_to_cdecl='sed -n -e '\''s/^T .* \(.*\)$/extern int \1();/p'\'' -e '\''s/^[ABCDGIRSTW]* .* \(.*\)$/extern char \1;/p'\'''
lt_cv_sys_max_cmd_len=8192
lt_cv_to_host_file_cmd=func_convert_file_msys_to_w32
lt_cv_to_tool_file_cmd=func_convert_file_msys_to_w32

## ----------------- ##
## Output variables. ##
## ----------------- ##

ACLOCAL='${SHELL} /c/whitecat_crossplateform/lib/libsource/allegro4.4.2_sources_dep/allegro4.4.2_sources_dep/libpng/missing aclocal-1.13'
AMDEPBACKSLASH='\'
AMDEP_FALSE='#'
AMDEP_TRUE=''
AMTAR='$${TAR-tar}'
AM_BACKSLASH='\'
AM_CCASFLAGS='-Wa,--noexecstack'
AM_DEFAULT_V='$(AM_DEFAULT_VERBOSITY)'
AM_DEFAULT_VERBOSITY='1'
AM_V='$(V)'
AR='ar'
AS='as'
AUTOCONF='${SHELL} /c/whitecat_crossplateform/lib/libsource/allegro4.4.2_sources_dep/allegro4.4.2_sources_dep/libpng/missing autoconf'
AUTOHEADER='${SHELL} /c/whitecat_crossplateform/lib/libsource/allegro4.4.2_sources_dep/allegro4.4.2_sources_dep/libpng/missing autoheader'
AUTOMAKE='${SHELL} /c/whitecat_crossplateform/lib/libsource/allegro4.4.2_sources_dep/allegro4.4.2_sources_dep/libpng/missing automake-1.13'
AWK='gawk'
CC='gcc'
CCAS='gcc'
CCASDEPMODE='depmode=gcc3'
CCASFLAGS='-g -O2'
CCDEPMODE='depmode=gcc3'
CFLAGS='-g -O2'
CPP='gcc -E'
CPPFLAGS=''
CYGPATH_W='echo'
DEFS='-DHAVE_CONFIG_H'
DEPDIR='.deps'
DFNCPP='gcc -E'
DLLTOOL='dlltool'
DO_PNG_PREFIX_FALSE=''
DO_PNG_PREFIX_TRUE='#'
DSYMUTIL=''
DUMPBIN=''
ECHO_C=''
ECHO_N='-n'
ECHO_T=''
EGREP='/bin/grep -E'
EXEEXT='.exe'
FGREP='/bin/grep -F'
GREP='/bin/grep'
HAVE_LD_VERSION_SCRIPT_FALSE=''
HAVE_LD_VERSION_SCRIPT_TRUE='#'
HAVE_SOLARIS_LD_FALSE=''
HAVE_SOLARIS_LD_TRUE='#'
INSTALL_DATA='${INSTALL} -m 644'
INSTALL_PROGRAM='${INSTALL}'
INSTALL_SCRIPT='${INSTALL}'
INSTALL_STRIP_PROGRAM='$(install_sh) -c -s'
LD='/bin/ld'
LDFLAGS=''
LIBOBJS=''
LIBS='-lz '
LIBTOOL='$(SHELL) $(top_builddir)/libtool'
LIPO=''
LN_S='cp -pR'
LTLIBOBJS=''
MAINT='#'
MAINTAINER_MODE_FALSE=''
MAINTAINER_MODE_TRUE='#'
MAKEINFO='${SHELL} /c/whitecat_crossplateform/lib/libsource/allegro4.4.2_sources_dep/allegro4.4.2_sources_dep/libpng/missing makeinfo'
MANIFEST_TOOL=':'
MKDIR_P='/bin/mkdir -p'
NM='/bin/nm -B'
NMEDIT=''
OBJDUMP='objdump'
OBJEXT='o'
OTOOL64=''
OTOOL=''
PACKAGE='libpng'
PACKAGE_BUGREPORT='png-mng-implement@lists.sourceforge.net'
PACKAGE_NAME='libpng'
PACKAGE_STRING='libpng 1.6.2'
PACKAGE_TARNAME='libpng'
PACKAGE_URL=''
PACKAGE_VERSION='1.6.2'
PATH_SEPARATOR=':'
PNGLIB_MAJOR='1'
PNGLIB_MINOR='6'
PNGLIB_RELEASE='2'
PNGLIB_VERSION='1.6.2'
PNG_ARM_NEON_FALSE=''
PNG_ARM_NEON_TRUE='#'
PNG_COPTS=''
PNG_PREFIX=''
POW_LIB=''
RANLIB='ranlib'
SED='/bin/sed'
SET_MAKE=''
SHELL='/bin/sh'
STRIP='strip'
SYMBOL_PREFIX=''
VERSION='1.6.2'
ac_ct_AR='ar'
ac_ct_CC='gcc'
ac_ct_DUMPBIN=''
am__EXEEXT_FALSE='#'
am__EXEEXT_TRUE=''
am__fastdepCCAS_FALSE='#'
am__fastdepCCAS_TRUE=''
am__fastdepCC_FALSE='#'
am__fastdepCC_TRUE=''
am__include='include'
am__isrc=''
am__leading_dot='.'
am__nodep='_no'
am__quote=''
am__tar='$${TAR-tar} chof - "$$tardir"'
am__untar='$${TAR-tar} xf -'
binconfigs='${binconfigs}'
bindir='${exec_prefix}/bin'
build='i686-pc-mingw32'
build_alias=''
build_cpu='i686'
build_os='mingw32'
build_vendor='pc'
datadir='${datarootdir}'
datarootdir='${prefix}/share'
docdir='${datarootdir}/doc/${PACKAGE_TARNAME}'
dvidir='${docdir}'
exec_prefix='${prefix}'
host='i686-pc-mingw32'
host_alias=''
host_cpu='i686'
host_os='mingw32'
host_vendor='pc'
htmldir='${docdir}'
includedir='${prefix}/include'
infodir='${datarootdir}/info'
install_sh='${SHELL} /c/whitecat_crossplateform/lib/libsource/allegro4.4.2_sources_dep/allegro4.4.2_sources_dep/libpng/install-sh'
libdir='${exec_prefix}/lib'
libexecdir='${exec_prefix}/libexec'
localedir='${datarootdir}/locale'
localstatedir='${prefix}/var'
mandir='${datarootdir}/man'
mkdir_p='$(MKDIR_P)'
oldincludedir='/usr/include'
pdfdir='${docdir}'
pkgconfigdir='${libdir}/pkgconfig'
prefix='/c/mingw/bin/libpng'
program_transform_name='s,x,x,'
psdir='${docdir}'
sbindir='${exec_prefix}/sbin'
sharedstatedir='${prefix}/com'
sysconfdir='${prefix}/etc'
target_alias=''

## ----------- ##
## confdefs.h. ##
## ----------- ##

/* confdefs.h */
#define PACKAGE_NAME "libpng"
#define PACKAGE_TARNAME "libpng"
#define PACKAGE_VERSION "1.6.2"
#define PACKAGE_STRING "libpng 1.6.2"
#define PACKAGE_BUGREPORT "png-mng-implement@lists.sourceforge.net"
#define PACKAGE_URL ""
#define PACKAGE "libpng"
#define VERSION "1.6.2"
#define STDC_HEADERS 1
#define HAVE_SYS_TYPES_H 1
#define HAVE_SYS_STAT_H 1
#define HAVE_STDLIB_H 1
#define HAVE_STRING_H 1
#define HAVE_MEMORY_H 1
#define HAVE_STRINGS_H 1
#define HAVE_UNISTD_H 1
#define HAVE_DLFCN_H 1
#define LT_OBJDIR ".libs/"
#define STDC_HEADERS 1
#define restrict __restrict
#define HAVE_MEMSET 1
#define HAVE_POW 1
#define HAVE_LIBZ 1

configure: exit 0
