This file contains any messages produced by compilers while
running configure, to aid debugging if configure makes a mistake.

It was created by configure, which was
generated by GNU Autoconf 2.63.  Invocation command line was

  $ ./configure --prefix=/c/mingw

## --------- ##
## Platform. ##
## --------- ##

hostname = Utilisateur-PC
uname -m = i686
uname -r = 1.0.18(0.48/3/2)
uname -s = MINGW32_NT-6.1
uname -v = 2012-11-21 22:34

/usr/bin/uname -p = unknown
/bin/uname -X     = unknown

/bin/arch              = unknown
/usr/bin/arch -k       = unknown
/usr/convex/getsysinfo = unknown
/usr/bin/hostinfo      = unknown
/bin/machine           = unknown
/usr/bin/oslevel       = unknown
/bin/universe          = unknown

PATH: .
PATH: /usr/local/bin
PATH: /mingw/bin
PATH: /bin
PATH: /c/MinGW/bin
PATH: /c/MinGW
PATH: /c/Python27
PATH: /c/MinGW/opencv2.4.8/x86/mingw/bin


## ----------- ##
## Core tests. ##
## ----------- ##

configure:2176: checking for gcc
configure:2192: found /c/MinGW/bin/gcc
configure:2203: result: gcc
configure:2435: checking for C compiler version
configure:2443: gcc --version >&5
gcc.exe (GCC) 4.8.1
Copyright (C) 2013 Free Software Foundation, Inc.
This is free software; see the source for copying conditions.  There is NO
warranty; not even for MERCHANTABILITY or FITNESS FOR A PARTICULAR PURPOSE.

configure:2447: $? = 0
configure:2454: gcc -v >&5
Using built-in specs.
COLLECT_GCC=c:\MinGW\bin\gcc.exe
COLLECT_LTO_WRAPPER=c:/mingw/bin/../libexec/gcc/mingw32/4.8.1/lto-wrapper.exe
Target: mingw32
Configured with: ../gcc-4.8.1/configure --prefix=/mingw --host=mingw32 --build=mingw32 --without-pic --enable-shared --enable-static --with-gnu-ld --enable-lto --enable-libssp --disable-multilib --enable-languages=c,c++,fortran,objc,obj-c++,ada --disable-sjlj-exceptions --with-dwarf2 --disable-win32-registry --enable-libstdcxx-debug --enable-version-specific-runtime-libs --with-gmp=/usr/src/pkg/gmp-5.1.2-1-mingw32-src/bld --with-mpc=/usr/src/pkg/mpc-1.0.1-1-mingw32-src/bld --with-mpfr= --with-system-zlib --with-gnu-as --enable-decimal-float=yes --enable-libgomp --enable-threads --with-libiconv-prefix=/mingw32 --with-libintl-prefix=/mingw --disable-bootstrap LDFLAGS=-s CFLAGS=-D_USE_32BIT_TIME_T
Thread model: win32
gcc version 4.8.1 (GCC) 
configure:2458: $? = 0
configure:2465: gcc -V >&5
gcc.exe: error: unrecognized command line option '-V'
gcc.exe: fatal error: no input files
compilation terminated.
configure:2469: $? = 1
configure:2492: checking for C compiler default output file name
configure:2514: gcc    conftest.c  >&5
configure:2518: $? = 0
configure:2556: result: a.exe
configure:2575: checking whether the C compiler works
configure:2585: ./a.exe
configure:2589: $? = 0
configure:2608: result: yes
configure:2615: checking whether we are cross compiling
configure:2617: result: no
configure:2620: checking for suffix of executables
configure:2627: gcc -o conftest.exe    conftest.c  >&5
configure:2631: $? = 0
configure:2657: result: .exe
configure:2663: checking for suffix of object files
configure:2689: gcc -c   conftest.c >&5
configure:2693: $? = 0
configure:2718: result: o
configure:2722: checking whether we are using the GNU C compiler
configure:2751: gcc -c   conftest.c >&5
configure:2758: $? = 0
configure:2775: result: yes
configure:2784: checking whether gcc accepts -g
configure:2814: gcc -c -g  conftest.c >&5
configure:2821: $? = 0
configure:2922: result: yes
configure:2939: checking for gcc option to accept ISO C89
configure:3013: gcc  -c   conftest.c >&5
configure:3020: $? = 0
configure:3043: result: none needed
configure:3061: checking whether -fomit-frame-pointer is safe
configure:3078: result: yes
configure:3081: checking whether an include prefix is needed
configure:3110: gcc -c -Werror -I/c/mingw/include   conftest.c >&5
configure:3117: $? = 0
configure:3138: result: yes
configure:3145: checking how to run the C preprocessor
configure:3185: gcc -E  conftest.c
configure:3192: $? = 0
configure:3223: gcc -E  conftest.c
conftest.c:12:28: fatal error: ac_nonexistent.h: No such file or directory
 #include <ac_nonexistent.h>
                            ^
compilation terminated.
configure:3230: $? = 1
configure: failed program was:
| /* confdefs.h.  */
| #define PACKAGE_NAME ""
| #define PACKAGE_TARNAME ""
| #define PACKAGE_VERSION ""
| #define PACKAGE_STRING ""
| #define PACKAGE_BUGREPORT ""
| #define ALLEGRO_COLOR8 1
| #define ALLEGRO_COLOR16 1
| #define ALLEGRO_COLOR24 1
| #define ALLEGRO_COLOR32 1
| /* end confdefs.h.  */
| #include <ac_nonexistent.h>
configure:3263: result: gcc -E
configure:3292: gcc -E  conftest.c
configure:3299: $? = 0
configure:3330: gcc -E  conftest.c
conftest.c:12:28: fatal error: ac_nonexistent.h: No such file or directory
 #include <ac_nonexistent.h>
                            ^
compilation terminated.
configure:3337: $? = 1
configure: failed program was:
| /* confdefs.h.  */
| #define PACKAGE_NAME ""
| #define PACKAGE_TARNAME ""
| #define PACKAGE_VERSION ""
| #define PACKAGE_STRING ""
| #define PACKAGE_BUGREPORT ""
| #define ALLEGRO_COLOR8 1
| #define ALLEGRO_COLOR16 1
| #define ALLEGRO_COLOR24 1
| #define ALLEGRO_COLOR32 1
| /* end confdefs.h.  */
| #include <ac_nonexistent.h>
configure:3376: checking whether a C++ compiler is installed
configure:3405: gcc -c -x c++  conftest.c >&5
configure:3412: $? = 0
configure:3433: result: yes
configure:3435: checking whether linker works with -s option
configure:3464: gcc -o conftest.exe   -s  conftest.c  >&5
configure:3471: $? = 0
configure:3493: result: yes
configure:3510: checking for a BSD-compatible install
configure:3578: result: /bin/install -c
configure:3589: checking whether make sets $(MAKE)
configure:3611: result: yes
configure:3620: checking whether ln -s works
configure:3627: result: no, using cp -p
configure:3634: checking for ldconfig
configure:3666: result: echo ought to run ldconfig
configure:3677: checking for makeinfo
configure:3696: found /bin/makeinfo
configure:3709: result: /bin/makeinfo
configure:3720: checking for install-info
configure:3739: found /bin/install-info
configure:3752: result: /bin/install-info
configure:3764: checking for processor type
configure:3798: gcc -c   conftest.c >&5
configure:3805: $? = 0
configure:3918: result: i386
configure:3922: checking whether -mtune is supported
configure:3951: gcc -c -mtune=i386  conftest.c >&5
configure:3958: $? = 0
configure:3979: result: yes
configure:4059: checking for MMX support
configure:4099: gcc -c   conftest.c >&5
configure:4106: $? = 0
configure:4126: result: yes
configure:4145: checking for SSE support
configure:4184: gcc -c   conftest.c >&5
configure:4191: $? = 0
configure:4211: result: yes
configure:4242: checking for asm prefix before symbols
configure:4270: gcc -o conftest.exe    conftest.c  >&5
configure:4277: $? = 0
configure:4353: result: "_"
configure:4364: checking for grep that handles long lines and -e
configure:4424: result: /bin/grep
configure:4429: checking for egrep
configure:4493: result: /bin/grep -E
configure:4498: checking for ANSI C header files
configure:4528: gcc -c   conftest.c >&5
configure:4535: $? = 0
configure:4634: gcc -o conftest.exe    conftest.c  >&5
configure:4638: $? = 0
configure:4644: ./conftest.exe
configure:4648: $? = 0
configure:4666: result: yes
configure:4690: checking for sys/types.h
configure:4711: gcc -c   conftest.c >&5
configure:4718: $? = 0
configure:4735: result: yes
configure:4690: checking for sys/stat.h
configure:4711: gcc -c   conftest.c >&5
configure:4718: $? = 0
configure:4735: result: yes
configure:4690: checking for stdlib.h
configure:4711: gcc -c   conftest.c >&5
configure:4718: $? = 0
configure:4735: result: yes
configure:4690: checking for string.h
configure:4711: gcc -c   conftest.c >&5
configure:4718: $? = 0
configure:4735: result: yes
configure:4690: checking for memory.h
configure:4711: gcc -c   conftest.c >&5
configure:4718: $? = 0
configure:4735: result: yes
configure:4690: checking for strings.h
configure:4711: gcc -c   conftest.c >&5
configure:4718: $? = 0
configure:4735: result: yes
configure:4690: checking for inttypes.h
configure:4711: gcc -c   conftest.c >&5
configure:4718: $? = 0
configure:4735: result: yes
configure:4690: checking for stdint.h
configure:4711: gcc -c   conftest.c >&5
configure:4718: $? = 0
configure:4735: result: yes
configure:4690: checking for unistd.h
configure:4711: gcc -c   conftest.c >&5
configure:4718: $? = 0
configure:4735: result: yes
configure:4750: checking whether byte ordering is bigendian
configure:4775: gcc -c   conftest.c >&5
conftest.c:26:9: error: unknown type name 'not'
         not a universal capable compiler
         ^
conftest.c:26:15: error: expected '=', ',', ';', 'asm' or '__attribute__' before 'universal'
         not a universal capable compiler
               ^
conftest.c:26:15: error: unknown type name 'universal'
configure:4782: $? = 1
configure: failed program was:
| /* confdefs.h.  */
| #define PACKAGE_NAME ""
| #define PACKAGE_TARNAME ""
| #define PACKAGE_VERSION ""
| #define PACKAGE_STRING ""
| #define PACKAGE_BUGREPORT ""
| #define ALLEGRO_COLOR8 1
| #define ALLEGRO_COLOR16 1
| #define ALLEGRO_COLOR24 1
| #define ALLEGRO_COLOR32 1
| #define ALLEGRO_MMX 1
| #define ALLEGRO_SSE 1
| #define ALLEGRO_ASM_PREFIX "_"
| #define STDC_HEADERS 1
| #define HAVE_SYS_TYPES_H 1
| #define HAVE_SYS_STAT_H 1
| #define HAVE_STDLIB_H 1
| #define HAVE_STRING_H 1
| #define HAVE_MEMORY_H 1
| #define HAVE_STRINGS_H 1
| #define HAVE_INTTYPES_H 1
| #define HAVE_STDINT_H 1
| #define HAVE_UNISTD_H 1
| /* end confdefs.h.  */
| #ifndef __APPLE_CC__
| 	       not a universal capable compiler
| 	     #endif
| 	     typedef int dummy;
| 
configure:4832: gcc -c   conftest.c >&5
configure:4839: $? = 0
configure:4871: gcc -c   conftest.c >&5
conftest.c: In function 'main':
conftest.c:32:4: error: unknown type name 'not'
    not big endian
    ^
conftest.c:32:12: error: expected '=', ',', ';', 'asm' or '__attribute__' before 'endian'
    not big endian
            ^
configure:4878: $? = 1
configure: failed program was:
| /* confdefs.h.  */
| #define PACKAGE_NAME ""
| #define PACKAGE_TARNAME ""
| #define PACKAGE_VERSION ""
| #define PACKAGE_STRING ""
| #define PACKAGE_BUGREPORT ""
| #define ALLEGRO_COLOR8 1
| #define ALLEGRO_COLOR16 1
| #define ALLEGRO_COLOR24 1
| #define ALLEGRO_COLOR32 1
| #define ALLEGRO_MMX 1
| #define ALLEGRO_SSE 1
| #define ALLEGRO_ASM_PREFIX "_"
| #define STDC_HEADERS 1
| #define HAVE_SYS_TYPES_H 1
| #define HAVE_SYS_STAT_H 1
| #define HAVE_STDLIB_H 1
| #define HAVE_STRING_H 1
| #define HAVE_MEMORY_H 1
| #define HAVE_STRINGS_H 1
| #define HAVE_INTTYPES_H 1
| #define HAVE_STDINT_H 1
| #define HAVE_UNISTD_H 1
| /* end confdefs.h.  */
| #include <sys/types.h>
| 		#include <sys/param.h>
| 
| int
| main ()
| {
| #if BYTE_ORDER != BIG_ENDIAN
| 		 not big endian
| 		#endif
| 
|   ;
|   return 0;
| }
configure:5130: result: no
configure:5167: checking for MAP_FAILED
configure:5194: gcc -c   conftest.c >&5
conftest.c:27:22: fatal error: sys/mman.h: No such file or directory
 #include <sys/mman.h>
                      ^
compilation terminated.
configure:5201: $? = 1
configure: failed program was:
| /* confdefs.h.  */
| #define PACKAGE_NAME ""
| #define PACKAGE_TARNAME ""
| #define PACKAGE_VERSION ""
| #define PACKAGE_STRING ""
| #define PACKAGE_BUGREPORT ""
| #define ALLEGRO_COLOR8 1
| #define ALLEGRO_COLOR16 1
| #define ALLEGRO_COLOR24 1
| #define ALLEGRO_COLOR32 1
| #define ALLEGRO_MMX 1
| #define ALLEGRO_SSE 1
| #define ALLEGRO_ASM_PREFIX "_"
| #define STDC_HEADERS 1
| #define HAVE_SYS_TYPES_H 1
| #define HAVE_SYS_STAT_H 1
| #define HAVE_STDLIB_H 1
| #define HAVE_STRING_H 1
| #define HAVE_MEMORY_H 1
| #define HAVE_STRINGS_H 1
| #define HAVE_INTTYPES_H 1
| #define HAVE_STDINT_H 1
| #define HAVE_UNISTD_H 1
| #define ALLEGRO_LITTLE_ENDIAN 1
| /* end confdefs.h.  */
| #include <unistd.h>
| #include <sys/mman.h>
| int
| main ()
| {
| int test_mmap_failed (void *addr) { return (addr == MAP_FAILED); }
|   ;
|   return 0;
| }
configure:5217: result: no
configure:5227: checking for sched_yield in -lc
configure:5262: gcc -o conftest.exe    conftest.c -lc   >&5
c:/mingw/bin/../lib/gcc/mingw32/4.8.1/../../../../mingw32/bin/ld.exe: cannot find -lc
collect2.exe: error: ld returned 1 exit status
configure:5269: $? = 1
configure: failed program was:
| /* confdefs.h.  */
| #define PACKAGE_NAME ""
| #define PACKAGE_TARNAME ""
| #define PACKAGE_VERSION ""
| #define PACKAGE_STRING ""
| #define PACKAGE_BUGREPORT ""
| #define ALLEGRO_COLOR8 1
| #define ALLEGRO_COLOR16 1
| #define ALLEGRO_COLOR24 1
| #define ALLEGRO_COLOR32 1
| #define ALLEGRO_MMX 1
| #define ALLEGRO_SSE 1
| #define ALLEGRO_ASM_PREFIX "_"
| #define STDC_HEADERS 1
| #define HAVE_SYS_TYPES_H 1
| #define HAVE_SYS_STAT_H 1
| #define HAVE_STDLIB_H 1
| #define HAVE_STRING_H 1
| #define HAVE_MEMORY_H 1
| #define HAVE_STRINGS_H 1
| #define HAVE_INTTYPES_H 1
| #define HAVE_STDINT_H 1
| #define HAVE_UNISTD_H 1
| #define ALLEGRO_LITTLE_ENDIAN 1
| /* end confdefs.h.  */
| 
| /* Override any GCC internal prototype to avoid an error.
|    Use char because int might match the return type of a GCC
|    builtin and then its argument prototype would still apply.  */
| #ifdef __cplusplus
| extern "C"
| #endif
| char sched_yield ();
| int
| main ()
| {
| return sched_yield ();
|   ;
|   return 0;
| }
configure:5290: result: no
configure:5295: checking for library containing sched_yield
configure:5336: gcc -o conftest.exe    conftest.c  >&5
C:\Users\bibi\AppData\Local\Temp\cccerijQ.o:conftest.c:(.text+0xc): undefined reference to `sched_yield'
collect2.exe: error: ld returned 1 exit status
configure:5343: $? = 1
configure: failed program was:
| /* confdefs.h.  */
| #define PACKAGE_NAME ""
| #define PACKAGE_TARNAME ""
| #define PACKAGE_VERSION ""
| #define PACKAGE_STRING ""
| #define PACKAGE_BUGREPORT ""
| #define ALLEGRO_COLOR8 1
| #define ALLEGRO_COLOR16 1
| #define ALLEGRO_COLOR24 1
| #define ALLEGRO_COLOR32 1
| #define ALLEGRO_MMX 1
| #define ALLEGRO_SSE 1
| #define ALLEGRO_ASM_PREFIX "_"
| #define STDC_HEADERS 1
| #define HAVE_SYS_TYPES_H 1
| #define HAVE_SYS_STAT_H 1
| #define HAVE_STDLIB_H 1
| #define HAVE_STRING_H 1
| #define HAVE_MEMORY_H 1
| #define HAVE_STRINGS_H 1
| #define HAVE_INTTYPES_H 1
| #define HAVE_STDINT_H 1
| #define HAVE_UNISTD_H 1
| #define ALLEGRO_LITTLE_ENDIAN 1
| /* end confdefs.h.  */
| 
| /* Override any GCC internal prototype to avoid an error.
|    Use char because int might match the return type of a GCC
|    builtin and then its argument prototype would still apply.  */
| #ifdef __cplusplus
| extern "C"
| #endif
| char sched_yield ();
| int
| main ()
| {
| return sched_yield ();
|   ;
|   return 0;
| }
configure:5336: gcc -o conftest.exe    conftest.c -lposix4   >&5
c:/mingw/bin/../lib/gcc/mingw32/4.8.1/../../../../mingw32/bin/ld.exe: cannot find -lposix4
collect2.exe: error: ld returned 1 exit status
configure:5343: $? = 1
configure: failed program was:
| /* confdefs.h.  */
| #define PACKAGE_NAME ""
| #define PACKAGE_TARNAME ""
| #define PACKAGE_VERSION ""
| #define PACKAGE_STRING ""
| #define PACKAGE_BUGREPORT ""
| #define ALLEGRO_COLOR8 1
| #define ALLEGRO_COLOR16 1
| #define ALLEGRO_COLOR24 1
| #define ALLEGRO_COLOR32 1
| #define ALLEGRO_MMX 1
| #define ALLEGRO_SSE 1
| #define ALLEGRO_ASM_PREFIX "_"
| #define STDC_HEADERS 1
| #define HAVE_SYS_TYPES_H 1
| #define HAVE_SYS_STAT_H 1
| #define HAVE_STDLIB_H 1
| #define HAVE_STRING_H 1
| #define HAVE_MEMORY_H 1
| #define HAVE_STRINGS_H 1
| #define HAVE_INTTYPES_H 1
| #define HAVE_STDINT_H 1
| #define HAVE_UNISTD_H 1
| #define ALLEGRO_LITTLE_ENDIAN 1
| /* end confdefs.h.  */
| 
| /* Override any GCC internal prototype to avoid an error.
|    Use char because int might match the return type of a GCC
|    builtin and then its argument prototype would still apply.  */
| #ifdef __cplusplus
| extern "C"
| #endif
| char sched_yield ();
| int
| main ()
| {
| return sched_yield ();
|   ;
|   return 0;
| }
configure:5336: gcc -o conftest.exe    conftest.c -lrt   >&5
c:/mingw/bin/../lib/gcc/mingw32/4.8.1/../../../../mingw32/bin/ld.exe: cannot find -lrt
collect2.exe: error: ld returned 1 exit status
configure:5343: $? = 1
configure: failed program was:
| /* confdefs.h.  */
| #define PACKAGE_NAME ""
| #define PACKAGE_TARNAME ""
| #define PACKAGE_VERSION ""
| #define PACKAGE_STRING ""
| #define PACKAGE_BUGREPORT ""
| #define ALLEGRO_COLOR8 1
| #define ALLEGRO_COLOR16 1
| #define ALLEGRO_COLOR24 1
| #define ALLEGRO_COLOR32 1
| #define ALLEGRO_MMX 1
| #define ALLEGRO_SSE 1
| #define ALLEGRO_ASM_PREFIX "_"
| #define STDC_HEADERS 1
| #define HAVE_SYS_TYPES_H 1
| #define HAVE_SYS_STAT_H 1
| #define HAVE_STDLIB_H 1
| #define HAVE_STRING_H 1
| #define HAVE_MEMORY_H 1
| #define HAVE_STRINGS_H 1
| #define HAVE_INTTYPES_H 1
| #define HAVE_STDINT_H 1
| #define HAVE_UNISTD_H 1
| #define ALLEGRO_LITTLE_ENDIAN 1
| /* end confdefs.h.  */
| 
| /* Override any GCC internal prototype to avoid an error.
|    Use char because int might match the return type of a GCC
|    builtin and then its argument prototype would still apply.  */
| #ifdef __cplusplus
| extern "C"
| #endif
| char sched_yield ();
| int
| main ()
| {
| return sched_yield ();
|   ;
|   return 0;
| }
configure:5374: result: no
configure:5392: checking for constructor attribute
configure:5423: gcc -o conftest.exe    conftest.c  >&5
configure:5427: $? = 0
configure:5433: ./conftest.exe
configure:5437: $? = 0
configure:5457: result: yes
configure:5486: checking dlfcn.h usability
configure:5503: gcc -c   conftest.c >&5
conftest.c:60:19: fatal error: dlfcn.h: No such file or directory
 #include <dlfcn.h>
                   ^
compilation terminated.
configure:5510: $? = 1
configure: failed program was:
| /* confdefs.h.  */
| #define PACKAGE_NAME ""
| #define PACKAGE_TARNAME ""
| #define PACKAGE_VERSION ""
| #define PACKAGE_STRING ""
| #define PACKAGE_BUGREPORT ""
| #define ALLEGRO_COLOR8 1
| #define ALLEGRO_COLOR16 1
| #define ALLEGRO_COLOR24 1
| #define ALLEGRO_COLOR32 1
| #define ALLEGRO_MMX 1
| #define ALLEGRO_SSE 1
| #define ALLEGRO_ASM_PREFIX "_"
| #define STDC_HEADERS 1
| #define HAVE_SYS_TYPES_H 1
| #define HAVE_SYS_STAT_H 1
| #define HAVE_STDLIB_H 1
| #define HAVE_STRING_H 1
| #define HAVE_MEMORY_H 1
| #define HAVE_STRINGS_H 1
| #define HAVE_INTTYPES_H 1
| #define HAVE_STDINT_H 1
| #define HAVE_UNISTD_H 1
| #define ALLEGRO_LITTLE_ENDIAN 1
| #define ALLEGRO_USE_CONSTRUCTOR 1
| /* end confdefs.h.  */
| #include <stdio.h>
| #ifdef HAVE_SYS_TYPES_H
| # include <sys/types.h>
| #endif
| #ifdef HAVE_SYS_STAT_H
| # include <sys/stat.h>
| #endif
| #ifdef STDC_HEADERS
| # include <stdlib.h>
| # include <stddef.h>
| #else
| # ifdef HAVE_STDLIB_H
| #  include <stdlib.h>
| # endif
| #endif
| #ifdef HAVE_STRING_H
| # if !defined STDC_HEADERS && defined HAVE_MEMORY_H
| #  include <memory.h>
| # endif
| # include <string.h>
| #endif
| #ifdef HAVE_STRINGS_H
| # include <strings.h>
| #endif
| #ifdef HAVE_INTTYPES_H
| # include <inttypes.h>
| #endif
| #ifdef HAVE_STDINT_H
| # include <stdint.h>
| #endif
| #ifdef HAVE_UNISTD_H
| # include <unistd.h>
| #endif
| #include <dlfcn.h>
configure:5524: result: no
configure:5528: checking dlfcn.h presence
configure:5543: gcc -E  conftest.c
conftest.c:27:19: fatal error: dlfcn.h: No such file or directory
 #include <dlfcn.h>
                   ^
compilation terminated.
configure:5550: $? = 1
configure: failed program was:
| /* confdefs.h.  */
| #define PACKAGE_NAME ""
| #define PACKAGE_TARNAME ""
| #define PACKAGE_VERSION ""
| #define PACKAGE_STRING ""
| #define PACKAGE_BUGREPORT ""
| #define ALLEGRO_COLOR8 1
| #define ALLEGRO_COLOR16 1
| #define ALLEGRO_COLOR24 1
| #define ALLEGRO_COLOR32 1
| #define ALLEGRO_MMX 1
| #define ALLEGRO_SSE 1
| #define ALLEGRO_ASM_PREFIX "_"
| #define STDC_HEADERS 1
| #define HAVE_SYS_TYPES_H 1
| #define HAVE_SYS_STAT_H 1
| #define HAVE_STDLIB_H 1
| #define HAVE_STRING_H 1
| #define HAVE_MEMORY_H 1
| #define HAVE_STRINGS_H 1
| #define HAVE_INTTYPES_H 1
| #define HAVE_STDINT_H 1
| #define HAVE_UNISTD_H 1
| #define ALLEGRO_LITTLE_ENDIAN 1
| #define ALLEGRO_USE_CONSTRUCTOR 1
| /* end confdefs.h.  */
| #include <dlfcn.h>
configure:5564: result: no
configure:5592: checking for dlfcn.h
configure:5599: result: no
configure:6164: checking pthread.h usability
configure:6181: gcc -c   conftest.c >&5
configure:6188: $? = 0
configure:6202: result: yes
configure:6206: checking pthread.h presence
configure:6221: gcc -E  conftest.c
configure:6228: $? = 0
configure:6242: result: yes
configure:6270: checking for pthread.h
configure:6277: result: yes
configure:6282: checking for pthread_create in -lpthread
configure:6317: gcc -o conftest.exe    conftest.c -lpthread   >&5
configure:6324: $? = 0
configure:6345: result: yes
configure:6395: checking soundcard.h usability
configure:6412: gcc -c   conftest.c >&5
conftest.c:61:23: fatal error: soundcard.h: No such file or directory
 #include <soundcard.h>
                       ^
compilation terminated.
configure:6419: $? = 1
configure: failed program was:
| /* confdefs.h.  */
| #define PACKAGE_NAME ""
| #define PACKAGE_TARNAME ""
| #define PACKAGE_VERSION ""
| #define PACKAGE_STRING ""
| #define PACKAGE_BUGREPORT ""
| #define ALLEGRO_COLOR8 1
| #define ALLEGRO_COLOR16 1
| #define ALLEGRO_COLOR24 1
| #define ALLEGRO_COLOR32 1
| #define ALLEGRO_MMX 1
| #define ALLEGRO_SSE 1
| #define ALLEGRO_ASM_PREFIX "_"
| #define STDC_HEADERS 1
| #define HAVE_SYS_TYPES_H 1
| #define HAVE_SYS_STAT_H 1
| #define HAVE_STDLIB_H 1
| #define HAVE_STRING_H 1
| #define HAVE_MEMORY_H 1
| #define HAVE_STRINGS_H 1
| #define HAVE_INTTYPES_H 1
| #define HAVE_STDINT_H 1
| #define HAVE_UNISTD_H 1
| #define ALLEGRO_LITTLE_ENDIAN 1
| #define ALLEGRO_USE_CONSTRUCTOR 1
| #define ALLEGRO_HAVE_LIBPTHREAD 1
| /* end confdefs.h.  */
| #include <stdio.h>
| #ifdef HAVE_SYS_TYPES_H
| # include <sys/types.h>
| #endif
| #ifdef HAVE_SYS_STAT_H
| # include <sys/stat.h>
| #endif
| #ifdef STDC_HEADERS
| # include <stdlib.h>
| # include <stddef.h>
| #else
| # ifdef HAVE_STDLIB_H
| #  include <stdlib.h>
| # endif
| #endif
| #ifdef HAVE_STRING_H
| # if !defined STDC_HEADERS && defined HAVE_MEMORY_H
| #  include <memory.h>
| # endif
| # include <string.h>
| #endif
| #ifdef HAVE_STRINGS_H
| # include <strings.h>
| #endif
| #ifdef HAVE_INTTYPES_H
| # include <inttypes.h>
| #endif
| #ifdef HAVE_STDINT_H
| # include <stdint.h>
| #endif
| #ifdef HAVE_UNISTD_H
| # include <unistd.h>
| #endif
| #include <soundcard.h>
configure:6433: result: no
configure:6437: checking soundcard.h presence
configure:6452: gcc -E  conftest.c
conftest.c:28:23: fatal error: soundcard.h: No such file or directory
 #include <soundcard.h>
                       ^
compilation terminated.
configure:6459: $? = 1
configure: failed program was:
| /* confdefs.h.  */
| #define PACKAGE_NAME ""
| #define PACKAGE_TARNAME ""
| #define PACKAGE_VERSION ""
| #define PACKAGE_STRING ""
| #define PACKAGE_BUGREPORT ""
| #define ALLEGRO_COLOR8 1
| #define ALLEGRO_COLOR16 1
| #define ALLEGRO_COLOR24 1
| #define ALLEGRO_COLOR32 1
| #define ALLEGRO_MMX 1
| #define ALLEGRO_SSE 1
| #define ALLEGRO_ASM_PREFIX "_"
| #define STDC_HEADERS 1
| #define HAVE_SYS_TYPES_H 1
| #define HAVE_SYS_STAT_H 1
| #define HAVE_STDLIB_H 1
| #define HAVE_STRING_H 1
| #define HAVE_MEMORY_H 1
| #define HAVE_STRINGS_H 1
| #define HAVE_INTTYPES_H 1
| #define HAVE_STDINT_H 1
| #define HAVE_UNISTD_H 1
| #define ALLEGRO_LITTLE_ENDIAN 1
| #define ALLEGRO_USE_CONSTRUCTOR 1
| #define ALLEGRO_HAVE_LIBPTHREAD 1
| /* end confdefs.h.  */
| #include <soundcard.h>
configure:6473: result: no
configure:6501: checking for soundcard.h
configure:6508: result: no
configure:6533: checking sys/soundcard.h usability
configure:6550: gcc -c   conftest.c >&5
conftest.c:61:27: fatal error: sys/soundcard.h: No such file or directory
 #include <sys/soundcard.h>
                           ^
compilation terminated.
configure:6557: $? = 1
configure: failed program was:
| /* confdefs.h.  */
| #define PACKAGE_NAME ""
| #define PACKAGE_TARNAME ""
| #define PACKAGE_VERSION ""
| #define PACKAGE_STRING ""
| #define PACKAGE_BUGREPORT ""
| #define ALLEGRO_COLOR8 1
| #define ALLEGRO_COLOR16 1
| #define ALLEGRO_COLOR24 1
| #define ALLEGRO_COLOR32 1
| #define ALLEGRO_MMX 1
| #define ALLEGRO_SSE 1
| #define ALLEGRO_ASM_PREFIX "_"
| #define STDC_HEADERS 1
| #define HAVE_SYS_TYPES_H 1
| #define HAVE_SYS_STAT_H 1
| #define HAVE_STDLIB_H 1
| #define HAVE_STRING_H 1
| #define HAVE_MEMORY_H 1
| #define HAVE_STRINGS_H 1
| #define HAVE_INTTYPES_H 1
| #define HAVE_STDINT_H 1
| #define HAVE_UNISTD_H 1
| #define ALLEGRO_LITTLE_ENDIAN 1
| #define ALLEGRO_USE_CONSTRUCTOR 1
| #define ALLEGRO_HAVE_LIBPTHREAD 1
| /* end confdefs.h.  */
| #include <stdio.h>
| #ifdef HAVE_SYS_TYPES_H
| # include <sys/types.h>
| #endif
| #ifdef HAVE_SYS_STAT_H
| # include <sys/stat.h>
| #endif
| #ifdef STDC_HEADERS
| # include <stdlib.h>
| # include <stddef.h>
| #else
| # ifdef HAVE_STDLIB_H
| #  include <stdlib.h>
| # endif
| #endif
| #ifdef HAVE_STRING_H
| # if !defined STDC_HEADERS && defined HAVE_MEMORY_H
| #  include <memory.h>
| # endif
| # include <string.h>
| #endif
| #ifdef HAVE_STRINGS_H
| # include <strings.h>
| #endif
| #ifdef HAVE_INTTYPES_H
| # include <inttypes.h>
| #endif
| #ifdef HAVE_STDINT_H
| # include <stdint.h>
| #endif
| #ifdef HAVE_UNISTD_H
| # include <unistd.h>
| #endif
| #include <sys/soundcard.h>
configure:6571: result: no
configure:6575: checking sys/soundcard.h presence
configure:6590: gcc -E  conftest.c
conftest.c:28:27: fatal error: sys/soundcard.h: No such file or directory
 #include <sys/soundcard.h>
                           ^
compilation terminated.
configure:6597: $? = 1
configure: failed program was:
| /* confdefs.h.  */
| #define PACKAGE_NAME ""
| #define PACKAGE_TARNAME ""
| #define PACKAGE_VERSION ""
| #define PACKAGE_STRING ""
| #define PACKAGE_BUGREPORT ""
| #define ALLEGRO_COLOR8 1
| #define ALLEGRO_COLOR16 1
| #define ALLEGRO_COLOR24 1
| #define ALLEGRO_COLOR32 1
| #define ALLEGRO_MMX 1
| #define ALLEGRO_SSE 1
| #define ALLEGRO_ASM_PREFIX "_"
| #define STDC_HEADERS 1
| #define HAVE_SYS_TYPES_H 1
| #define HAVE_SYS_STAT_H 1
| #define HAVE_STDLIB_H 1
| #define HAVE_STRING_H 1
| #define HAVE_MEMORY_H 1
| #define HAVE_STRINGS_H 1
| #define HAVE_INTTYPES_H 1
| #define HAVE_STDINT_H 1
| #define HAVE_UNISTD_H 1
| #define ALLEGRO_LITTLE_ENDIAN 1
| #define ALLEGRO_USE_CONSTRUCTOR 1
| #define ALLEGRO_HAVE_LIBPTHREAD 1
| /* end confdefs.h.  */
| #include <sys/soundcard.h>
configure:6611: result: no
configure:6639: checking for sys/soundcard.h
configure:6646: result: no
configure:6671: checking machine/soundcard.h usability
configure:6688: gcc -c   conftest.c >&5
conftest.c:61:31: fatal error: machine/soundcard.h: No such file or directory
 #include <machine/soundcard.h>
                               ^
compilation terminated.
configure:6695: $? = 1
configure: failed program was:
| /* confdefs.h.  */
| #define PACKAGE_NAME ""
| #define PACKAGE_TARNAME ""
| #define PACKAGE_VERSION ""
| #define PACKAGE_STRING ""
| #define PACKAGE_BUGREPORT ""
| #define ALLEGRO_COLOR8 1
| #define ALLEGRO_COLOR16 1
| #define ALLEGRO_COLOR24 1
| #define ALLEGRO_COLOR32 1
| #define ALLEGRO_MMX 1
| #define ALLEGRO_SSE 1
| #define ALLEGRO_ASM_PREFIX "_"
| #define STDC_HEADERS 1
| #define HAVE_SYS_TYPES_H 1
| #define HAVE_SYS_STAT_H 1
| #define HAVE_STDLIB_H 1
| #define HAVE_STRING_H 1
| #define HAVE_MEMORY_H 1
| #define HAVE_STRINGS_H 1
| #define HAVE_INTTYPES_H 1
| #define HAVE_STDINT_H 1
| #define HAVE_UNISTD_H 1
| #define ALLEGRO_LITTLE_ENDIAN 1
| #define ALLEGRO_USE_CONSTRUCTOR 1
| #define ALLEGRO_HAVE_LIBPTHREAD 1
| /* end confdefs.h.  */
| #include <stdio.h>
| #ifdef HAVE_SYS_TYPES_H
| # include <sys/types.h>
| #endif
| #ifdef HAVE_SYS_STAT_H
| # include <sys/stat.h>
| #endif
| #ifdef STDC_HEADERS
| # include <stdlib.h>
| # include <stddef.h>
| #else
| # ifdef HAVE_STDLIB_H
| #  include <stdlib.h>
| # endif
| #endif
| #ifdef HAVE_STRING_H
| # if !defined STDC_HEADERS && defined HAVE_MEMORY_H
| #  include <memory.h>
| # endif
| # include <string.h>
| #endif
| #ifdef HAVE_STRINGS_H
| # include <strings.h>
| #endif
| #ifdef HAVE_INTTYPES_H
| # include <inttypes.h>
| #endif
| #ifdef HAVE_STDINT_H
| # include <stdint.h>
| #endif
| #ifdef HAVE_UNISTD_H
| # include <unistd.h>
| #endif
| #include <machine/soundcard.h>
configure:6709: result: no
configure:6713: checking machine/soundcard.h presence
configure:6728: gcc -E  conftest.c
conftest.c:28:31: fatal error: machine/soundcard.h: No such file or directory
 #include <machine/soundcard.h>
                               ^
compilation terminated.
configure:6735: $? = 1
configure: failed program was:
| /* confdefs.h.  */
| #define PACKAGE_NAME ""
| #define PACKAGE_TARNAME ""
| #define PACKAGE_VERSION ""
| #define PACKAGE_STRING ""
| #define PACKAGE_BUGREPORT ""
| #define ALLEGRO_COLOR8 1
| #define ALLEGRO_COLOR16 1
| #define ALLEGRO_COLOR24 1
| #define ALLEGRO_COLOR32 1
| #define ALLEGRO_MMX 1
| #define ALLEGRO_SSE 1
| #define ALLEGRO_ASM_PREFIX "_"
| #define STDC_HEADERS 1
| #define HAVE_SYS_TYPES_H 1
| #define HAVE_SYS_STAT_H 1
| #define HAVE_STDLIB_H 1
| #define HAVE_STRING_H 1
| #define HAVE_MEMORY_H 1
| #define HAVE_STRINGS_H 1
| #define HAVE_INTTYPES_H 1
| #define HAVE_STDINT_H 1
| #define HAVE_UNISTD_H 1
| #define ALLEGRO_LITTLE_ENDIAN 1
| #define ALLEGRO_USE_CONSTRUCTOR 1
| #define ALLEGRO_HAVE_LIBPTHREAD 1
| /* end confdefs.h.  */
| #include <machine/soundcard.h>
configure:6749: result: no
configure:6777: checking for machine/soundcard.h
configure:6784: result: no
configure:6809: checking linux/soundcard.h usability
configure:6826: gcc -c   conftest.c >&5
conftest.c:61:29: fatal error: linux/soundcard.h: No such file or directory
 #include <linux/soundcard.h>
                             ^
compilation terminated.
configure:6833: $? = 1
configure: failed program was:
| /* confdefs.h.  */
| #define PACKAGE_NAME ""
| #define PACKAGE_TARNAME ""
| #define PACKAGE_VERSION ""
| #define PACKAGE_STRING ""
| #define PACKAGE_BUGREPORT ""
| #define ALLEGRO_COLOR8 1
| #define ALLEGRO_COLOR16 1
| #define ALLEGRO_COLOR24 1
| #define ALLEGRO_COLOR32 1
| #define ALLEGRO_MMX 1
| #define ALLEGRO_SSE 1
| #define ALLEGRO_ASM_PREFIX "_"
| #define STDC_HEADERS 1
| #define HAVE_SYS_TYPES_H 1
| #define HAVE_SYS_STAT_H 1
| #define HAVE_STDLIB_H 1
| #define HAVE_STRING_H 1
| #define HAVE_MEMORY_H 1
| #define HAVE_STRINGS_H 1
| #define HAVE_INTTYPES_H 1
| #define HAVE_STDINT_H 1
| #define HAVE_UNISTD_H 1
| #define ALLEGRO_LITTLE_ENDIAN 1
| #define ALLEGRO_USE_CONSTRUCTOR 1
| #define ALLEGRO_HAVE_LIBPTHREAD 1
| /* end confdefs.h.  */
| #include <stdio.h>
| #ifdef HAVE_SYS_TYPES_H
| # include <sys/types.h>
| #endif
| #ifdef HAVE_SYS_STAT_H
| # include <sys/stat.h>
| #endif
| #ifdef STDC_HEADERS
| # include <stdlib.h>
| # include <stddef.h>
| #else
| # ifdef HAVE_STDLIB_H
| #  include <stdlib.h>
| # endif
| #endif
| #ifdef HAVE_STRING_H
| # if !defined STDC_HEADERS && defined HAVE_MEMORY_H
| #  include <memory.h>
| # endif
| # include <string.h>
| #endif
| #ifdef HAVE_STRINGS_H
| # include <strings.h>
| #endif
| #ifdef HAVE_INTTYPES_H
| # include <inttypes.h>
| #endif
| #ifdef HAVE_STDINT_H
| # include <stdint.h>
| #endif
| #ifdef HAVE_UNISTD_H
| # include <unistd.h>
| #endif
| #include <linux/soundcard.h>
configure:6847: result: no
configure:6851: checking linux/soundcard.h presence
configure:6866: gcc -E  conftest.c
conftest.c:28:29: fatal error: linux/soundcard.h: No such file or directory
 #include <linux/soundcard.h>
                             ^
compilation terminated.
configure:6873: $? = 1
configure: failed program was:
| /* confdefs.h.  */
| #define PACKAGE_NAME ""
| #define PACKAGE_TARNAME ""
| #define PACKAGE_VERSION ""
| #define PACKAGE_STRING ""
| #define PACKAGE_BUGREPORT ""
| #define ALLEGRO_COLOR8 1
| #define ALLEGRO_COLOR16 1
| #define ALLEGRO_COLOR24 1
| #define ALLEGRO_COLOR32 1
| #define ALLEGRO_MMX 1
| #define ALLEGRO_SSE 1
| #define ALLEGRO_ASM_PREFIX "_"
| #define STDC_HEADERS 1
| #define HAVE_SYS_TYPES_H 1
| #define HAVE_SYS_STAT_H 1
| #define HAVE_STDLIB_H 1
| #define HAVE_STRING_H 1
| #define HAVE_MEMORY_H 1
| #define HAVE_STRINGS_H 1
| #define HAVE_INTTYPES_H 1
| #define HAVE_STDINT_H 1
| #define HAVE_UNISTD_H 1
| #define ALLEGRO_LITTLE_ENDIAN 1
| #define ALLEGRO_USE_CONSTRUCTOR 1
| #define ALLEGRO_HAVE_LIBPTHREAD 1
| /* end confdefs.h.  */
| #include <linux/soundcard.h>
configure:6887: result: no
configure:6915: checking for linux/soundcard.h
configure:6922: result: no
configure:6939: checking for _oss_ioctl in -lossaudio
configure:6974: gcc -o conftest.exe    conftest.c -lossaudio  -lpthread  >&5
c:/mingw/bin/../lib/gcc/mingw32/4.8.1/../../../../mingw32/bin/ld.exe: cannot find -lossaudio
collect2.exe: error: ld returned 1 exit status
configure:6981: $? = 1
configure: failed program was:
| /* confdefs.h.  */
| #define PACKAGE_NAME ""
| #define PACKAGE_TARNAME ""
| #define PACKAGE_VERSION ""
| #define PACKAGE_STRING ""
| #define PACKAGE_BUGREPORT ""
| #define ALLEGRO_COLOR8 1
| #define ALLEGRO_COLOR16 1
| #define ALLEGRO_COLOR24 1
| #define ALLEGRO_COLOR32 1
| #define ALLEGRO_MMX 1
| #define ALLEGRO_SSE 1
| #define ALLEGRO_ASM_PREFIX "_"
| #define STDC_HEADERS 1
| #define HAVE_SYS_TYPES_H 1
| #define HAVE_SYS_STAT_H 1
| #define HAVE_STDLIB_H 1
| #define HAVE_STRING_H 1
| #define HAVE_MEMORY_H 1
| #define HAVE_STRINGS_H 1
| #define HAVE_INTTYPES_H 1
| #define HAVE_STDINT_H 1
| #define HAVE_UNISTD_H 1
| #define ALLEGRO_LITTLE_ENDIAN 1
| #define ALLEGRO_USE_CONSTRUCTOR 1
| #define ALLEGRO_HAVE_LIBPTHREAD 1
| /* end confdefs.h.  */
| 
| /* Override any GCC internal prototype to avoid an error.
|    Use char because int might match the return type of a GCC
|    builtin and then its argument prototype would still apply.  */
| #ifdef __cplusplus
| extern "C"
| #endif
| char _oss_ioctl ();
| int
| main ()
| {
| return _oss_ioctl ();
|   ;
|   return 0;
| }
configure:7002: result: no
configure:7036: checking for soundcard.h
configure:7041: result: no
configure:7171: checking for sys/soundcard.h
configure:7176: result: no
configure:7306: checking for machine/soundcard.h
configure:7311: result: no
configure:7441: checking for linux/soundcard.h
configure:7446: result: no
configure:7585: checking linux/awe_voice.h usability
configure:7602: gcc -c   conftest.c >&5
conftest.c:61:29: fatal error: linux/awe_voice.h: No such file or directory
 #include <linux/awe_voice.h>
                             ^
compilation terminated.
configure:7609: $? = 1
configure: failed program was:
| /* confdefs.h.  */
| #define PACKAGE_NAME ""
| #define PACKAGE_TARNAME ""
| #define PACKAGE_VERSION ""
| #define PACKAGE_STRING ""
| #define PACKAGE_BUGREPORT ""
| #define ALLEGRO_COLOR8 1
| #define ALLEGRO_COLOR16 1
| #define ALLEGRO_COLOR24 1
| #define ALLEGRO_COLOR32 1
| #define ALLEGRO_MMX 1
| #define ALLEGRO_SSE 1
| #define ALLEGRO_ASM_PREFIX "_"
| #define STDC_HEADERS 1
| #define HAVE_SYS_TYPES_H 1
| #define HAVE_SYS_STAT_H 1
| #define HAVE_STDLIB_H 1
| #define HAVE_STRING_H 1
| #define HAVE_MEMORY_H 1
| #define HAVE_STRINGS_H 1
| #define HAVE_INTTYPES_H 1
| #define HAVE_STDINT_H 1
| #define HAVE_UNISTD_H 1
| #define ALLEGRO_LITTLE_ENDIAN 1
| #define ALLEGRO_USE_CONSTRUCTOR 1
| #define ALLEGRO_HAVE_LIBPTHREAD 1
| /* end confdefs.h.  */
| #include <stdio.h>
| #ifdef HAVE_SYS_TYPES_H
| # include <sys/types.h>
| #endif
| #ifdef HAVE_SYS_STAT_H
| # include <sys/stat.h>
| #endif
| #ifdef STDC_HEADERS
| # include <stdlib.h>
| # include <stddef.h>
| #else
| # ifdef HAVE_STDLIB_H
| #  include <stdlib.h>
| # endif
| #endif
| #ifdef HAVE_STRING_H
| # if !defined STDC_HEADERS && defined HAVE_MEMORY_H
| #  include <memory.h>
| # endif
| # include <string.h>
| #endif
| #ifdef HAVE_STRINGS_H
| # include <strings.h>
| #endif
| #ifdef HAVE_INTTYPES_H
| # include <inttypes.h>
| #endif
| #ifdef HAVE_STDINT_H
| # include <stdint.h>
| #endif
| #ifdef HAVE_UNISTD_H
| # include <unistd.h>
| #endif
| #include <linux/awe_voice.h>
configure:7623: result: no
configure:7627: checking linux/awe_voice.h presence
configure:7642: gcc -E  conftest.c
conftest.c:28:29: fatal error: linux/awe_voice.h: No such file or directory
 #include <linux/awe_voice.h>
                             ^
compilation terminated.
configure:7649: $? = 1
configure: failed program was:
| /* confdefs.h.  */
| #define PACKAGE_NAME ""
| #define PACKAGE_TARNAME ""
| #define PACKAGE_VERSION ""
| #define PACKAGE_STRING ""
| #define PACKAGE_BUGREPORT ""
| #define ALLEGRO_COLOR8 1
| #define ALLEGRO_COLOR16 1
| #define ALLEGRO_COLOR24 1
| #define ALLEGRO_COLOR32 1
| #define ALLEGRO_MMX 1
| #define ALLEGRO_SSE 1
| #define ALLEGRO_ASM_PREFIX "_"
| #define STDC_HEADERS 1
| #define HAVE_SYS_TYPES_H 1
| #define HAVE_SYS_STAT_H 1
| #define HAVE_STDLIB_H 1
| #define HAVE_STRING_H 1
| #define HAVE_MEMORY_H 1
| #define HAVE_STRINGS_H 1
| #define HAVE_INTTYPES_H 1
| #define HAVE_STDINT_H 1
| #define HAVE_UNISTD_H 1
| #define ALLEGRO_LITTLE_ENDIAN 1
| #define ALLEGRO_USE_CONSTRUCTOR 1
| #define ALLEGRO_HAVE_LIBPTHREAD 1
| /* end confdefs.h.  */
| #include <linux/awe_voice.h>
configure:7663: result: no
configure:7691: checking for linux/awe_voice.h
configure:7698: result: no
configure:7712: checking for _oss_ioctl in -lossaudio
configure:7775: result: no
configure:7787: checking for OSS sequencer support
configure:7820: gcc -o conftest.exe    conftest.c -lpthread  >&5
conftest.c: In function 'main':
conftest.c:41:8: error: 'SNDCTL_SEQ_NRSYNTHS' undeclared (first use in this function)
 return SNDCTL_SEQ_NRSYNTHS;
        ^
conftest.c:41:8: note: each undeclared identifier is reported only once for each function it appears in
configure:7827: $? = 1
configure: failed program was:
| /* confdefs.h.  */
| #define PACKAGE_NAME ""
| #define PACKAGE_TARNAME ""
| #define PACKAGE_VERSION ""
| #define PACKAGE_STRING ""
| #define PACKAGE_BUGREPORT ""
| #define ALLEGRO_COLOR8 1
| #define ALLEGRO_COLOR16 1
| #define ALLEGRO_COLOR24 1
| #define ALLEGRO_COLOR32 1
| #define ALLEGRO_MMX 1
| #define ALLEGRO_SSE 1
| #define ALLEGRO_ASM_PREFIX "_"
| #define STDC_HEADERS 1
| #define HAVE_SYS_TYPES_H 1
| #define HAVE_SYS_STAT_H 1
| #define HAVE_STDLIB_H 1
| #define HAVE_STRING_H 1
| #define HAVE_MEMORY_H 1
| #define HAVE_STRINGS_H 1
| #define HAVE_INTTYPES_H 1
| #define HAVE_STDINT_H 1
| #define HAVE_UNISTD_H 1
| #define ALLEGRO_LITTLE_ENDIAN 1
| #define ALLEGRO_USE_CONSTRUCTOR 1
| #define ALLEGRO_HAVE_LIBPTHREAD 1
| /* end confdefs.h.  */
| 
|       #if ALLEGRO_HAVE_SOUNDCARD_H
|        #include <soundcard.h>
|       #elif ALLEGRO_HAVE_SYS_SOUNDCARD_H
|        #include <sys/soundcard.h>
|       #elif ALLEGRO_HAVE_MACHINE_SOUNDCARD_H
|        #include <machine/soundcard.h>
|       #elif ALLEGRO_HAVE_LINUX_SOUNDCARD_H
|        #include <linux/soundcard.h>
|       #endif
| int
| main ()
| {
| return SNDCTL_SEQ_NRSYNTHS;
| 
|   ;
|   return 0;
| }
configure:7851: result: no
configure:7877: checking for supported ALSA version for digital sound
configure:7907: gcc -c   conftest.c >&5
conftest.c:28:27: fatal error: sys/asoundlib.h: No such file or directory
 #include <sys/asoundlib.h>
                           ^
compilation terminated.
configure:7914: $? = 1
configure: failed program was:
| /* confdefs.h.  */
| #define PACKAGE_NAME ""
| #define PACKAGE_TARNAME ""
| #define PACKAGE_VERSION ""
| #define PACKAGE_STRING ""
| #define PACKAGE_BUGREPORT ""
| #define ALLEGRO_COLOR8 1
| #define ALLEGRO_COLOR16 1
| #define ALLEGRO_COLOR24 1
| #define ALLEGRO_COLOR32 1
| #define ALLEGRO_MMX 1
| #define ALLEGRO_SSE 1
| #define ALLEGRO_ASM_PREFIX "_"
| #define STDC_HEADERS 1
| #define HAVE_SYS_TYPES_H 1
| #define HAVE_SYS_STAT_H 1
| #define HAVE_STDLIB_H 1
| #define HAVE_STRING_H 1
| #define HAVE_MEMORY_H 1
| #define HAVE_STRINGS_H 1
| #define HAVE_INTTYPES_H 1
| #define HAVE_STDINT_H 1
| #define HAVE_UNISTD_H 1
| #define ALLEGRO_LITTLE_ENDIAN 1
| #define ALLEGRO_USE_CONSTRUCTOR 1
| #define ALLEGRO_HAVE_LIBPTHREAD 1
| /* end confdefs.h.  */
| #include <sys/asoundlib.h>
|                   #if (SND_LIB_MAJOR > 0) || (SND_LIB_MAJOR == 0 && SND_LIB_MINOR == 9 && SND_LIB_SUBMINOR >= 1)
|                   #else
|                   #error
|                   #endif
| int
| main ()
| {
| 
|   ;
|   return 0;
| }
configure:7950: gcc -c   conftest.c >&5
conftest.c:28:27: fatal error: sys/asoundlib.h: No such file or directory
 #include <sys/asoundlib.h>
                           ^
compilation terminated.
configure:7957: $? = 1
configure: failed program was:
| /* confdefs.h.  */
| #define PACKAGE_NAME ""
| #define PACKAGE_TARNAME ""
| #define PACKAGE_VERSION ""
| #define PACKAGE_STRING ""
| #define PACKAGE_BUGREPORT ""
| #define ALLEGRO_COLOR8 1
| #define ALLEGRO_COLOR16 1
| #define ALLEGRO_COLOR24 1
| #define ALLEGRO_COLOR32 1
| #define ALLEGRO_MMX 1
| #define ALLEGRO_SSE 1
| #define ALLEGRO_ASM_PREFIX "_"
| #define STDC_HEADERS 1
| #define HAVE_SYS_TYPES_H 1
| #define HAVE_SYS_STAT_H 1
| #define HAVE_STDLIB_H 1
| #define HAVE_STRING_H 1
| #define HAVE_MEMORY_H 1
| #define HAVE_STRINGS_H 1
| #define HAVE_INTTYPES_H 1
| #define HAVE_STDINT_H 1
| #define HAVE_UNISTD_H 1
| #define ALLEGRO_LITTLE_ENDIAN 1
| #define ALLEGRO_USE_CONSTRUCTOR 1
| #define ALLEGRO_HAVE_LIBPTHREAD 1
| /* end confdefs.h.  */
| #include <sys/asoundlib.h>
|                   #if SND_LIB_MAJOR == 0 && SND_LIB_MINOR == 5
|                   #else
|                   #error
|                   #endif
| int
| main ()
| {
| 
|   ;
|   return 0;
| }
configure:7976: result: no
configure:8016: checking for supported ALSA version for MIDI
configure:8046: gcc -c   conftest.c >&5
conftest.c:28:27: fatal error: sys/asoundlib.h: No such file or directory
 #include <sys/asoundlib.h>
                           ^
compilation terminated.
configure:8053: $? = 1
configure: failed program was:
| /* confdefs.h.  */
| #define PACKAGE_NAME ""
| #define PACKAGE_TARNAME ""
| #define PACKAGE_VERSION ""
| #define PACKAGE_STRING ""
| #define PACKAGE_BUGREPORT ""
| #define ALLEGRO_COLOR8 1
| #define ALLEGRO_COLOR16 1
| #define ALLEGRO_COLOR24 1
| #define ALLEGRO_COLOR32 1
| #define ALLEGRO_MMX 1
| #define ALLEGRO_SSE 1
| #define ALLEGRO_ASM_PREFIX "_"
| #define STDC_HEADERS 1
| #define HAVE_SYS_TYPES_H 1
| #define HAVE_SYS_STAT_H 1
| #define HAVE_STDLIB_H 1
| #define HAVE_STRING_H 1
| #define HAVE_MEMORY_H 1
| #define HAVE_STRINGS_H 1
| #define HAVE_INTTYPES_H 1
| #define HAVE_STDINT_H 1
| #define HAVE_UNISTD_H 1
| #define ALLEGRO_LITTLE_ENDIAN 1
| #define ALLEGRO_USE_CONSTRUCTOR 1
| #define ALLEGRO_HAVE_LIBPTHREAD 1
| /* end confdefs.h.  */
| #include <sys/asoundlib.h>
|                   #if (SND_LIB_MAJOR > 0) || (SND_LIB_MAJOR == 0 && SND_LIB_MINOR == 9)
|                   #else
|                   #error
|                   #endif
| int
| main ()
| {
| 
|   ;
|   return 0;
| }
configure:8089: gcc -c   conftest.c >&5
conftest.c:28:27: fatal error: sys/asoundlib.h: No such file or directory
 #include <sys/asoundlib.h>
                           ^
compilation terminated.
configure:8096: $? = 1
configure: failed program was:
| /* confdefs.h.  */
| #define PACKAGE_NAME ""
| #define PACKAGE_TARNAME ""
| #define PACKAGE_VERSION ""
| #define PACKAGE_STRING ""
| #define PACKAGE_BUGREPORT ""
| #define ALLEGRO_COLOR8 1
| #define ALLEGRO_COLOR16 1
| #define ALLEGRO_COLOR24 1
| #define ALLEGRO_COLOR32 1
| #define ALLEGRO_MMX 1
| #define ALLEGRO_SSE 1
| #define ALLEGRO_ASM_PREFIX "_"
| #define STDC_HEADERS 1
| #define HAVE_SYS_TYPES_H 1
| #define HAVE_SYS_STAT_H 1
| #define HAVE_STDLIB_H 1
| #define HAVE_STRING_H 1
| #define HAVE_MEMORY_H 1
| #define HAVE_STRINGS_H 1
| #define HAVE_INTTYPES_H 1
| #define HAVE_STDINT_H 1
| #define HAVE_UNISTD_H 1
| #define ALLEGRO_LITTLE_ENDIAN 1
| #define ALLEGRO_USE_CONSTRUCTOR 1
| #define ALLEGRO_HAVE_LIBPTHREAD 1
| /* end confdefs.h.  */
| #include <sys/asoundlib.h>
|                   #if SND_LIB_MAJOR == 0 && SND_LIB_MINOR == 5
|                   #else
|                   #error
|                   #endif
| int
| main ()
| {
| 
|   ;
|   return 0;
| }
configure:8115: result: no
configure:8158: checking for esd-config
configure:8191: result: no
configure:8285: checking for artsc-config
configure:8318: result: no
configure:8410: checking for alOpenPort in -laudio
configure:8445: gcc -o conftest.exe    conftest.c -laudio  -lpthread  >&5
c:/mingw/bin/../lib/gcc/mingw32/4.8.1/../../../../mingw32/bin/ld.exe: cannot find -laudio
collect2.exe: error: ld returned 1 exit status
configure:8452: $? = 1
configure: failed program was:
| /* confdefs.h.  */
| #define PACKAGE_NAME ""
| #define PACKAGE_TARNAME ""
| #define PACKAGE_VERSION ""
| #define PACKAGE_STRING ""
| #define PACKAGE_BUGREPORT ""
| #define ALLEGRO_COLOR8 1
| #define ALLEGRO_COLOR16 1
| #define ALLEGRO_COLOR24 1
| #define ALLEGRO_COLOR32 1
| #define ALLEGRO_MMX 1
| #define ALLEGRO_SSE 1
| #define ALLEGRO_ASM_PREFIX "_"
| #define STDC_HEADERS 1
| #define HAVE_SYS_TYPES_H 1
| #define HAVE_SYS_STAT_H 1
| #define HAVE_STDLIB_H 1
| #define HAVE_STRING_H 1
| #define HAVE_MEMORY_H 1
| #define HAVE_STRINGS_H 1
| #define HAVE_INTTYPES_H 1
| #define HAVE_STDINT_H 1
| #define HAVE_UNISTD_H 1
| #define ALLEGRO_LITTLE_ENDIAN 1
| #define ALLEGRO_USE_CONSTRUCTOR 1
| #define ALLEGRO_HAVE_LIBPTHREAD 1
| /* end confdefs.h.  */
| 
| /* Override any GCC internal prototype to avoid an error.
|    Use char because int might match the return type of a GCC
|    builtin and then its argument prototype would still apply.  */
| #ifdef __cplusplus
| extern "C"
| #endif
| char alOpenPort ();
| int
| main ()
| {
| return alOpenPort ();
|   ;
|   return 0;
| }
configure:8473: result: no
configure:8506: checking for pkg-config
configure:8524: found /c/MinGW/bin/pkg-config
configure:8536: result: /c/MinGW/bin/pkg-config
configure:8549: checking for jack_client_new
configure:8572: gcc -o conftest.exe     conftest.c  -lpthread  >&5
conftest.c:28:23: fatal error: jack/jack.h: No such file or directory
 #include <jack/jack.h>
                       ^
compilation terminated.
configure:8579: $? = 1
configure: failed program was:
| /* confdefs.h.  */
| #define PACKAGE_NAME ""
| #define PACKAGE_TARNAME ""
| #define PACKAGE_VERSION ""
| #define PACKAGE_STRING ""
| #define PACKAGE_BUGREPORT ""
| #define ALLEGRO_COLOR8 1
| #define ALLEGRO_COLOR16 1
| #define ALLEGRO_COLOR24 1
| #define ALLEGRO_COLOR32 1
| #define ALLEGRO_MMX 1
| #define ALLEGRO_SSE 1
| #define ALLEGRO_ASM_PREFIX "_"
| #define STDC_HEADERS 1
| #define HAVE_SYS_TYPES_H 1
| #define HAVE_SYS_STAT_H 1
| #define HAVE_STDLIB_H 1
| #define HAVE_STRING_H 1
| #define HAVE_MEMORY_H 1
| #define HAVE_STRINGS_H 1
| #define HAVE_INTTYPES_H 1
| #define HAVE_STDINT_H 1
| #define HAVE_UNISTD_H 1
| #define ALLEGRO_LITTLE_ENDIAN 1
| #define ALLEGRO_USE_CONSTRUCTOR 1
| #define ALLEGRO_HAVE_LIBPTHREAD 1
| /* end confdefs.h.  */
| #include <jack/jack.h>
| int
| main ()
| {
| jack_client_new(0);
|   ;
|   return 0;
| }
configure:8606: result: no
configure:8640: checking sys/procfs.h usability
configure:8657: gcc -c   conftest.c >&5
conftest.c:61:24: fatal error: sys/procfs.h: No such file or directory
 #include <sys/procfs.h>
                        ^
compilation terminated.
configure:8664: $? = 1
configure: failed program was:
| /* confdefs.h.  */
| #define PACKAGE_NAME ""
| #define PACKAGE_TARNAME ""
| #define PACKAGE_VERSION ""
| #define PACKAGE_STRING ""
| #define PACKAGE_BUGREPORT ""
| #define ALLEGRO_COLOR8 1
| #define ALLEGRO_COLOR16 1
| #define ALLEGRO_COLOR24 1
| #define ALLEGRO_COLOR32 1
| #define ALLEGRO_MMX 1
| #define ALLEGRO_SSE 1
| #define ALLEGRO_ASM_PREFIX "_"
| #define STDC_HEADERS 1
| #define HAVE_SYS_TYPES_H 1
| #define HAVE_SYS_STAT_H 1
| #define HAVE_STDLIB_H 1
| #define HAVE_STRING_H 1
| #define HAVE_MEMORY_H 1
| #define HAVE_STRINGS_H 1
| #define HAVE_INTTYPES_H 1
| #define HAVE_STDINT_H 1
| #define HAVE_UNISTD_H 1
| #define ALLEGRO_LITTLE_ENDIAN 1
| #define ALLEGRO_USE_CONSTRUCTOR 1
| #define ALLEGRO_HAVE_LIBPTHREAD 1
| /* end confdefs.h.  */
| #include <stdio.h>
| #ifdef HAVE_SYS_TYPES_H
| # include <sys/types.h>
| #endif
| #ifdef HAVE_SYS_STAT_H
| # include <sys/stat.h>
| #endif
| #ifdef STDC_HEADERS
| # include <stdlib.h>
| # include <stddef.h>
| #else
| # ifdef HAVE_STDLIB_H
| #  include <stdlib.h>
| # endif
| #endif
| #ifdef HAVE_STRING_H
| # if !defined STDC_HEADERS && defined HAVE_MEMORY_H
| #  include <memory.h>
| # endif
| # include <string.h>
| #endif
| #ifdef HAVE_STRINGS_H
| # include <strings.h>
| #endif
| #ifdef HAVE_INTTYPES_H
| # include <inttypes.h>
| #endif
| #ifdef HAVE_STDINT_H
| # include <stdint.h>
| #endif
| #ifdef HAVE_UNISTD_H
| # include <unistd.h>
| #endif
| #include <sys/procfs.h>
configure:8678: result: no
configure:8682: checking sys/procfs.h presence
configure:8697: gcc -E  conftest.c
conftest.c:28:24: fatal error: sys/procfs.h: No such file or directory
 #include <sys/procfs.h>
                        ^
compilation terminated.
configure:8704: $? = 1
configure: failed program was:
| /* confdefs.h.  */
| #define PACKAGE_NAME ""
| #define PACKAGE_TARNAME ""
| #define PACKAGE_VERSION ""
| #define PACKAGE_STRING ""
| #define PACKAGE_BUGREPORT ""
| #define ALLEGRO_COLOR8 1
| #define ALLEGRO_COLOR16 1
| #define ALLEGRO_COLOR24 1
| #define ALLEGRO_COLOR32 1
| #define ALLEGRO_MMX 1
| #define ALLEGRO_SSE 1
| #define ALLEGRO_ASM_PREFIX "_"
| #define STDC_HEADERS 1
| #define HAVE_SYS_TYPES_H 1
| #define HAVE_SYS_STAT_H 1
| #define HAVE_STDLIB_H 1
| #define HAVE_STRING_H 1
| #define HAVE_MEMORY_H 1
| #define HAVE_STRINGS_H 1
| #define HAVE_INTTYPES_H 1
| #define HAVE_STDINT_H 1
| #define HAVE_UNISTD_H 1
| #define ALLEGRO_LITTLE_ENDIAN 1
| #define ALLEGRO_USE_CONSTRUCTOR 1
| #define ALLEGRO_HAVE_LIBPTHREAD 1
| /* end confdefs.h.  */
| #include <sys/procfs.h>
configure:8718: result: no
configure:8746: checking for sys/procfs.h
configure:8753: result: no
configure:8874: checking for getexecname in -lc
configure:8909: gcc -o conftest.exe    conftest.c -lc  -lpthread  >&5
c:/mingw/bin/../lib/gcc/mingw32/4.8.1/../../../../mingw32/bin/ld.exe: cannot find -lc
collect2.exe: error: ld returned 1 exit status
configure:8916: $? = 1
configure: failed program was:
| /* confdefs.h.  */
| #define PACKAGE_NAME ""
| #define PACKAGE_TARNAME ""
| #define PACKAGE_VERSION ""
| #define PACKAGE_STRING ""
| #define PACKAGE_BUGREPORT ""
| #define ALLEGRO_COLOR8 1
| #define ALLEGRO_COLOR16 1
| #define ALLEGRO_COLOR24 1
| #define ALLEGRO_COLOR32 1
| #define ALLEGRO_MMX 1
| #define ALLEGRO_SSE 1
| #define ALLEGRO_ASM_PREFIX "_"
| #define STDC_HEADERS 1
| #define HAVE_SYS_TYPES_H 1
| #define HAVE_SYS_STAT_H 1
| #define HAVE_STDLIB_H 1
| #define HAVE_STRING_H 1
| #define HAVE_MEMORY_H 1
| #define HAVE_STRINGS_H 1
| #define HAVE_INTTYPES_H 1
| #define HAVE_STDINT_H 1
| #define HAVE_UNISTD_H 1
| #define ALLEGRO_LITTLE_ENDIAN 1
| #define ALLEGRO_USE_CONSTRUCTOR 1
| #define ALLEGRO_HAVE_LIBPTHREAD 1
| /* end confdefs.h.  */
| 
| /* Override any GCC internal prototype to avoid an error.
|    Use char because int might match the return type of a GCC
|    builtin and then its argument prototype would still apply.  */
| #ifdef __cplusplus
| extern "C"
| #endif
| char getexecname ();
| int
| main ()
| {
| return getexecname ();
|   ;
|   return 0;
| }
configure:8937: result: no
configure:8996: checking for X
configure:9111: gcc -E  conftest.c
configure:9118: $? = 0
configure:9167: gcc -o conftest.exe    conftest.c -lX11 -lpthread  >&5
c:/mingw/bin/../lib/gcc/mingw32/4.8.1/../../../../mingw32/bin/ld.exe: cannot find -lX11
collect2.exe: error: ld returned 1 exit status
configure:9174: $? = 1
configure: failed program was:
| /* confdefs.h.  */
| #define PACKAGE_NAME ""
| #define PACKAGE_TARNAME ""
| #define PACKAGE_VERSION ""
| #define PACKAGE_STRING ""
| #define PACKAGE_BUGREPORT ""
| #define ALLEGRO_COLOR8 1
| #define ALLEGRO_COLOR16 1
| #define ALLEGRO_COLOR24 1
| #define ALLEGRO_COLOR32 1
| #define ALLEGRO_MMX 1
| #define ALLEGRO_SSE 1
| #define ALLEGRO_ASM_PREFIX "_"
| #define STDC_HEADERS 1
| #define HAVE_SYS_TYPES_H 1
| #define HAVE_SYS_STAT_H 1
| #define HAVE_STDLIB_H 1
| #define HAVE_STRING_H 1
| #define HAVE_MEMORY_H 1
| #define HAVE_STRINGS_H 1
| #define HAVE_INTTYPES_H 1
| #define HAVE_STDINT_H 1
| #define HAVE_UNISTD_H 1
| #define ALLEGRO_LITTLE_ENDIAN 1
| #define ALLEGRO_USE_CONSTRUCTOR 1
| #define ALLEGRO_HAVE_LIBPTHREAD 1
| /* end confdefs.h.  */
| #include <X11/Xlib.h>
| int
| main ()
| {
| XrmInitialize ()
|   ;
|   return 0;
| }
configure:9225: result: no
configure:11071: checking dirent.h usability
configure:11088: gcc -c   conftest.c >&5
configure:11095: $? = 0
configure:11109: result: yes
configure:11113: checking dirent.h presence
configure:11128: gcc -E  conftest.c
configure:11135: $? = 0
configure:11149: result: yes
configure:11177: checking for dirent.h
configure:11184: result: yes
configure:11197: checking for inttypes.h
configure:11202: result: yes
configure:11332: checking for stdint.h
configure:11337: result: yes
configure:11467: checking for sys/stat.h
configure:11472: result: yes
configure:11611: checking sys/time.h usability
configure:11628: gcc -c   conftest.c >&5
configure:11635: $? = 0
configure:11649: result: yes
configure:11653: checking sys/time.h presence
configure:11668: gcc -E  conftest.c
configure:11675: $? = 0
configure:11689: result: yes
configure:11717: checking for sys/time.h
configure:11724: result: yes
configure:11737: checking for sys/time.h
configure:11742: result: yes
configure:11881: checking sys/utsname.h usability
configure:11898: gcc -c   conftest.c >&5
conftest.c:67:25: fatal error: sys/utsname.h: No such file or directory
 #include <sys/utsname.h>
                         ^
compilation terminated.
configure:11905: $? = 1
configure: failed program was:
| /* confdefs.h.  */
| #define PACKAGE_NAME ""
| #define PACKAGE_TARNAME ""
| #define PACKAGE_VERSION ""
| #define PACKAGE_STRING ""
| #define PACKAGE_BUGREPORT ""
| #define ALLEGRO_COLOR8 1
| #define ALLEGRO_COLOR16 1
| #define ALLEGRO_COLOR24 1
| #define ALLEGRO_COLOR32 1
| #define ALLEGRO_MMX 1
| #define ALLEGRO_SSE 1
| #define ALLEGRO_ASM_PREFIX "_"
| #define STDC_HEADERS 1
| #define HAVE_SYS_TYPES_H 1
| #define HAVE_SYS_STAT_H 1
| #define HAVE_STDLIB_H 1
| #define HAVE_STRING_H 1
| #define HAVE_MEMORY_H 1
| #define HAVE_STRINGS_H 1
| #define HAVE_INTTYPES_H 1
| #define HAVE_STDINT_H 1
| #define HAVE_UNISTD_H 1
| #define ALLEGRO_LITTLE_ENDIAN 1
| #define ALLEGRO_USE_CONSTRUCTOR 1
| #define ALLEGRO_HAVE_LIBPTHREAD 1
| #define ALLEGRO_HAVE_DIRENT_H 1
| #define ALLEGRO_HAVE_INTTYPES_H 1
| #define ALLEGRO_HAVE_STDINT_H 1
| #define ALLEGRO_HAVE_SYS_STAT_H 1
| #define ALLEGRO_HAVE_SYS_TIME_H 1
| #define ALLEGRO_HAVE_SYS_TIME_H 1
| /* end confdefs.h.  */
| #include <stdio.h>
| #ifdef HAVE_SYS_TYPES_H
| # include <sys/types.h>
| #endif
| #ifdef HAVE_SYS_STAT_H
| # include <sys/stat.h>
| #endif
| #ifdef STDC_HEADERS
| # include <stdlib.h>
| # include <stddef.h>
| #else
| # ifdef HAVE_STDLIB_H
| #  include <stdlib.h>
| # endif
| #endif
| #ifdef HAVE_STRING_H
| # if !defined STDC_HEADERS && defined HAVE_MEMORY_H
| #  include <memory.h>
| # endif
| # include <string.h>
| #endif
| #ifdef HAVE_STRINGS_H
| # include <strings.h>
| #endif
| #ifdef HAVE_INTTYPES_H
| # include <inttypes.h>
| #endif
| #ifdef HAVE_STDINT_H
| # include <stdint.h>
| #endif
| #ifdef HAVE_UNISTD_H
| # include <unistd.h>
| #endif
| #include <sys/utsname.h>
configure:11919: result: no
configure:11923: checking sys/utsname.h presence
configure:11938: gcc -E  conftest.c
conftest.c:34:25: fatal error: sys/utsname.h: No such file or directory
 #include <sys/utsname.h>
                         ^
compilation terminated.
configure:11945: $? = 1
configure: failed program was:
| /* confdefs.h.  */
| #define PACKAGE_NAME ""
| #define PACKAGE_TARNAME ""
| #define PACKAGE_VERSION ""
| #define PACKAGE_STRING ""
| #define PACKAGE_BUGREPORT ""
| #define ALLEGRO_COLOR8 1
| #define ALLEGRO_COLOR16 1
| #define ALLEGRO_COLOR24 1
| #define ALLEGRO_COLOR32 1
| #define ALLEGRO_MMX 1
| #define ALLEGRO_SSE 1
| #define ALLEGRO_ASM_PREFIX "_"
| #define STDC_HEADERS 1
| #define HAVE_SYS_TYPES_H 1
| #define HAVE_SYS_STAT_H 1
| #define HAVE_STDLIB_H 1
| #define HAVE_STRING_H 1
| #define HAVE_MEMORY_H 1
| #define HAVE_STRINGS_H 1
| #define HAVE_INTTYPES_H 1
| #define HAVE_STDINT_H 1
| #define HAVE_UNISTD_H 1
| #define ALLEGRO_LITTLE_ENDIAN 1
| #define ALLEGRO_USE_CONSTRUCTOR 1
| #define ALLEGRO_HAVE_LIBPTHREAD 1
| #define ALLEGRO_HAVE_DIRENT_H 1
| #define ALLEGRO_HAVE_INTTYPES_H 1
| #define ALLEGRO_HAVE_STDINT_H 1
| #define ALLEGRO_HAVE_SYS_STAT_H 1
| #define ALLEGRO_HAVE_SYS_TIME_H 1
| #define ALLEGRO_HAVE_SYS_TIME_H 1
| /* end confdefs.h.  */
| #include <sys/utsname.h>
configure:11959: result: no
configure:11987: checking for sys/utsname.h
configure:11994: result: no
configure:12009: checking for an ANSI C-conforming const
configure:12084: gcc -c   conftest.c >&5
configure:12091: $? = 0
configure:12106: result: yes
configure:12120: checking for inline
configure:12146: gcc -c   conftest.c >&5
configure:12153: $? = 0
configure:12171: result: inline
configure:12193: checking for size_t
configure:12221: gcc -c   conftest.c >&5
configure:12228: $? = 0
configure:12255: gcc -c   conftest.c >&5
conftest.c: In function 'main':
conftest.c:70:21: error: expected expression before ')' token
 if (sizeof ((size_t)))
                     ^
configure:12262: $? = 1
configure: failed program was:
| /* confdefs.h.  */
| #define PACKAGE_NAME ""
| #define PACKAGE_TARNAME ""
| #define PACKAGE_VERSION ""
| #define PACKAGE_STRING ""
| #define PACKAGE_BUGREPORT ""
| #define ALLEGRO_COLOR8 1
| #define ALLEGRO_COLOR16 1
| #define ALLEGRO_COLOR24 1
| #define ALLEGRO_COLOR32 1
| #define ALLEGRO_MMX 1
| #define ALLEGRO_SSE 1
| #define ALLEGRO_ASM_PREFIX "_"
| #define STDC_HEADERS 1
| #define HAVE_SYS_TYPES_H 1
| #define HAVE_SYS_STAT_H 1
| #define HAVE_STDLIB_H 1
| #define HAVE_STRING_H 1
| #define HAVE_MEMORY_H 1
| #define HAVE_STRINGS_H 1
| #define HAVE_INTTYPES_H 1
| #define HAVE_STDINT_H 1
| #define HAVE_UNISTD_H 1
| #define ALLEGRO_LITTLE_ENDIAN 1
| #define ALLEGRO_USE_CONSTRUCTOR 1
| #define ALLEGRO_HAVE_LIBPTHREAD 1
| #define ALLEGRO_HAVE_DIRENT_H 1
| #define ALLEGRO_HAVE_INTTYPES_H 1
| #define ALLEGRO_HAVE_STDINT_H 1
| #define ALLEGRO_HAVE_SYS_STAT_H 1
| #define ALLEGRO_HAVE_SYS_TIME_H 1
| #define ALLEGRO_HAVE_SYS_TIME_H 1
| /* end confdefs.h.  */
| #include <stdio.h>
| #ifdef HAVE_SYS_TYPES_H
| # include <sys/types.h>
| #endif
| #ifdef HAVE_SYS_STAT_H
| # include <sys/stat.h>
| #endif
| #ifdef STDC_HEADERS
| # include <stdlib.h>
| # include <stddef.h>
| #else
| # ifdef HAVE_STDLIB_H
| #  include <stdlib.h>
| # endif
| #endif
| #ifdef HAVE_STRING_H
| # if !defined STDC_HEADERS && defined HAVE_MEMORY_H
| #  include <memory.h>
| # endif
| # include <string.h>
| #endif
| #ifdef HAVE_STRINGS_H
| # include <strings.h>
| #endif
| #ifdef HAVE_INTTYPES_H
| # include <inttypes.h>
| #endif
| #ifdef HAVE_STDINT_H
| # include <stdint.h>
| #endif
| #ifdef HAVE_UNISTD_H
| # include <unistd.h>
| #endif
| int
| main ()
| {
| if (sizeof ((size_t)))
| 	  return 0;
|   ;
|   return 0;
| }
configure:12285: result: yes
configure:12301: checking return type of signal handlers
configure:12329: gcc -c   conftest.c >&5
conftest.c: In function 'main':
conftest.c:40:1: error: void value not ignored as it ought to be
 return *(signal (0, 0)) (0) == 1;
 ^
configure:12336: $? = 1
configure: failed program was:
| /* confdefs.h.  */
| #define PACKAGE_NAME ""
| #define PACKAGE_TARNAME ""
| #define PACKAGE_VERSION ""
| #define PACKAGE_STRING ""
| #define PACKAGE_BUGREPORT ""
| #define ALLEGRO_COLOR8 1
| #define ALLEGRO_COLOR16 1
| #define ALLEGRO_COLOR24 1
| #define ALLEGRO_COLOR32 1
| #define ALLEGRO_MMX 1
| #define ALLEGRO_SSE 1
| #define ALLEGRO_ASM_PREFIX "_"
| #define STDC_HEADERS 1
| #define HAVE_SYS_TYPES_H 1
| #define HAVE_SYS_STAT_H 1
| #define HAVE_STDLIB_H 1
| #define HAVE_STRING_H 1
| #define HAVE_MEMORY_H 1
| #define HAVE_STRINGS_H 1
| #define HAVE_INTTYPES_H 1
| #define HAVE_STDINT_H 1
| #define HAVE_UNISTD_H 1
| #define ALLEGRO_LITTLE_ENDIAN 1
| #define ALLEGRO_USE_CONSTRUCTOR 1
| #define ALLEGRO_HAVE_LIBPTHREAD 1
| #define ALLEGRO_HAVE_DIRENT_H 1
| #define ALLEGRO_HAVE_INTTYPES_H 1
| #define ALLEGRO_HAVE_STDINT_H 1
| #define ALLEGRO_HAVE_SYS_STAT_H 1
| #define ALLEGRO_HAVE_SYS_TIME_H 1
| #define ALLEGRO_HAVE_SYS_TIME_H 1
| /* end confdefs.h.  */
| #include <sys/types.h>
| #include <signal.h>
| 
| int
| main ()
| {
| return *(signal (0, 0)) (0) == 1;
|   ;
|   return 0;
| }
configure:12351: result: void
configure:12360: checking for mmap
configure:12416: gcc -o conftest.exe    conftest.c -lm -lpthread  >&5
C:\Users\bibi\AppData\Local\Temp\ccSXlxSe.o:conftest.c:(.text+0xc): undefined reference to `mmap'
collect2.exe: error: ld returned 1 exit status
configure:12423: $? = 1
configure: failed program was:
| /* confdefs.h.  */
| #define PACKAGE_NAME ""
| #define PACKAGE_TARNAME ""
| #define PACKAGE_VERSION ""
| #define PACKAGE_STRING ""
| #define PACKAGE_BUGREPORT ""
| #define ALLEGRO_COLOR8 1
| #define ALLEGRO_COLOR16 1
| #define ALLEGRO_COLOR24 1
| #define ALLEGRO_COLOR32 1
| #define ALLEGRO_MMX 1
| #define ALLEGRO_SSE 1
| #define ALLEGRO_ASM_PREFIX "_"
| #define STDC_HEADERS 1
| #define HAVE_SYS_TYPES_H 1
| #define HAVE_SYS_STAT_H 1
| #define HAVE_STDLIB_H 1
| #define HAVE_STRING_H 1
| #define HAVE_MEMORY_H 1
| #define HAVE_STRINGS_H 1
| #define HAVE_INTTYPES_H 1
| #define HAVE_STDINT_H 1
| #define HAVE_UNISTD_H 1
| #define ALLEGRO_LITTLE_ENDIAN 1
| #define ALLEGRO_USE_CONSTRUCTOR 1
| #define ALLEGRO_HAVE_LIBPTHREAD 1
| #define ALLEGRO_HAVE_DIRENT_H 1
| #define ALLEGRO_HAVE_INTTYPES_H 1
| #define ALLEGRO_HAVE_STDINT_H 1
| #define ALLEGRO_HAVE_SYS_STAT_H 1
| #define ALLEGRO_HAVE_SYS_TIME_H 1
| #define ALLEGRO_HAVE_SYS_TIME_H 1
| #define RETSIGTYPE void
| /* end confdefs.h.  */
| /* Define mmap to an innocuous variant, in case <limits.h> declares mmap.
|    For example, HP-UX 11i <limits.h> declares gettimeofday.  */
| #define mmap innocuous_mmap
| 
| /* System header to define __stub macros and hopefully few prototypes,
|     which can conflict with char mmap (); below.
|     Prefer <limits.h> to <assert.h> if __STDC__ is defined, since
|     <limits.h> exists even on freestanding compilers.  */
| 
| #ifdef __STDC__
| # include <limits.h>
| #else
| # include <assert.h>
| #endif
| 
| #undef mmap
| 
| /* Override any GCC internal prototype to avoid an error.
|    Use char because int might match the return type of a GCC
|    builtin and then its argument prototype would still apply.  */
| #ifdef __cplusplus
| extern "C"
| #endif
| char mmap ();
| /* The GNU C library defines this for functions which it implements
|     to always fail with ENOSYS.  Some functions are actually named
|     something starting with __ and the normal name is an alias.  */
| #if defined __stub_mmap || defined __stub___mmap
| choke me
| #endif
| 
| int
| main ()
| {
| return mmap ();
|   ;
|   return 0;
| }
configure:12443: result: no
configure:12452: checking for mprotect
configure:12508: gcc -o conftest.exe    conftest.c -lm -lpthread  >&5
configure:12515: $? = 0
configure:12535: result: yes
configure:12544: checking for memcmp
configure:12600: gcc -o conftest.exe    conftest.c -lm -lpthread  >&5
conftest.c:59:6: warning: conflicting types for built-in function 'memcmp' [enabled by default]
 char memcmp ();
      ^
configure:12607: $? = 0
configure:12627: result: yes
configure:12636: checking for mkstemp
configure:12692: gcc -o conftest.exe    conftest.c -lm -lpthread  >&5
C:\Users\bibi\AppData\Local\Temp\cc8CBiw4.o:conftest.c:(.text+0xc): undefined reference to `mkstemp'
collect2.exe: error: ld returned 1 exit status
configure:12699: $? = 1
configure: failed program was:
| /* confdefs.h.  */
| #define PACKAGE_NAME ""
| #define PACKAGE_TARNAME ""
| #define PACKAGE_VERSION ""
| #define PACKAGE_STRING ""
| #define PACKAGE_BUGREPORT ""
| #define ALLEGRO_COLOR8 1
| #define ALLEGRO_COLOR16 1
| #define ALLEGRO_COLOR24 1
| #define ALLEGRO_COLOR32 1
| #define ALLEGRO_MMX 1
| #define ALLEGRO_SSE 1
| #define ALLEGRO_ASM_PREFIX "_"
| #define STDC_HEADERS 1
| #define HAVE_SYS_TYPES_H 1
| #define HAVE_SYS_STAT_H 1
| #define HAVE_STDLIB_H 1
| #define HAVE_STRING_H 1
| #define HAVE_MEMORY_H 1
| #define HAVE_STRINGS_H 1
| #define HAVE_INTTYPES_H 1
| #define HAVE_STDINT_H 1
| #define HAVE_UNISTD_H 1
| #define ALLEGRO_LITTLE_ENDIAN 1
| #define ALLEGRO_USE_CONSTRUCTOR 1
| #define ALLEGRO_HAVE_LIBPTHREAD 1
| #define ALLEGRO_HAVE_DIRENT_H 1
| #define ALLEGRO_HAVE_INTTYPES_H 1
| #define ALLEGRO_HAVE_STDINT_H 1
| #define ALLEGRO_HAVE_SYS_STAT_H 1
| #define ALLEGRO_HAVE_SYS_TIME_H 1
| #define ALLEGRO_HAVE_SYS_TIME_H 1
| #define RETSIGTYPE void
| #define ALLEGRO_HAVE_MPROTECT 1
| #define ALLEGRO_HAVE_MEMCMP 1
| /* end confdefs.h.  */
| /* Define mkstemp to an innocuous variant, in case <limits.h> declares mkstemp.
|    For example, HP-UX 11i <limits.h> declares gettimeofday.  */
| #define mkstemp innocuous_mkstemp
| 
| /* System header to define __stub macros and hopefully few prototypes,
|     which can conflict with char mkstemp (); below.
|     Prefer <limits.h> to <assert.h> if __STDC__ is defined, since
|     <limits.h> exists even on freestanding compilers.  */
| 
| #ifdef __STDC__
| # include <limits.h>
| #else
| # include <assert.h>
| #endif
| 
| #undef mkstemp
| 
| /* Override any GCC internal prototype to avoid an error.
|    Use char because int might match the return type of a GCC
|    builtin and then its argument prototype would still apply.  */
| #ifdef __cplusplus
| extern "C"
| #endif
| char mkstemp ();
| /* The GNU C library defines this for functions which it implements
|     to always fail with ENOSYS.  Some functions are actually named
|     something starting with __ and the normal name is an alias.  */
| #if defined __stub_mkstemp || defined __stub___mkstemp
| choke me
| #endif
| 
| int
| main ()
| {
| return mkstemp ();
|   ;
|   return 0;
| }
configure:12719: result: no
configure:12728: checking for stricmp
configure:12784: gcc -o conftest.exe    conftest.c -lm -lpthread  >&5
configure:12791: $? = 0
configure:12811: result: yes
configure:12820: checking for strlwr
configure:12876: gcc -o conftest.exe    conftest.c -lm -lpthread  >&5
configure:12883: $? = 0
configure:12903: result: yes
configure:12912: checking for strupr
configure:12968: gcc -o conftest.exe    conftest.c -lm -lpthread  >&5
configure:12975: $? = 0
configure:12995: result: yes
configure:13004: checking for sysconf
configure:13060: gcc -o conftest.exe    conftest.c -lm -lpthread  >&5
C:\Users\bibi\AppData\Local\Temp\ccqY630u.o:conftest.c:(.text+0xc): undefined reference to `sysconf'
collect2.exe: error: ld returned 1 exit status
configure:13067: $? = 1
configure: failed program was:
| /* confdefs.h.  */
| #define PACKAGE_NAME ""
| #define PACKAGE_TARNAME ""
| #define PACKAGE_VERSION ""
| #define PACKAGE_STRING ""
| #define PACKAGE_BUGREPORT ""
| #define ALLEGRO_COLOR8 1
| #define ALLEGRO_COLOR16 1
| #define ALLEGRO_COLOR24 1
| #define ALLEGRO_COLOR32 1
| #define ALLEGRO_MMX 1
| #define ALLEGRO_SSE 1
| #define ALLEGRO_ASM_PREFIX "_"
| #define STDC_HEADERS 1
| #define HAVE_SYS_TYPES_H 1
| #define HAVE_SYS_STAT_H 1
| #define HAVE_STDLIB_H 1
| #define HAVE_STRING_H 1
| #define HAVE_MEMORY_H 1
| #define HAVE_STRINGS_H 1
| #define HAVE_INTTYPES_H 1
| #define HAVE_STDINT_H 1
| #define HAVE_UNISTD_H 1
| #define ALLEGRO_LITTLE_ENDIAN 1
| #define ALLEGRO_USE_CONSTRUCTOR 1
| #define ALLEGRO_HAVE_LIBPTHREAD 1
| #define ALLEGRO_HAVE_DIRENT_H 1
| #define ALLEGRO_HAVE_INTTYPES_H 1
| #define ALLEGRO_HAVE_STDINT_H 1
| #define ALLEGRO_HAVE_SYS_STAT_H 1
| #define ALLEGRO_HAVE_SYS_TIME_H 1
| #define ALLEGRO_HAVE_SYS_TIME_H 1
| #define RETSIGTYPE void
| #define ALLEGRO_HAVE_MPROTECT 1
| #define ALLEGRO_HAVE_MEMCMP 1
| #define ALLEGRO_HAVE_STRICMP 1
| #define ALLEGRO_HAVE_STRLWR 1
| #define ALLEGRO_HAVE_STRUPR 1
| /* end confdefs.h.  */
| /* Define sysconf to an innocuous variant, in case <limits.h> declares sysconf.
|    For example, HP-UX 11i <limits.h> declares gettimeofday.  */
| #define sysconf innocuous_sysconf
| 
| /* System header to define __stub macros and hopefully few prototypes,
|     which can conflict with char sysconf (); below.
|     Prefer <limits.h> to <assert.h> if __STDC__ is defined, since
|     <limits.h> exists even on freestanding compilers.  */
| 
| #ifdef __STDC__
| # include <limits.h>
| #else
| # include <assert.h>
| #endif
| 
| #undef sysconf
| 
| /* Override any GCC internal prototype to avoid an error.
|    Use char because int might match the return type of a GCC
|    builtin and then its argument prototype would still apply.  */
| #ifdef __cplusplus
| extern "C"
| #endif
| char sysconf ();
| /* The GNU C library defines this for functions which it implements
|     to always fail with ENOSYS.  Some functions are actually named
|     something starting with __ and the normal name is an alias.  */
| #if defined __stub_sysconf || defined __stub___sysconf
| choke me
| #endif
| 
| int
| main ()
| {
| return sysconf ();
|   ;
|   return 0;
| }
configure:13087: result: no
configure:13377: creating ./config.status

## ---------------------- ##
## Running config.status. ##
## ---------------------- ##

This file was extended by config.status, which was
generated by GNU Autoconf 2.63.  Invocation command line was

  CONFIG_FILES    = 
  CONFIG_HEADERS  = 
  CONFIG_LINKS    = 
  CONFIG_COMMANDS = 
  $ ./config.status 

on Utilisateur-PC

config.status:791: creating makefile
config.status:938: WARNING:  'makefile.in' seems to ignore the --datarootdir setting
config.status:791: creating allegro-config
config.status:791: creating include/allegro/platform/alunixac.h
config.status:1007: include/allegro/platform/alunixac.h is unchanged
config.status:1025: executing default commands

## ---------------- ##
## Cache variables. ##
## ---------------- ##

ac_cv_c_bigendian=no
ac_cv_c_compiler_gnu=yes
ac_cv_c_const=yes
ac_cv_c_inline=inline
ac_cv_env_CC_set=
ac_cv_env_CC_value=
ac_cv_env_CFLAGS_set=
ac_cv_env_CFLAGS_value=
ac_cv_env_CPPFLAGS_set=
ac_cv_env_CPPFLAGS_value=
ac_cv_env_CPP_set=
ac_cv_env_CPP_value=
ac_cv_env_LDFLAGS_set=
ac_cv_env_LDFLAGS_value=
ac_cv_env_LIBS_set=
ac_cv_env_LIBS_value=
ac_cv_env_XMKMF_set=
ac_cv_env_XMKMF_value=
ac_cv_env_build_alias_set=
ac_cv_env_build_alias_value=
ac_cv_env_host_alias_set=
ac_cv_env_host_alias_value=
ac_cv_env_target_alias_set=
ac_cv_env_target_alias_value=
ac_cv_exeext=.exe
ac_cv_func_memcmp=yes
ac_cv_func_mkstemp=no
ac_cv_func_mmap=no
ac_cv_func_mprotect=yes
ac_cv_func_stricmp=yes
ac_cv_func_strlwr=yes
ac_cv_func_strupr=yes
ac_cv_func_sysconf=no
ac_cv_have_x=have_x=no
ac_cv_header_dirent_h=yes
ac_cv_header_dlfcn_h=no
ac_cv_header_inttypes_h=yes
ac_cv_header_linux_awe_voice_h=no
ac_cv_header_linux_soundcard_h=no
ac_cv_header_machine_soundcard_h=no
ac_cv_header_memory_h=yes
ac_cv_header_pthread_h=yes
ac_cv_header_soundcard_h=no
ac_cv_header_stdc=yes
ac_cv_header_stdint_h=yes
ac_cv_header_stdlib_h=yes
ac_cv_header_string_h=yes
ac_cv_header_strings_h=yes
ac_cv_header_sys_procfs_h=no
ac_cv_header_sys_soundcard_h=no
ac_cv_header_sys_stat_h=yes
ac_cv_header_sys_time_h=yes
ac_cv_header_sys_types_h=yes
ac_cv_header_sys_utsname_h=no
ac_cv_header_unistd_h=yes
ac_cv_lib_audio_alOpenPort=no
ac_cv_lib_c_getexecname=no
ac_cv_lib_c_sched_yield=no
ac_cv_lib_ossaudio__oss_ioctl=no
ac_cv_lib_pthread_pthread_create=yes
ac_cv_objext=o
ac_cv_path_EGREP='/bin/grep -E'
ac_cv_path_GREP=/bin/grep
ac_cv_path_INSTALL_INFO=/bin/install-info
ac_cv_path_LDCONFIG='echo ought to run ldconfig'
ac_cv_path_MAKEINFO=/bin/makeinfo
ac_cv_path_PKG_CONFIG=/c/MinGW/bin/pkg-config
ac_cv_path_install='/bin/install -c'
ac_cv_prog_CPP='gcc -E'
ac_cv_prog_ac_ct_CC=gcc
ac_cv_prog_cc_c89=
ac_cv_prog_cc_g=yes
ac_cv_prog_make_make_set=yes
ac_cv_search_sched_yield=no
ac_cv_type_signal=void
ac_cv_type_size_t=yes
allegro_cv_asm_prefix=_
allegro_cv_have_map_failed=no
allegro_cv_processor_type=i386
allegro_cv_prog_ld_s=yes
allegro_cv_support_alsadigi=no
allegro_cv_support_alsamidi=no
allegro_cv_support_cplusplus=yes
allegro_cv_support_fomit_frame_pointer=yes
allegro_cv_support_i386_mtune=yes
allegro_cv_support_include_prefix=yes
allegro_cv_support_mmx=yes
allegro_cv_support_pthreads=yes
allegro_cv_support_sse=yes

## ----------------- ##
## Output variables. ##
## ----------------- ##

ALLEGRO_DEBUG_CFLAGS=' -DALLEGRO_LIB_BUILD  -g -Wall -Wno-unused  -DDEBUGMODE'
ALLEGRO_DEBUG_CXXFLAGS='-fno-exceptions  -DALLEGRO_LIB_BUILD  -g -Wall -Wno-unused  -DDEBUGMODE'
ALLEGRO_LIB_TARGETS=' lib/unix/liballeg-$(shared_version).so lib/unix/liballeg_unsharable.a'
ALLEGRO_MAYBE_ASM_FILES='ALLEGRO_SRC_I386_FILES'
ALLEGRO_MAYBE_LIB_X_EXES='ALLEGRO_EMPTY_LIST'
ALLEGRO_MAYBE_LIB_X_EXE_SOURCES='ALLEGRO_EMPTY_LIST'
ALLEGRO_MAYBE_LINUX_FILES='ALLEGRO_EMPTY_LIST'
ALLEGRO_MAYBE_XWINDOWS_FILES='ALLEGRO_EMPTY_LIST'
ALLEGRO_MODULE_TARGETS=''
ALLEGRO_PROFILE_CFLAGS=' -DALLEGRO_LIB_BUILD  -pg -mtune=pentium -O2 -funroll-loops -ffast-math -Wall -Wno-unused '
ALLEGRO_PROFILE_CXXFLAGS='-fno-exceptions  -DALLEGRO_LIB_BUILD  -pg -mtune=pentium -O2 -funroll-loops -ffast-math -Wall -Wno-unused '
ALLEGRO_SFLAGS='-x assembler-with-cpp'
ALLEGRO_SHAREDLIB_CFLAGS='-fPIC -DALLEGRO_SHARED'
ALLEGRO_XWINDOWS_LIBDIR=''
AR='ar rvs'
ARTSC_CONFIG=''
CC='gcc'
CFLAGS=' -DALLEGRO_LIB_BUILD  -mtune=pentium -O2 -funroll-loops -ffast-math -fomit-frame-pointer -Wall -Wno-unused '
COMPILE_CXX_PROGRAM='COMPILE_CXX_NORMAL'
COMPILE_PROGRAM='COMPILE_NORMAL'
COMPILE_S_PROGRAM='COMPILE_S_NORMAL'
CPP='gcc -E'
CPPFLAGS=''
CXX='gcc'
CXXFLAGS='-fno-exceptions  -DALLEGRO_LIB_BUILD  -mtune=pentium -O2 -funroll-loops -ffast-math -fomit-frame-pointer -Wall -Wno-unused '
DEFS='-DHAVE_CONFIG_H'
ECHO_C=''
ECHO_N='-n'
ECHO_T=''
EGREP='/bin/grep -E'
ESD_CONFIG=''
EXEEXT='.exe'
FRAMEWORKS=''
GREP='/bin/grep'
INCLUDE_PREFIX='/c/mingw'
INSTALL_DATA='${INSTALL} -m 644'
INSTALL_INFO='/bin/install-info'
INSTALL_PROGRAM='${INSTALL}'
INSTALL_SCRIPT='${INSTALL}'
LDCONFIG='echo ought to run ldconfig'
LDFLAGS=''
LIBALLEG='lib/unix/liballeg-$(shared_version).so lib/unix/liballeg_unsharable.a'
LIBOBJS=''
LIBS='-lm -lpthread '
LIB_TO_LINK='alleg'
LINK_LIBALLEG='-Llib/unix -lalleg-$(shared_version) -lalleg_unsharable -lm'
LINK_WITH_STATIC_LIBS='no'
LN_S='cp -p'
LTLIBOBJS=''
MAKEINFO='/bin/makeinfo'
OBJEXT='o'
PACKAGE_BUGREPORT=''
PACKAGE_NAME=''
PACKAGE_STRING=''
PACKAGE_TARNAME=''
PACKAGE_VERSION=''
PATH_SEPARATOR=':'
PKG_CONFIG='/c/MinGW/bin/pkg-config'
PLUGIN_LIB='lib/unix/libaldat.a'
PROG_LDFLAGS='-s $(LDFLAGS)'
SET_MAKE=''
SHELL='/bin/sh'
XMKMF=''
ac_ct_CC='gcc'
bindir='${exec_prefix}/bin'
build_alias=''
datadir='${datarootdir}'
datarootdir='${prefix}/share'
docdir='${datarootdir}/doc/${PACKAGE}'
dvidir='${docdir}'
exec_prefix='${prefix}'
host_alias=''
htmldir='${docdir}'
includedir='${prefix}/include'
infodir='${datarootdir}/info'
libdir='${exec_prefix}/lib'
libexecdir='${exec_prefix}/libexec'
localedir='${datarootdir}/locale'
localstatedir='${prefix}/var'
mandir='${datarootdir}/man'
oldincludedir='/usr/include'
pdfdir='${docdir}'
prefix='/c/mingw'
program_transform_name='s,x,x,'
psdir='${docdir}'
sbindir='${exec_prefix}/sbin'
sharedstatedir='${prefix}/com'
sysconfdir='${prefix}/etc'
target_alias=''

## ----------- ##
## confdefs.h. ##
## ----------- ##

#define PACKAGE_NAME ""
#define PACKAGE_TARNAME ""
#define PACKAGE_VERSION ""
#define PACKAGE_STRING ""
#define PACKAGE_BUGREPORT ""
#define ALLEGRO_COLOR8 1
#define ALLEGRO_COLOR16 1
#define ALLEGRO_COLOR24 1
#define ALLEGRO_COLOR32 1
#define ALLEGRO_MMX 1
#define ALLEGRO_SSE 1
#define ALLEGRO_ASM_PREFIX "_"
#define STDC_HEADERS 1
#define HAVE_SYS_TYPES_H 1
#define HAVE_SYS_STAT_H 1
#define HAVE_STDLIB_H 1
#define HAVE_STRING_H 1
#define HAVE_MEMORY_H 1
#define HAVE_STRINGS_H 1
#define HAVE_INTTYPES_H 1
#define HAVE_STDINT_H 1
#define HAVE_UNISTD_H 1
#define ALLEGRO_LITTLE_ENDIAN 1
#define ALLEGRO_USE_CONSTRUCTOR 1
#define ALLEGRO_HAVE_LIBPTHREAD 1
#define ALLEGRO_HAVE_DIRENT_H 1
#define ALLEGRO_HAVE_INTTYPES_H 1
#define ALLEGRO_HAVE_STDINT_H 1
#define ALLEGRO_HAVE_SYS_STAT_H 1
#define ALLEGRO_HAVE_SYS_TIME_H 1
#define ALLEGRO_HAVE_SYS_TIME_H 1
#define RETSIGTYPE void
#define ALLEGRO_HAVE_MPROTECT 1
#define ALLEGRO_HAVE_MEMCMP 1
#define ALLEGRO_HAVE_STRICMP 1
#define ALLEGRO_HAVE_STRLWR 1
#define ALLEGRO_HAVE_STRUPR 1

configure: exit 0
