This file contains any messages produced by compilers while
running configure, to aid debugging if configure makes a mistake.

It was created by audiere configure 1.9.5, which was
generated by GNU Autoconf 2.69.  Invocation command line was

  $ ./configure --prefix=/c/mingw

## --------- ##
## Platform. ##
## --------- ##

hostname = Utilisateur-PC
uname -m = i686
uname -r = 1.0.18(0.48/3/2)
uname -s = MINGW32_NT-6.1
uname -v = 2012-11-21 22:34

/usr/bin/uname -p = unknown
/bin/uname -X     = unknown

/bin/arch              = unknown
/usr/bin/arch -k       = unknown
/usr/convex/getsysinfo = unknown
/usr/bin/hostinfo      = unknown
/bin/machine           = unknown
/usr/bin/oslevel       = unknown
/bin/universe          = unknown

PATH: .
PATH: /usr/local/bin
PATH: /mingw/bin
PATH: /bin
PATH: /c/MinGW/bin
PATH: /c/MinGW
PATH: /c/Python27
PATH: /c/MinGW/opencv2.4.8/x86/mingw/bin
PATH: /c/Program Files (x86)/Mozilla Firefox
PATH: /c/MinGW/bin
PATH: /c/MinGW
PATH: /c/Python27
PATH: /c/whitecat_crossplateform/lib/libsource/openCV-2.4.8/win/opencv/build/install/x86/mingw/bin


## ----------- ##
## Core tests. ##
## ----------- ##

configure:2474: checking build system type
configure:2488: result: i686-pc-mingw32
configure:2508: checking host system type
configure:2521: result: i686-pc-mingw32
configure:2541: checking target system type
configure:2554: result: i686-pc-mingw32
configure:2599: checking for a BSD-compatible install
configure:2667: result: /bin/install -c
configure:2678: checking whether build environment is sane
configure:2733: result: yes
configure:2884: checking for a thread-safe mkdir -p
configure:2923: result: /bin/mkdir -p
configure:2930: checking for gawk
configure:2946: found /bin/gawk
configure:2957: result: gawk
configure:2968: checking whether make sets $(MAKE)
configure:2990: result: yes
configure:3019: checking whether make supports nested variables
configure:3036: result: yes
configure:3238: checking for gcc
configure:3254: found /c/MinGW/bin/gcc
configure:3265: result: gcc
configure:3494: checking for C compiler version
configure:3503: gcc --version >&5
gcc.exe (GCC) 4.8.1
Copyright (C) 2013 Free Software Foundation, Inc.
This is free software; see the source for copying conditions.  There is NO
warranty; not even for MERCHANTABILITY or FITNESS FOR A PARTICULAR PURPOSE.

configure:3514: $? = 0
configure:3503: gcc -v >&5
Using built-in specs.
COLLECT_GCC=c:\MinGW\bin\gcc.exe
COLLECT_LTO_WRAPPER=c:/mingw/bin/../libexec/gcc/mingw32/4.8.1/lto-wrapper.exe
Target: mingw32
Configured with: ../gcc-4.8.1/configure --prefix=/mingw --host=mingw32 --build=mingw32 --without-pic --enable-shared --enable-static --with-gnu-ld --enable-lto --enable-libssp --disable-multilib --enable-languages=c,c++,fortran,objc,obj-c++,ada --disable-sjlj-exceptions --with-dwarf2 --disable-win32-registry --enable-libstdcxx-debug --enable-version-specific-runtime-libs --with-gmp=/usr/src/pkg/gmp-5.1.2-1-mingw32-src/bld --with-mpc=/usr/src/pkg/mpc-1.0.1-1-mingw32-src/bld --with-mpfr= --with-system-zlib --with-gnu-as --enable-decimal-float=yes --enable-libgomp --enable-threads --with-libiconv-prefix=/mingw32 --with-libintl-prefix=/mingw --disable-bootstrap LDFLAGS=-s CFLAGS=-D_USE_32BIT_TIME_T
Thread model: win32
gcc version 4.8.1 (GCC) 
configure:3514: $? = 0
configure:3503: gcc -V >&5
gcc.exe: error: unrecognized command line option '-V'
gcc.exe: fatal error: no input files
compilation terminated.
configure:3514: $? = 1
configure:3503: gcc -qversion >&5
gcc.exe: error: unrecognized command line option '-qversion'
gcc.exe: fatal error: no input files
compilation terminated.
configure:3514: $? = 1
configure:3534: checking whether the C compiler works
configure:3556: gcc    conftest.c  >&5
configure:3560: $? = 0
configure:3608: result: yes
configure:3611: checking for C compiler default output file name
configure:3613: result: a.exe
configure:3619: checking for suffix of executables
configure:3626: gcc -o conftest.exe    conftest.c  >&5
configure:3630: $? = 0
configure:3652: result: .exe
configure:3674: checking whether we are cross compiling
configure:3682: gcc -o conftest.exe    conftest.c  >&5
configure:3686: $? = 0
configure:3693: ./conftest.exe
configure:3697: $? = 0
configure:3712: result: no
configure:3717: checking for suffix of object files
configure:3739: gcc -c   conftest.c >&5
configure:3743: $? = 0
configure:3764: result: o
configure:3768: checking whether we are using the GNU C compiler
configure:3787: gcc -c   conftest.c >&5
configure:3787: $? = 0
configure:3796: result: yes
configure:3805: checking whether gcc accepts -g
configure:3825: gcc -c -g  conftest.c >&5
configure:3825: $? = 0
configure:3866: result: yes
configure:3883: checking for gcc option to accept ISO C89
configure:3946: gcc  -c -g -O2  conftest.c >&5
configure:3946: $? = 0
configure:3959: result: none needed
configure:3984: checking whether gcc understands -c and -o together
configure:4006: gcc -c conftest.c -o conftest2.o
configure:4009: $? = 0
configure:4006: gcc -c conftest.c -o conftest2.o
configure:4009: $? = 0
configure:4021: result: yes
configure:4049: checking for style of include used by make
configure:4077: result: GNU
configure:4103: checking dependency style of gcc
configure:4214: result: gcc3
configure:4234: checking how to run the C preprocessor
configure:4265: gcc -E  conftest.c
configure:4265: $? = 0
configure:4279: gcc -E  conftest.c
conftest.c:11:28: fatal error: ac_nonexistent.h: No such file or directory
 #include <ac_nonexistent.h>
                            ^
compilation terminated.
configure:4279: $? = 1
configure: failed program was:
| /* confdefs.h */
| #define PACKAGE_NAME "audiere"
| #define PACKAGE_TARNAME "audiere"
| #define PACKAGE_VERSION "1.9.5"
| #define PACKAGE_STRING "audiere 1.9.5"
| #define PACKAGE_BUGREPORT ""
| #define PACKAGE_URL ""
| #define PACKAGE "audiere"
| #define VERSION "1.9.5"
| /* end confdefs.h.  */
| #include <ac_nonexistent.h>
configure:4304: result: gcc -E
configure:4324: gcc -E  conftest.c
configure:4324: $? = 0
configure:4338: gcc -E  conftest.c
conftest.c:11:28: fatal error: ac_nonexistent.h: No such file or directory
 #include <ac_nonexistent.h>
                            ^
compilation terminated.
configure:4338: $? = 1
configure: failed program was:
| /* confdefs.h */
| #define PACKAGE_NAME "audiere"
| #define PACKAGE_TARNAME "audiere"
| #define PACKAGE_VERSION "1.9.5"
| #define PACKAGE_STRING "audiere 1.9.5"
| #define PACKAGE_BUGREPORT ""
| #define PACKAGE_URL ""
| #define PACKAGE "audiere"
| #define VERSION "1.9.5"
| /* end confdefs.h.  */
| #include <ac_nonexistent.h>
configure:4424: checking for g++
configure:4440: found /c/MinGW/bin/g++
configure:4451: result: g++
configure:4478: checking for C++ compiler version
configure:4487: g++ --version >&5
g++.exe (GCC) 4.8.1
Copyright (C) 2013 Free Software Foundation, Inc.
This is free software; see the source for copying conditions.  There is NO
warranty; not even for MERCHANTABILITY or FITNESS FOR A PARTICULAR PURPOSE.

configure:4498: $? = 0
configure:4487: g++ -v >&5
Using built-in specs.
COLLECT_GCC=c:\MinGW\bin\g++.exe
COLLECT_LTO_WRAPPER=c:/mingw/bin/../libexec/gcc/mingw32/4.8.1/lto-wrapper.exe
Target: mingw32
Configured with: ../gcc-4.8.1/configure --prefix=/mingw --host=mingw32 --build=mingw32 --without-pic --enable-shared --enable-static --with-gnu-ld --enable-lto --enable-libssp --disable-multilib --enable-languages=c,c++,fortran,objc,obj-c++,ada --disable-sjlj-exceptions --with-dwarf2 --disable-win32-registry --enable-libstdcxx-debug --enable-version-specific-runtime-libs --with-gmp=/usr/src/pkg/gmp-5.1.2-1-mingw32-src/bld --with-mpc=/usr/src/pkg/mpc-1.0.1-1-mingw32-src/bld --with-mpfr= --with-system-zlib --with-gnu-as --enable-decimal-float=yes --enable-libgomp --enable-threads --with-libiconv-prefix=/mingw32 --with-libintl-prefix=/mingw --disable-bootstrap LDFLAGS=-s CFLAGS=-D_USE_32BIT_TIME_T
Thread model: win32
gcc version 4.8.1 (GCC) 
configure:4498: $? = 0
configure:4487: g++ -V >&5
g++.exe: error: unrecognized command line option '-V'
g++.exe: fatal error: no input files
compilation terminated.
configure:4498: $? = 1
configure:4487: g++ -qversion >&5
g++.exe: error: unrecognized command line option '-qversion'
g++.exe: fatal error: no input files
compilation terminated.
configure:4498: $? = 1
configure:4502: checking whether we are using the GNU C++ compiler
configure:4521: g++ -c   conftest.cpp >&5
configure:4521: $? = 0
configure:4530: result: yes
configure:4539: checking whether g++ accepts -g
configure:4559: g++ -c -g  conftest.cpp >&5
configure:4559: $? = 0
configure:4600: result: yes
configure:4625: checking dependency style of g++
configure:4736: result: gcc3
configure:4756: checking how to run the C++ preprocessor
configure:4783: g++ -E  conftest.cpp
configure:4783: $? = 0
configure:4797: g++ -E  conftest.cpp
conftest.cpp:11:28: fatal error: ac_nonexistent.h: No such file or directory
 #include <ac_nonexistent.h>
                            ^
compilation terminated.
configure:4797: $? = 1
configure: failed program was:
| /* confdefs.h */
| #define PACKAGE_NAME "audiere"
| #define PACKAGE_TARNAME "audiere"
| #define PACKAGE_VERSION "1.9.5"
| #define PACKAGE_STRING "audiere 1.9.5"
| #define PACKAGE_BUGREPORT ""
| #define PACKAGE_URL ""
| #define PACKAGE "audiere"
| #define VERSION "1.9.5"
| /* end confdefs.h.  */
| #include <ac_nonexistent.h>
configure:4822: result: g++ -E
configure:4842: g++ -E  conftest.cpp
configure:4842: $? = 0
configure:4856: g++ -E  conftest.cpp
conftest.cpp:11:28: fatal error: ac_nonexistent.h: No such file or directory
 #include <ac_nonexistent.h>
                            ^
compilation terminated.
configure:4856: $? = 1
configure: failed program was:
| /* confdefs.h */
| #define PACKAGE_NAME "audiere"
| #define PACKAGE_TARNAME "audiere"
| #define PACKAGE_VERSION "1.9.5"
| #define PACKAGE_STRING "audiere 1.9.5"
| #define PACKAGE_BUGREPORT ""
| #define PACKAGE_URL ""
| #define PACKAGE "audiere"
| #define VERSION "1.9.5"
| /* end confdefs.h.  */
| #include <ac_nonexistent.h>
configure:4884: checking whether make sets $(MAKE)
configure:4906: result: yes
configure:4961: checking how to print strings
configure:4988: result: printf
configure:5009: checking for a sed that does not truncate output
configure:5073: result: /bin/sed
configure:5091: checking for grep that handles long lines and -e
configure:5149: result: /bin/grep
configure:5154: checking for egrep
configure:5216: result: /bin/grep -E
configure:5221: checking for fgrep
configure:5283: result: /bin/grep -F
configure:5318: checking for ld used by gcc
configure:5385: result: c:/mingw/mingw32/bin/ld.exe
configure:5392: checking if the linker (c:/mingw/mingw32/bin/ld.exe) is GNU ld
configure:5407: result: yes
configure:5419: checking for BSD- or MS-compatible name lister (nm)
configure:5468: result: /c/MinGW/bin/nm
configure:5598: checking the name lister (/c/MinGW/bin/nm) interface
configure:5605: gcc -c -g -O2  conftest.c >&5
configure:5608: /c/MinGW/bin/nm "conftest.o"
configure:5611: output
00000000 b .bss
00000000 d .data
00000000 N .debug_abbrev
00000000 N .debug_aranges
00000000 N .debug_info
00000000 N .debug_line
00000000 r .rdata$zzz
00000000 t .text
00000000 B _some_variable
configure:5618: result: BSD nm
configure:5621: checking whether ln -s works
configure:5628: result: no, using cp -pR
configure:5633: checking the maximum length of command line arguments
configure:5764: result: 8192
configure:5781: checking whether the shell understands some XSI constructs
configure:5791: result: yes
configure:5795: checking whether the shell understands "+="
configure:5801: result: yes
configure:5836: checking how to convert i686-pc-mingw32 file names to i686-pc-mingw32 format
configure:5876: result: func_convert_file_msys_to_w32
configure:5883: checking how to convert i686-pc-mingw32 file names to toolchain format
configure:5903: result: func_convert_file_msys_to_w32
configure:5910: checking for c:/mingw/mingw32/bin/ld.exe option to reload object files
configure:5917: result: -r
configure:5991: checking for objdump
configure:6007: found /c/MinGW/bin/objdump
configure:6018: result: objdump
configure:6050: checking how to recognize dependent libraries
configure:6248: result: file_magic ^x86 archive import|^x86 DLL
configure:6333: checking for dlltool
configure:6349: found /c/MinGW/bin/dlltool
configure:6360: result: dlltool
configure:6393: checking how to associate runtime and link libraries
configure:6420: result: func_cygming_dll_for_implib
configure:6481: checking for ar
configure:6497: found /c/MinGW/bin/ar
configure:6508: result: ar
configure:6545: checking for archiver @FILE support
configure:6562: gcc -c -g -O2  conftest.c >&5
configure:6562: $? = 0
configure:6565: ar cru libconftest.a @conftest.lst >&5
configure:6568: $? = 0
configure:6573: ar cru libconftest.a @conftest.lst >&5
c:\MinGW\bin\ar.exe: conftest.o: No such file or directory
configure:6576: $? = 1
configure:6588: result: @
configure:6646: checking for strip
configure:6662: found /c/MinGW/bin/strip
configure:6673: result: strip
configure:6745: checking for ranlib
configure:6761: found /c/MinGW/bin/ranlib
configure:6772: result: ranlib
configure:6874: checking command to parse /c/MinGW/bin/nm output from gcc object
configure:6994: gcc -c -g -O2  conftest.c >&5
configure:6997: $? = 0
configure:7001: /c/MinGW/bin/nm conftest.o \| sed -n -e 's/^.*[ ]\([ABCDGIRSTW][ABCDGIRSTW]*\)[ ][ ]*\([_A-Za-z][_A-Za-z0-9]*\)\{0,1\}$/\1 \2 \2/p' | sed '/ __gnu_lto/d' \> conftest.nm
configure:7004: $? = 0
cannot find nm_test_var in conftest.nm
configure:6994: gcc -c -g -O2  conftest.c >&5
configure:6997: $? = 0
configure:7001: /c/MinGW/bin/nm conftest.o \| sed -n -e 's/^.*[ ]\([ABCDGIRSTW][ABCDGIRSTW]*\)[ ][ ]*_\([_A-Za-z][_A-Za-z0-9]*\)\{0,1\}$/\1 _\2 \2/p' | sed '/ __gnu_lto/d' \> conftest.nm
configure:7004: $? = 0
configure:7070: gcc -o conftest.exe -g -O2   conftest.c conftstm.o >&5
configure:7073: $? = 0
configure:7111: result: ok
configure:7148: checking for sysroot
configure:7178: result: no
configure:7447: checking for mt
configure:7477: result: no
configure:7497: checking if : is a manifest tool
configure:7503: : '-?'
configure:7511: result: no
configure:8149: checking for ANSI C header files
configure:8169: gcc -c -g -O2  conftest.c >&5
configure:8169: $? = 0
configure:8242: gcc -o conftest.exe -g -O2   conftest.c  >&5
configure:8242: $? = 0
configure:8242: ./conftest.exe
configure:8242: $? = 0
configure:8253: result: yes
configure:8266: checking for sys/types.h
configure:8266: gcc -c -g -O2  conftest.c >&5
configure:8266: $? = 0
configure:8266: result: yes
configure:8266: checking for sys/stat.h
configure:8266: gcc -c -g -O2  conftest.c >&5
configure:8266: $? = 0
configure:8266: result: yes
configure:8266: checking for stdlib.h
configure:8266: gcc -c -g -O2  conftest.c >&5
configure:8266: $? = 0
configure:8266: result: yes
configure:8266: checking for string.h
configure:8266: gcc -c -g -O2  conftest.c >&5
configure:8266: $? = 0
configure:8266: result: yes
configure:8266: checking for memory.h
configure:8266: gcc -c -g -O2  conftest.c >&5
configure:8266: $? = 0
configure:8266: result: yes
configure:8266: checking for strings.h
configure:8266: gcc -c -g -O2  conftest.c >&5
configure:8266: $? = 0
configure:8266: result: yes
configure:8266: checking for inttypes.h
configure:8266: gcc -c -g -O2  conftest.c >&5
configure:8266: $? = 0
configure:8266: result: yes
configure:8266: checking for stdint.h
configure:8266: gcc -c -g -O2  conftest.c >&5
configure:8266: $? = 0
configure:8266: result: yes
configure:8266: checking for unistd.h
configure:8266: gcc -c -g -O2  conftest.c >&5
configure:8266: $? = 0
configure:8266: result: yes
configure:8280: checking for dlfcn.h
configure:8280: gcc -c -g -O2  conftest.c >&5
conftest.c:55:19: fatal error: dlfcn.h: No such file or directory
 #include <dlfcn.h>
                   ^
compilation terminated.
configure:8280: $? = 1
configure: failed program was:
| /* confdefs.h */
| #define PACKAGE_NAME "audiere"
| #define PACKAGE_TARNAME "audiere"
| #define PACKAGE_VERSION "1.9.5"
| #define PACKAGE_STRING "audiere 1.9.5"
| #define PACKAGE_BUGREPORT ""
| #define PACKAGE_URL ""
| #define PACKAGE "audiere"
| #define VERSION "1.9.5"
| #define STDC_HEADERS 1
| #define HAVE_SYS_TYPES_H 1
| #define HAVE_SYS_STAT_H 1
| #define HAVE_STDLIB_H 1
| #define HAVE_STRING_H 1
| #define HAVE_MEMORY_H 1
| #define HAVE_STRINGS_H 1
| #define HAVE_INTTYPES_H 1
| #define HAVE_STDINT_H 1
| #define HAVE_UNISTD_H 1
| /* end confdefs.h.  */
| #include <stdio.h>
| #ifdef HAVE_SYS_TYPES_H
| # include <sys/types.h>
| #endif
| #ifdef HAVE_SYS_STAT_H
| # include <sys/stat.h>
| #endif
| #ifdef STDC_HEADERS
| # include <stdlib.h>
| # include <stddef.h>
| #else
| # ifdef HAVE_STDLIB_H
| #  include <stdlib.h>
| # endif
| #endif
| #ifdef HAVE_STRING_H
| # if !defined STDC_HEADERS && defined HAVE_MEMORY_H
| #  include <memory.h>
| # endif
| # include <string.h>
| #endif
| #ifdef HAVE_STRINGS_H
| # include <strings.h>
| #endif
| #ifdef HAVE_INTTYPES_H
| # include <inttypes.h>
| #endif
| #ifdef HAVE_STDINT_H
| # include <stdint.h>
| #endif
| #ifdef HAVE_UNISTD_H
| # include <unistd.h>
| #endif
| 
| #include <dlfcn.h>
configure:8280: result: no
configure:8497: checking for objdir
configure:8512: result: .libs
configure:8783: checking if gcc supports -fno-rtti -fno-exceptions
configure:8801: gcc -c -g -O2  -fno-rtti -fno-exceptions conftest.c >&5
cc1.exe: warning: command line option '-fno-rtti' is valid for C++/ObjC++ but not for C [enabled by default]
configure:8805: $? = 0
configure:8818: result: no
configure:9145: checking for gcc option to produce PIC
configure:9152: result: -DDLL_EXPORT -DPIC
configure:9160: checking if gcc PIC flag -DDLL_EXPORT -DPIC works
configure:9178: gcc -c -g -O2  -DDLL_EXPORT -DPIC -DPIC conftest.c >&5
configure:9182: $? = 0
configure:9195: result: yes
configure:9224: checking if gcc static flag -static works
configure:9252: result: yes
configure:9267: checking if gcc supports -c -o file.o
configure:9288: gcc -c -g -O2  -o out/conftest2.o conftest.c >&5
configure:9292: $? = 0
configure:9314: result: yes
configure:9322: checking if gcc supports -c -o file.o
configure:9369: result: yes
configure:9402: checking whether the gcc linker (c:/mingw/mingw32/bin/ld.exe) supports shared libraries
configure:10559: result: yes
configure:10596: checking whether -lc should be explicitly linked in
configure:10604: gcc -c -g -O2  conftest.c >&5
configure:10607: $? = 0
configure:10622: gcc -shared conftest.o  -v -o ./conftest -Wl,--enable-auto-image-base -Xlinker --out-implib -Xlinker conftest 2\>\&1 \| /bin/grep  -lc  \>/dev/null 2\>\&1
configure:10625: $? = 1
configure:10639: result: yes
configure:10799: checking dynamic linker characteristics
configure:11533: result: Win32 ld.exe
configure:11640: checking how to hardcode library paths into programs
configure:11665: result: immediate
configure:12205: checking whether stripping libraries is possible
configure:12210: result: yes
configure:12245: checking if libtool supports shared libraries
configure:12247: result: yes
configure:12250: checking whether to build shared libraries
configure:12271: result: yes
configure:12274: checking whether to build static libraries
configure:12278: result: yes
configure:12301: checking how to run the C++ preprocessor
configure:12367: result: g++ -E
configure:12387: g++ -E  conftest.cpp
configure:12387: $? = 0
configure:12401: g++ -E  conftest.cpp
conftest.cpp:22:28: fatal error: ac_nonexistent.h: No such file or directory
 #include <ac_nonexistent.h>
                            ^
compilation terminated.
configure:12401: $? = 1
configure: failed program was:
| /* confdefs.h */
| #define PACKAGE_NAME "audiere"
| #define PACKAGE_TARNAME "audiere"
| #define PACKAGE_VERSION "1.9.5"
| #define PACKAGE_STRING "audiere 1.9.5"
| #define PACKAGE_BUGREPORT ""
| #define PACKAGE_URL ""
| #define PACKAGE "audiere"
| #define VERSION "1.9.5"
| #define STDC_HEADERS 1
| #define HAVE_SYS_TYPES_H 1
| #define HAVE_SYS_STAT_H 1
| #define HAVE_STDLIB_H 1
| #define HAVE_STRING_H 1
| #define HAVE_MEMORY_H 1
| #define HAVE_STRINGS_H 1
| #define HAVE_INTTYPES_H 1
| #define HAVE_STDINT_H 1
| #define HAVE_UNISTD_H 1
| #define LT_OBJDIR ".libs/"
| /* end confdefs.h.  */
| #include <ac_nonexistent.h>
configure:12570: checking for ld used by g++
configure:12637: result: c:/mingw/mingw32/bin/ld.exe
configure:12644: checking if the linker (c:/mingw/mingw32/bin/ld.exe) is GNU ld
configure:12659: result: yes
configure:12714: checking whether the g++ linker (c:/mingw/mingw32/bin/ld.exe) supports shared libraries
configure:13716: result: yes
configure:13752: g++ -c -g -O2  conftest.cpp >&5
configure:13755: $? = 0
configure:14275: checking for g++ option to produce PIC
configure:14282: result: -DDLL_EXPORT -DPIC
configure:14290: checking if g++ PIC flag -DDLL_EXPORT -DPIC works
configure:14308: g++ -c -g -O2  -DDLL_EXPORT -DPIC -DPIC conftest.cpp >&5
configure:14312: $? = 0
configure:14325: result: yes
configure:14348: checking if g++ static flag -static works
configure:14376: result: yes
configure:14388: checking if g++ supports -c -o file.o
configure:14409: g++ -c -g -O2  -o out/conftest2.o conftest.cpp >&5
configure:14413: $? = 0
configure:14435: result: yes
configure:14440: checking if g++ supports -c -o file.o
configure:14487: result: yes
configure:14517: checking whether the g++ linker (c:/mingw/mingw32/bin/ld.exe) supports shared libraries
configure:14556: result: yes
configure:14697: checking dynamic linker characteristics
configure:15365: result: Win32 ld.exe
configure:15418: checking how to hardcode library paths into programs
configure:15443: result: immediate
configure:15526: checking for pthread_create in -lpthread
configure:15551: g++ -o conftest.exe -g -O2 -Wall -Wno-non-virtual-dtor   conftest.cpp -lpthread   >&5
configure:15551: $? = 0
configure:15560: result: yes
configure:15571: checking for FLAC__seekable_stream_decoder_process_single in -lFLAC
configure:15596: g++ -o conftest.exe -g -O2 -Wall -Wno-non-virtual-dtor   conftest.cpp -lFLAC -lm -lpthread  >&5
c:/mingw/bin/../lib/gcc/mingw32/4.8.1/../../../../mingw32/bin/ld.exe: cannot find -lFLAC
collect2.exe: error: ld returned 1 exit status
configure:15596: $? = 1
configure: failed program was:
| /* confdefs.h */
| #define PACKAGE_NAME "audiere"
| #define PACKAGE_TARNAME "audiere"
| #define PACKAGE_VERSION "1.9.5"
| #define PACKAGE_STRING "audiere 1.9.5"
| #define PACKAGE_BUGREPORT ""
| #define PACKAGE_URL ""
| #define PACKAGE "audiere"
| #define VERSION "1.9.5"
| #define STDC_HEADERS 1
| #define HAVE_SYS_TYPES_H 1
| #define HAVE_SYS_STAT_H 1
| #define HAVE_STDLIB_H 1
| #define HAVE_STRING_H 1
| #define HAVE_MEMORY_H 1
| #define HAVE_STRINGS_H 1
| #define HAVE_INTTYPES_H 1
| #define HAVE_STDINT_H 1
| #define HAVE_UNISTD_H 1
| #define LT_OBJDIR ".libs/"
| /* end confdefs.h.  */
| 
| /* Override any GCC internal prototype to avoid an error.
|    Use char because int might match the return type of a GCC
|    builtin and then its argument prototype would still apply.  */
| #ifdef __cplusplus
| extern "C"
| #endif
| char FLAC__seekable_stream_decoder_process_single ();
| int
| main ()
| {
| return FLAC__seekable_stream_decoder_process_single ();
|   ;
|   return 0;
| }
configure:15605: result: no
configure:15613: WARNING: libFLAC not found.  Install FLAC from http://flac.sourceforge.net/
configure:15615: WARNING: Disabling FLAC support.
configure:15631: checking for duh_start_renderer in -ldumb
configure:15656: g++ -o conftest.exe -g -O2 -Wall -Wno-non-virtual-dtor   conftest.cpp -ldumb  -lpthread  >&5
c:/mingw/bin/../lib/gcc/mingw32/4.8.1/../../../../mingw32/bin/ld.exe: cannot find -ldumb
collect2.exe: error: ld returned 1 exit status
configure:15656: $? = 1
configure: failed program was:
| /* confdefs.h */
| #define PACKAGE_NAME "audiere"
| #define PACKAGE_TARNAME "audiere"
| #define PACKAGE_VERSION "1.9.5"
| #define PACKAGE_STRING "audiere 1.9.5"
| #define PACKAGE_BUGREPORT ""
| #define PACKAGE_URL ""
| #define PACKAGE "audiere"
| #define VERSION "1.9.5"
| #define STDC_HEADERS 1
| #define HAVE_SYS_TYPES_H 1
| #define HAVE_SYS_STAT_H 1
| #define HAVE_STDLIB_H 1
| #define HAVE_STRING_H 1
| #define HAVE_MEMORY_H 1
| #define HAVE_STRINGS_H 1
| #define HAVE_INTTYPES_H 1
| #define HAVE_STDINT_H 1
| #define HAVE_UNISTD_H 1
| #define LT_OBJDIR ".libs/"
| #define NO_FLAC 1
| /* end confdefs.h.  */
| 
| /* Override any GCC internal prototype to avoid an error.
|    Use char because int might match the return type of a GCC
|    builtin and then its argument prototype would still apply.  */
| #ifdef __cplusplus
| extern "C"
| #endif
| char duh_start_renderer ();
| int
| main ()
| {
| return duh_start_renderer ();
|   ;
|   return 0;
| }
configure:15665: result: no
configure:15673: WARNING: libdumb not found.  Install DUMB from http://dumb.sourceforge.net/
configure:15675: WARNING: Disabling DUMB support.
configure:15690: checking for cd_init_device in -lcdaudio
configure:15715: g++ -o conftest.exe -g -O2 -Wall -Wno-non-virtual-dtor   conftest.cpp -lcdaudio  -lpthread  >&5
c:/mingw/bin/../lib/gcc/mingw32/4.8.1/../../../../mingw32/bin/ld.exe: cannot find -lcdaudio
collect2.exe: error: ld returned 1 exit status
configure:15715: $? = 1
configure: failed program was:
| /* confdefs.h */
| #define PACKAGE_NAME "audiere"
| #define PACKAGE_TARNAME "audiere"
| #define PACKAGE_VERSION "1.9.5"
| #define PACKAGE_STRING "audiere 1.9.5"
| #define PACKAGE_BUGREPORT ""
| #define PACKAGE_URL ""
| #define PACKAGE "audiere"
| #define VERSION "1.9.5"
| #define STDC_HEADERS 1
| #define HAVE_SYS_TYPES_H 1
| #define HAVE_SYS_STAT_H 1
| #define HAVE_STDLIB_H 1
| #define HAVE_STRING_H 1
| #define HAVE_MEMORY_H 1
| #define HAVE_STRINGS_H 1
| #define HAVE_INTTYPES_H 1
| #define HAVE_STDINT_H 1
| #define HAVE_UNISTD_H 1
| #define LT_OBJDIR ".libs/"
| #define NO_FLAC 1
| #define NO_DUMB 1
| /* end confdefs.h.  */
| 
| /* Override any GCC internal prototype to avoid an error.
|    Use char because int might match the return type of a GCC
|    builtin and then its argument prototype would still apply.  */
| #ifdef __cplusplus
| extern "C"
| #endif
| char cd_init_device ();
| int
| main ()
| {
| return cd_init_device ();
|   ;
|   return 0;
| }
configure:15724: result: no
configure:15732: WARNING: libcdaudio not found.  Install it from http://libcdaudio.sf.net/
configure:15734: WARNING: CD audio support might still be possible through another means such as winmm.
configure:15747: checking for library containing clock_gettime
configure:15778: g++ -o conftest.exe -g -O2 -Wall -Wno-non-virtual-dtor   conftest.cpp -lpthread  >&5
C:\Users\bibi\AppData\Local\Temp\ccWP4rpd.o: In function `main':
c:\Users\bibi\Documents\GitHub\whitecatlib\lib\libsource\audiere-1.9.5/conftest.cpp:35: undefined reference to `clock_gettime'
collect2.exe: error: ld returned 1 exit status
configure:15778: $? = 1
configure: failed program was:
| /* confdefs.h */
| #define PACKAGE_NAME "audiere"
| #define PACKAGE_TARNAME "audiere"
| #define PACKAGE_VERSION "1.9.5"
| #define PACKAGE_STRING "audiere 1.9.5"
| #define PACKAGE_BUGREPORT ""
| #define PACKAGE_URL ""
| #define PACKAGE "audiere"
| #define VERSION "1.9.5"
| #define STDC_HEADERS 1
| #define HAVE_SYS_TYPES_H 1
| #define HAVE_SYS_STAT_H 1
| #define HAVE_STDLIB_H 1
| #define HAVE_STRING_H 1
| #define HAVE_MEMORY_H 1
| #define HAVE_STRINGS_H 1
| #define HAVE_INTTYPES_H 1
| #define HAVE_STDINT_H 1
| #define HAVE_UNISTD_H 1
| #define LT_OBJDIR ".libs/"
| #define NO_FLAC 1
| #define NO_DUMB 1
| /* end confdefs.h.  */
| 
| /* Override any GCC internal prototype to avoid an error.
|    Use char because int might match the return type of a GCC
|    builtin and then its argument prototype would still apply.  */
| #ifdef __cplusplus
| extern "C"
| #endif
| char clock_gettime ();
| int
| main ()
| {
| return clock_gettime ();
|   ;
|   return 0;
| }
configure:15778: g++ -o conftest.exe -g -O2 -Wall -Wno-non-virtual-dtor   conftest.cpp -lrt  -lpthread  >&5
c:/mingw/bin/../lib/gcc/mingw32/4.8.1/../../../../mingw32/bin/ld.exe: cannot find -lrt
collect2.exe: error: ld returned 1 exit status
configure:15778: $? = 1
configure: failed program was:
| /* confdefs.h */
| #define PACKAGE_NAME "audiere"
| #define PACKAGE_TARNAME "audiere"
| #define PACKAGE_VERSION "1.9.5"
| #define PACKAGE_STRING "audiere 1.9.5"
| #define PACKAGE_BUGREPORT ""
| #define PACKAGE_URL ""
| #define PACKAGE "audiere"
| #define VERSION "1.9.5"
| #define STDC_HEADERS 1
| #define HAVE_SYS_TYPES_H 1
| #define HAVE_SYS_STAT_H 1
| #define HAVE_STDLIB_H 1
| #define HAVE_STRING_H 1
| #define HAVE_MEMORY_H 1
| #define HAVE_STRINGS_H 1
| #define HAVE_INTTYPES_H 1
| #define HAVE_STDINT_H 1
| #define HAVE_UNISTD_H 1
| #define LT_OBJDIR ".libs/"
| #define NO_FLAC 1
| #define NO_DUMB 1
| /* end confdefs.h.  */
| 
| /* Override any GCC internal prototype to avoid an error.
|    Use char because int might match the return type of a GCC
|    builtin and then its argument prototype would still apply.  */
| #ifdef __cplusplus
| extern "C"
| #endif
| char clock_gettime ();
| int
| main ()
| {
| return clock_gettime ();
|   ;
|   return 0;
| }
configure:15795: result: no
configure:15805: checking for alNewConfig in -laudio
configure:15830: g++ -o conftest.exe -g -O2 -Wall -Wno-non-virtual-dtor   conftest.cpp -laudio  -lpthread  >&5
c:/mingw/bin/../lib/gcc/mingw32/4.8.1/../../../../mingw32/bin/ld.exe: cannot find -laudio
collect2.exe: error: ld returned 1 exit status
configure:15830: $? = 1
configure: failed program was:
| /* confdefs.h */
| #define PACKAGE_NAME "audiere"
| #define PACKAGE_TARNAME "audiere"
| #define PACKAGE_VERSION "1.9.5"
| #define PACKAGE_STRING "audiere 1.9.5"
| #define PACKAGE_BUGREPORT ""
| #define PACKAGE_URL ""
| #define PACKAGE "audiere"
| #define VERSION "1.9.5"
| #define STDC_HEADERS 1
| #define HAVE_SYS_TYPES_H 1
| #define HAVE_SYS_STAT_H 1
| #define HAVE_STDLIB_H 1
| #define HAVE_STRING_H 1
| #define HAVE_MEMORY_H 1
| #define HAVE_STRINGS_H 1
| #define HAVE_INTTYPES_H 1
| #define HAVE_STDINT_H 1
| #define HAVE_UNISTD_H 1
| #define LT_OBJDIR ".libs/"
| #define NO_FLAC 1
| #define NO_DUMB 1
| /* end confdefs.h.  */
| 
| /* Override any GCC internal prototype to avoid an error.
|    Use char because int might match the return type of a GCC
|    builtin and then its argument prototype would still apply.  */
| #ifdef __cplusplus
| extern "C"
| #endif
| char alNewConfig ();
| int
| main ()
| {
| return alNewConfig ();
|   ;
|   return 0;
| }
configure:15839: result: no
configure:15860: checking for wx-config
configure:15892: result: no
configure:15902: WARNING: wxWindows not found, not building wxPlayer.
        See http://www.wxwindows.org/
configure:15966: checking for ANSI C header files
configure:16070: result: yes
configure:16078: checking for unistd.h
configure:16078: result: yes
configure:16084: checking sys/soundcard.h usability
configure:16084: g++ -c -g -O2 -Wall -Wno-non-virtual-dtor  conftest.cpp >&5
conftest.cpp:58:27: fatal error: sys/soundcard.h: No such file or directory
 #include <sys/soundcard.h>
                           ^
compilation terminated.
configure:16084: $? = 1
configure: failed program was:
| /* confdefs.h */
| #define PACKAGE_NAME "audiere"
| #define PACKAGE_TARNAME "audiere"
| #define PACKAGE_VERSION "1.9.5"
| #define PACKAGE_STRING "audiere 1.9.5"
| #define PACKAGE_BUGREPORT ""
| #define PACKAGE_URL ""
| #define PACKAGE "audiere"
| #define VERSION "1.9.5"
| #define STDC_HEADERS 1
| #define HAVE_SYS_TYPES_H 1
| #define HAVE_SYS_STAT_H 1
| #define HAVE_STDLIB_H 1
| #define HAVE_STRING_H 1
| #define HAVE_MEMORY_H 1
| #define HAVE_STRINGS_H 1
| #define HAVE_INTTYPES_H 1
| #define HAVE_STDINT_H 1
| #define HAVE_UNISTD_H 1
| #define LT_OBJDIR ".libs/"
| #define NO_FLAC 1
| #define NO_DUMB 1
| #define STDC_HEADERS 1
| /* end confdefs.h.  */
| #include <stdio.h>
| #ifdef HAVE_SYS_TYPES_H
| # include <sys/types.h>
| #endif
| #ifdef HAVE_SYS_STAT_H
| # include <sys/stat.h>
| #endif
| #ifdef STDC_HEADERS
| # include <stdlib.h>
| # include <stddef.h>
| #else
| # ifdef HAVE_STDLIB_H
| #  include <stdlib.h>
| # endif
| #endif
| #ifdef HAVE_STRING_H
| # if !defined STDC_HEADERS && defined HAVE_MEMORY_H
| #  include <memory.h>
| # endif
| # include <string.h>
| #endif
| #ifdef HAVE_STRINGS_H
| # include <strings.h>
| #endif
| #ifdef HAVE_INTTYPES_H
| # include <inttypes.h>
| #endif
| #ifdef HAVE_STDINT_H
| # include <stdint.h>
| #endif
| #ifdef HAVE_UNISTD_H
| # include <unistd.h>
| #endif
| #include <sys/soundcard.h>
configure:16084: result: no
configure:16084: checking sys/soundcard.h presence
configure:16084: g++ -E  conftest.cpp
conftest.cpp:25:27: fatal error: sys/soundcard.h: No such file or directory
 #include <sys/soundcard.h>
                           ^
compilation terminated.
configure:16084: $? = 1
configure: failed program was:
| /* confdefs.h */
| #define PACKAGE_NAME "audiere"
| #define PACKAGE_TARNAME "audiere"
| #define PACKAGE_VERSION "1.9.5"
| #define PACKAGE_STRING "audiere 1.9.5"
| #define PACKAGE_BUGREPORT ""
| #define PACKAGE_URL ""
| #define PACKAGE "audiere"
| #define VERSION "1.9.5"
| #define STDC_HEADERS 1
| #define HAVE_SYS_TYPES_H 1
| #define HAVE_SYS_STAT_H 1
| #define HAVE_STDLIB_H 1
| #define HAVE_STRING_H 1
| #define HAVE_MEMORY_H 1
| #define HAVE_STRINGS_H 1
| #define HAVE_INTTYPES_H 1
| #define HAVE_STDINT_H 1
| #define HAVE_UNISTD_H 1
| #define LT_OBJDIR ".libs/"
| #define NO_FLAC 1
| #define NO_DUMB 1
| #define STDC_HEADERS 1
| /* end confdefs.h.  */
| #include <sys/soundcard.h>
configure:16084: result: no
configure:16084: checking for sys/soundcard.h
configure:16084: result: no
configure:16101: checking vorbis/vorbisfile.h usability
configure:16101: g++ -c -g -O2 -Wall -Wno-non-virtual-dtor  conftest.cpp >&5
configure:16101: $? = 0
configure:16101: result: yes
configure:16101: checking vorbis/vorbisfile.h presence
configure:16101: g++ -E  conftest.cpp
configure:16101: $? = 0
configure:16101: result: yes
configure:16101: checking for vorbis/vorbisfile.h
configure:16101: result: yes
configure:16128: checking speex.h usability
configure:16128: g++ -c -g -O2 -Wall -Wno-non-virtual-dtor  conftest.cpp >&5
conftest.cpp:58:19: fatal error: speex.h: No such file or directory
 #include <speex.h>
                   ^
compilation terminated.
configure:16128: $? = 1
configure: failed program was:
| /* confdefs.h */
| #define PACKAGE_NAME "audiere"
| #define PACKAGE_TARNAME "audiere"
| #define PACKAGE_VERSION "1.9.5"
| #define PACKAGE_STRING "audiere 1.9.5"
| #define PACKAGE_BUGREPORT ""
| #define PACKAGE_URL ""
| #define PACKAGE "audiere"
| #define VERSION "1.9.5"
| #define STDC_HEADERS 1
| #define HAVE_SYS_TYPES_H 1
| #define HAVE_SYS_STAT_H 1
| #define HAVE_STDLIB_H 1
| #define HAVE_STRING_H 1
| #define HAVE_MEMORY_H 1
| #define HAVE_STRINGS_H 1
| #define HAVE_INTTYPES_H 1
| #define HAVE_STDINT_H 1
| #define HAVE_UNISTD_H 1
| #define LT_OBJDIR ".libs/"
| #define NO_FLAC 1
| #define NO_DUMB 1
| #define STDC_HEADERS 1
| /* end confdefs.h.  */
| #include <stdio.h>
| #ifdef HAVE_SYS_TYPES_H
| # include <sys/types.h>
| #endif
| #ifdef HAVE_SYS_STAT_H
| # include <sys/stat.h>
| #endif
| #ifdef STDC_HEADERS
| # include <stdlib.h>
| # include <stddef.h>
| #else
| # ifdef HAVE_STDLIB_H
| #  include <stdlib.h>
| # endif
| #endif
| #ifdef HAVE_STRING_H
| # if !defined STDC_HEADERS && defined HAVE_MEMORY_H
| #  include <memory.h>
| # endif
| # include <string.h>
| #endif
| #ifdef HAVE_STRINGS_H
| # include <strings.h>
| #endif
| #ifdef HAVE_INTTYPES_H
| # include <inttypes.h>
| #endif
| #ifdef HAVE_STDINT_H
| # include <stdint.h>
| #endif
| #ifdef HAVE_UNISTD_H
| # include <unistd.h>
| #endif
| #include <speex.h>
configure:16128: result: no
configure:16128: checking speex.h presence
configure:16128: g++ -E  conftest.cpp
conftest.cpp:25:19: fatal error: speex.h: No such file or directory
 #include <speex.h>
                   ^
compilation terminated.
configure:16128: $? = 1
configure: failed program was:
| /* confdefs.h */
| #define PACKAGE_NAME "audiere"
| #define PACKAGE_TARNAME "audiere"
| #define PACKAGE_VERSION "1.9.5"
| #define PACKAGE_STRING "audiere 1.9.5"
| #define PACKAGE_BUGREPORT ""
| #define PACKAGE_URL ""
| #define PACKAGE "audiere"
| #define VERSION "1.9.5"
| #define STDC_HEADERS 1
| #define HAVE_SYS_TYPES_H 1
| #define HAVE_SYS_STAT_H 1
| #define HAVE_STDLIB_H 1
| #define HAVE_STRING_H 1
| #define HAVE_MEMORY_H 1
| #define HAVE_STRINGS_H 1
| #define HAVE_INTTYPES_H 1
| #define HAVE_STDINT_H 1
| #define HAVE_UNISTD_H 1
| #define LT_OBJDIR ".libs/"
| #define NO_FLAC 1
| #define NO_DUMB 1
| #define STDC_HEADERS 1
| /* end confdefs.h.  */
| #include <speex.h>
configure:16128: result: no
configure:16128: checking for speex.h
configure:16128: result: no
configure:16136: WARNING: Could not find speex header.  You do not appear to have libspeex installed.
Get libspeex from http://www.speex.org/
configure:16139: WARNING: Disabling speex support.
configure:16155: checking dsound.h usability
configure:16155: g++ -c -g -O2 -Wall -Wno-non-virtual-dtor  conftest.cpp >&5
configure:16155: $? = 0
configure:16155: result: yes
configure:16155: checking dsound.h presence
configure:16155: g++ -E  conftest.cpp
configure:16155: $? = 0
configure:16155: result: yes
configure:16155: checking for dsound.h
configure:16155: result: yes
configure:16174: checking for mmsystem.h
configure:16174: g++ -c -g -O2 -Wall -Wno-non-virtual-dtor  conftest.cpp >&5
configure:16174: $? = 0
configure:16174: result: yes
configure:16196: checking whether byte ordering is bigendian
configure:16211: g++ -c -g -O2 -Wall -Wno-non-virtual-dtor  conftest.cpp >&5
conftest.cpp:29:9: error: expected unqualified-id before 'not' token
         not a universal capable compiler
         ^
configure:16211: $? = 1
configure: failed program was:
| /* confdefs.h */
| #define PACKAGE_NAME "audiere"
| #define PACKAGE_TARNAME "audiere"
| #define PACKAGE_VERSION "1.9.5"
| #define PACKAGE_STRING "audiere 1.9.5"
| #define PACKAGE_BUGREPORT ""
| #define PACKAGE_URL ""
| #define PACKAGE "audiere"
| #define VERSION "1.9.5"
| #define STDC_HEADERS 1
| #define HAVE_SYS_TYPES_H 1
| #define HAVE_SYS_STAT_H 1
| #define HAVE_STDLIB_H 1
| #define HAVE_STRING_H 1
| #define HAVE_MEMORY_H 1
| #define HAVE_STRINGS_H 1
| #define HAVE_INTTYPES_H 1
| #define HAVE_STDINT_H 1
| #define HAVE_UNISTD_H 1
| #define LT_OBJDIR ".libs/"
| #define NO_FLAC 1
| #define NO_DUMB 1
| #define STDC_HEADERS 1
| #define NO_SPEEX 1
| #define HAVE_DSOUND 1
| #define HAVE_WINMM 1
| /* end confdefs.h.  */
| #ifndef __APPLE_CC__
| 	       not a universal capable compiler
| 	     #endif
| 	     typedef int dummy;
| 
configure:16256: g++ -c -g -O2 -Wall -Wno-non-virtual-dtor  conftest.cpp >&5
configure:16256: $? = 0
configure:16274: g++ -c -g -O2 -Wall -Wno-non-virtual-dtor  conftest.cpp >&5
conftest.cpp: In function 'int main()':
conftest.cpp:35:8: error: 'big' was not declared in this scope
    not big endian
        ^
conftest.cpp:35:12: error: expected ';' before 'endian'
    not big endian
            ^
configure:16274: $? = 1
configure: failed program was:
| /* confdefs.h */
| #define PACKAGE_NAME "audiere"
| #define PACKAGE_TARNAME "audiere"
| #define PACKAGE_VERSION "1.9.5"
| #define PACKAGE_STRING "audiere 1.9.5"
| #define PACKAGE_BUGREPORT ""
| #define PACKAGE_URL ""
| #define PACKAGE "audiere"
| #define VERSION "1.9.5"
| #define STDC_HEADERS 1
| #define HAVE_SYS_TYPES_H 1
| #define HAVE_SYS_STAT_H 1
| #define HAVE_STDLIB_H 1
| #define HAVE_STRING_H 1
| #define HAVE_MEMORY_H 1
| #define HAVE_STRINGS_H 1
| #define HAVE_INTTYPES_H 1
| #define HAVE_STDINT_H 1
| #define HAVE_UNISTD_H 1
| #define LT_OBJDIR ".libs/"
| #define NO_FLAC 1
| #define NO_DUMB 1
| #define STDC_HEADERS 1
| #define NO_SPEEX 1
| #define HAVE_DSOUND 1
| #define HAVE_WINMM 1
| /* end confdefs.h.  */
| #include <sys/types.h>
| 		#include <sys/param.h>
| 
| int
| main ()
| {
| #if BYTE_ORDER != BIG_ENDIAN
| 		 not big endian
| 		#endif
| 
|   ;
|   return 0;
| }
configure:16402: result: no
configure:16573: checking that generated files are newer than configure
configure:16579: result: done
configure:16647: creating ./config.status

## ---------------------- ##
## Running config.status. ##
## ---------------------- ##

This file was extended by audiere config.status 1.9.5, which was
generated by GNU Autoconf 2.69.  Invocation command line was

  CONFIG_FILES    = 
  CONFIG_HEADERS  = 
  CONFIG_LINKS    = 
  CONFIG_COMMANDS = 
  $ ./config.status 

on Utilisateur-PC

config.status:1129: creating audiere-config
config.status:1129: creating Makefile
config.status:1129: creating doc/Makefile
config.status:1129: creating examples/Makefile
config.status:1129: creating examples/simple/Makefile
config.status:1129: creating examples/wxPlayer/Makefile
config.status:1129: creating src/Makefile
config.status:1129: creating src/mpaudec/Makefile
config.status:1129: creating test/Makefile
config.status:1129: creating test/buffer/Makefile
config.status:1129: creating test/callback/Makefile
config.status:1129: creating test/device/Makefile
config.status:1129: creating test/formats/Makefile
config.status:1129: creating test/interactive/Makefile
config.status:1129: creating test/performance/Makefile
config.status:1301: executing depfiles commands
config.status:1301: executing libtool commands
config.status:1301: executing default commands

## ---------------- ##
## Cache variables. ##
## ---------------- ##

ac_cv_build=i686-pc-mingw32
ac_cv_c_bigendian=no
ac_cv_c_compiler_gnu=yes
ac_cv_cxx_compiler_gnu=yes
ac_cv_env_CCC_set=
ac_cv_env_CCC_value=
ac_cv_env_CC_set=
ac_cv_env_CC_value=
ac_cv_env_CFLAGS_set=
ac_cv_env_CFLAGS_value=
ac_cv_env_CPPFLAGS_set=
ac_cv_env_CPPFLAGS_value=
ac_cv_env_CPP_set=
ac_cv_env_CPP_value=
ac_cv_env_CXXCPP_set=
ac_cv_env_CXXCPP_value=
ac_cv_env_CXXFLAGS_set=
ac_cv_env_CXXFLAGS_value=
ac_cv_env_CXX_set=
ac_cv_env_CXX_value=
ac_cv_env_LDFLAGS_set=
ac_cv_env_LDFLAGS_value=
ac_cv_env_LIBS_set=
ac_cv_env_LIBS_value=
ac_cv_env_build_alias_set=
ac_cv_env_build_alias_value=
ac_cv_env_host_alias_set=
ac_cv_env_host_alias_value=
ac_cv_env_target_alias_set=
ac_cv_env_target_alias_value=
ac_cv_exeext=.exe
ac_cv_header_dlfcn_h=no
ac_cv_header_dsound_h=yes
ac_cv_header_inttypes_h=yes
ac_cv_header_memory_h=yes
ac_cv_header_mmsystem_h=yes
ac_cv_header_speex_h=no
ac_cv_header_stdc=yes
ac_cv_header_stdint_h=yes
ac_cv_header_stdlib_h=yes
ac_cv_header_string_h=yes
ac_cv_header_strings_h=yes
ac_cv_header_sys_soundcard_h=no
ac_cv_header_sys_stat_h=yes
ac_cv_header_sys_types_h=yes
ac_cv_header_unistd_h=yes
ac_cv_header_vorbis_vorbisfile_h=yes
ac_cv_host=i686-pc-mingw32
ac_cv_lib_FLAC_FLAC__seekable_stream_decoder_process_single=no
ac_cv_lib_audio_alNewConfig=no
ac_cv_lib_cdaudio_cd_init_device=no
ac_cv_lib_dumb_duh_start_renderer=no
ac_cv_lib_pthread_pthread_create=yes
ac_cv_objext=o
ac_cv_path_EGREP='/bin/grep -E'
ac_cv_path_FGREP='/bin/grep -F'
ac_cv_path_GREP=/bin/grep
ac_cv_path_SED=/bin/sed
ac_cv_path_WX_CONFIG=no
ac_cv_path_install='/bin/install -c'
ac_cv_path_mkdir=/bin/mkdir
ac_cv_prog_AWK=gawk
ac_cv_prog_CPP='gcc -E'
ac_cv_prog_CXXCPP='g++ -E'
ac_cv_prog_ac_ct_AR=ar
ac_cv_prog_ac_ct_CC=gcc
ac_cv_prog_ac_ct_CXX=g++
ac_cv_prog_ac_ct_DLLTOOL=dlltool
ac_cv_prog_ac_ct_OBJDUMP=objdump
ac_cv_prog_ac_ct_RANLIB=ranlib
ac_cv_prog_ac_ct_STRIP=strip
ac_cv_prog_cc_c89=
ac_cv_prog_cc_g=yes
ac_cv_prog_cxx_g=yes
ac_cv_prog_make_make_set=yes
ac_cv_search_clock_gettime=no
ac_cv_target=i686-pc-mingw32
am_cv_CC_dependencies_compiler_type=gcc3
am_cv_CXX_dependencies_compiler_type=gcc3
am_cv_make_support_nested_variables=yes
am_cv_prog_cc_c_o=yes
lt_cv_ar_at_file=@
lt_cv_archive_cmds_need_lc=yes
lt_cv_deplibs_check_method='file_magic ^x86 archive import|^x86 DLL'
lt_cv_file_magic_cmd=func_win32_libid
lt_cv_file_magic_test_file=
lt_cv_ld_reload_flag=-r
lt_cv_nm_interface='BSD nm'
lt_cv_objdir=.libs
lt_cv_path_LD=c:/mingw/mingw32/bin/ld.exe
lt_cv_path_LDCXX=c:/mingw/mingw32/bin/ld.exe
lt_cv_path_NM=/c/MinGW/bin/nm
lt_cv_path_mainfest_tool=no
lt_cv_prog_compiler_c_o=yes
lt_cv_prog_compiler_c_o_CXX=yes
lt_cv_prog_compiler_pic='-DDLL_EXPORT -DPIC'
lt_cv_prog_compiler_pic_CXX='-DDLL_EXPORT -DPIC'
lt_cv_prog_compiler_pic_works=yes
lt_cv_prog_compiler_pic_works_CXX=yes
lt_cv_prog_compiler_rtti_exceptions=no
lt_cv_prog_compiler_static_works=yes
lt_cv_prog_compiler_static_works_CXX=yes
lt_cv_prog_gnu_ld=yes
lt_cv_prog_gnu_ldcxx=yes
lt_cv_sharedlib_from_linklib_cmd=func_cygming_dll_for_implib
lt_cv_sys_global_symbol_pipe='sed -n -e '\''s/^.*[	 ]\([ABCDGIRSTW][ABCDGIRSTW]*\)[	 ][	 ]*_\([_A-Za-z][_A-Za-z0-9]*\)\{0,1\}$/\1 _\2 \2/p'\'' | sed '\''/ __gnu_lto/d'\'''
lt_cv_sys_global_symbol_to_c_name_address='sed -n -e '\''s/^: \([^ ]*\)[ ]*$/  {\"\1\", (void *) 0},/p'\'' -e '\''s/^[ABCDGIRSTW]* \([^ ]*\) \([^ ]*\)$/  {"\2", (void *) \&\2},/p'\'''
lt_cv_sys_global_symbol_to_c_name_address_lib_prefix='sed -n -e '\''s/^: \([^ ]*\)[ ]*$/  {\"\1\", (void *) 0},/p'\'' -e '\''s/^[ABCDGIRSTW]* \([^ ]*\) \(lib[^ ]*\)$/  {"\2", (void *) \&\2},/p'\'' -e '\''s/^[ABCDGIRSTW]* \([^ ]*\) \([^ ]*\)$/  {"lib\2", (void *) \&\2},/p'\'''
lt_cv_sys_global_symbol_to_cdecl='sed -n -e '\''s/^T .* \(.*\)$/extern int \1();/p'\'' -e '\''s/^[ABCDGIRSTW]* .* \(.*\)$/extern char \1;/p'\'''
lt_cv_sys_max_cmd_len=8192
lt_cv_to_host_file_cmd=func_convert_file_msys_to_w32
lt_cv_to_tool_file_cmd=func_convert_file_msys_to_w32

## ----------------- ##
## Output variables. ##
## ----------------- ##

ACLOCAL='${SHELL} /c/Users/bibi/Documents/GitHub/whitecatlib/lib/libsource/audiere-1.9.5/missing aclocal-1.14'
AMDEPBACKSLASH='\'
AMDEP_FALSE='#'
AMDEP_TRUE=''
AMTAR='$${TAR-tar}'
AM_BACKSLASH='\'
AM_DEFAULT_V='$(AM_DEFAULT_VERBOSITY)'
AM_DEFAULT_VERBOSITY='1'
AM_V='$(V)'
AR='ar'
AUTOCONF='${SHELL} /c/Users/bibi/Documents/GitHub/whitecatlib/lib/libsource/audiere-1.9.5/missing autoconf'
AUTOHEADER='${SHELL} /c/Users/bibi/Documents/GitHub/whitecatlib/lib/libsource/audiere-1.9.5/missing autoheader'
AUTOMAKE='${SHELL} /c/Users/bibi/Documents/GitHub/whitecatlib/lib/libsource/audiere-1.9.5/missing automake-1.14'
AWK='gawk'
CC='gcc'
CCDEPMODE='depmode=gcc3'
CFLAGS='-g -O2 -Wall -Wno-non-virtual-dtor'
CPP='gcc -E'
CPPFLAGS=''
CXX='g++'
CXXCPP='g++ -E'
CXXDEPMODE='depmode=gcc3'
CXXFLAGS='-g -O2 -Wall -Wno-non-virtual-dtor'
CYGPATH_W='echo'
DEFS='-DPACKAGE_NAME=\"audiere\" -DPACKAGE_TARNAME=\"audiere\" -DPACKAGE_VERSION=\"1.9.5\" -DPACKAGE_STRING=\"audiere\ 1.9.5\" -DPACKAGE_BUGREPORT=\"\" -DPACKAGE_URL=\"\" -DPACKAGE=\"audiere\" -DVERSION=\"1.9.5\" -DSTDC_HEADERS=1 -DHAVE_SYS_TYPES_H=1 -DHAVE_SYS_STAT_H=1 -DHAVE_STDLIB_H=1 -DHAVE_STRING_H=1 -DHAVE_MEMORY_H=1 -DHAVE_STRINGS_H=1 -DHAVE_INTTYPES_H=1 -DHAVE_STDINT_H=1 -DHAVE_UNISTD_H=1 -DLT_OBJDIR=\".libs/\" -DNO_FLAC=1 -DNO_DUMB=1 -DSTDC_HEADERS=1 -DNO_SPEEX=1 -DHAVE_DSOUND=1 -DHAVE_WINMM=1'
DEPDIR='.deps'
DLLTOOL='dlltool'
DSYMUTIL=''
DUMPBIN=''
ECHO_C=''
ECHO_N='-n'
ECHO_T=''
EGREP='/bin/grep -E'
EXEEXT='.exe'
EXTRA_LIBS='-lwinmm -ldsound -lole32 -lrpcrt4 -lvorbisfile -lvorbis -logg -lpthread '
FGREP='/bin/grep -F'
GREP='/bin/grep'
HAVE_AL_FALSE=''
HAVE_AL_TRUE='#'
HAVE_DSOUND_FALSE='#'
HAVE_DSOUND_TRUE=''
HAVE_DUMB_FALSE=''
HAVE_DUMB_TRUE='#'
HAVE_FLAC_FALSE=''
HAVE_FLAC_TRUE='#'
HAVE_LIBCDAUDIO_FALSE=''
HAVE_LIBCDAUDIO_TRUE='#'
HAVE_OGG_FALSE='#'
HAVE_OGG_TRUE=''
HAVE_OSS_FALSE=''
HAVE_OSS_TRUE='#'
HAVE_SPEEX_FALSE=''
HAVE_SPEEX_TRUE='#'
HAVE_WINMM_FALSE='#'
HAVE_WINMM_TRUE=''
HAVE_WXWINDOWS_FALSE=''
HAVE_WXWINDOWS_TRUE='#'
INSTALL_DATA='${INSTALL} -m 644'
INSTALL_PROGRAM='${INSTALL}'
INSTALL_SCRIPT='${INSTALL}'
INSTALL_STRIP_PROGRAM='$(install_sh) -c -s'
LD='c:/mingw/mingw32/bin/ld.exe'
LDFLAGS=''
LIBOBJS=''
LIBS='-lwinmm -ldsound -lole32 -lrpcrt4 -lvorbisfile -lvorbis -logg -lpthread '
LIBTOOL='$(SHELL) $(top_builddir)/libtool'
LIPO=''
LN_S='cp -pR'
LTLIBOBJS=''
MAKEINFO='${SHELL} /c/Users/bibi/Documents/GitHub/whitecatlib/lib/libsource/audiere-1.9.5/missing makeinfo'
MANIFEST_TOOL=':'
MKDIR_P='/bin/mkdir -p'
NM='/c/MinGW/bin/nm'
NMEDIT=''
OBJDUMP='objdump'
OBJEXT='o'
OTOOL64=''
OTOOL=''
PACKAGE='audiere'
PACKAGE_BUGREPORT=''
PACKAGE_NAME='audiere'
PACKAGE_STRING='audiere 1.9.5'
PACKAGE_TARNAME='audiere'
PACKAGE_URL=''
PACKAGE_VERSION='1.9.5'
PATH_SEPARATOR=':'
RANLIB='ranlib'
SED='/bin/sed'
SET_MAKE=''
SHELL='/bin/sh'
STRIP='strip'
VERSION='1.9.5'
WORDS_BIGENDIAN=''
WX_CONFIG='no'
WX_CPPFLAGS=''
WX_LIBS=''
ac_ct_AR='ar'
ac_ct_CC='gcc'
ac_ct_CXX='g++'
ac_ct_DUMPBIN=''
am__EXEEXT_FALSE='#'
am__EXEEXT_TRUE=''
am__fastdepCC_FALSE='#'
am__fastdepCC_TRUE=''
am__fastdepCXX_FALSE='#'
am__fastdepCXX_TRUE=''
am__include='include'
am__isrc=''
am__leading_dot='.'
am__nodep='_no'
am__quote=''
am__tar='$${TAR-tar} chof - "$$tardir"'
am__untar='$${TAR-tar} xf -'
bindir='${exec_prefix}/bin'
build='i686-pc-mingw32'
build_alias=''
build_cpu='i686'
build_os='mingw32'
build_vendor='pc'
datadir='${datarootdir}'
datarootdir='${prefix}/share'
docdir='${datarootdir}/doc/${PACKAGE_TARNAME}'
dvidir='${docdir}'
exec_prefix='${prefix}'
host='i686-pc-mingw32'
host_alias=''
host_cpu='i686'
host_os='mingw32'
host_vendor='pc'
htmldir='${docdir}'
includedir='${prefix}/include'
infodir='${datarootdir}/info'
install_sh='${SHELL} /c/Users/bibi/Documents/GitHub/whitecatlib/lib/libsource/audiere-1.9.5/install-sh'
libdir='${exec_prefix}/lib'
libexecdir='${exec_prefix}/libexec'
localedir='${datarootdir}/locale'
localstatedir='${prefix}/var'
mandir='${datarootdir}/man'
mkdir_p='$(MKDIR_P)'
oldincludedir='/usr/include'
pdfdir='${docdir}'
prefix='/c/mingw'
program_transform_name='s,x,x,'
psdir='${docdir}'
sbindir='${exec_prefix}/sbin'
sharedstatedir='${prefix}/com'
sysconfdir='${prefix}/etc'
target='i686-pc-mingw32'
target_alias=''
target_cpu='i686'
target_os='mingw32'
target_vendor='pc'

## ----------- ##
## confdefs.h. ##
## ----------- ##

/* confdefs.h */
#define PACKAGE_NAME "audiere"
#define PACKAGE_TARNAME "audiere"
#define PACKAGE_VERSION "1.9.5"
#define PACKAGE_STRING "audiere 1.9.5"
#define PACKAGE_BUGREPORT ""
#define PACKAGE_URL ""
#define PACKAGE "audiere"
#define VERSION "1.9.5"
#define STDC_HEADERS 1
#define HAVE_SYS_TYPES_H 1
#define HAVE_SYS_STAT_H 1
#define HAVE_STDLIB_H 1
#define HAVE_STRING_H 1
#define HAVE_MEMORY_H 1
#define HAVE_STRINGS_H 1
#define HAVE_INTTYPES_H 1
#define HAVE_STDINT_H 1
#define HAVE_UNISTD_H 1
#define LT_OBJDIR ".libs/"
#define NO_FLAC 1
#define NO_DUMB 1
#define STDC_HEADERS 1
#define NO_SPEEX 1
#define HAVE_DSOUND 1
#define HAVE_WINMM 1

configure: exit 0
